Log rotated: /home/shanta/PycharmProjects/comserv2/Comserv/script/../logs/archive/application.log_20250826_075936
debug: [2025-08-26 07:59:36] [/home/shanta/PycharmProjects/comserv2/Comserv/script/../lib/Comserv/Controller/Documentation.pm:972] _format_title - Formatted title result: Documentation Workflow
debug: [2025-08-26 07:59:36] [/home/shanta/PycharmProjects/comserv2/Comserv/script/../lib/Comserv/Controller/Documentation.pm:948] _format_title - Formatting title from: documentation_workflow
debug: [2025-08-26 07:59:36] [/home/shanta/PycharmProjects/comserv2/Comserv/script/../lib/Comserv/Controller/Documentation.pm:972] _format_title - Formatted title result: Documentation Workflow
debug: [2025-08-26 07:59:36] [/home/shanta/PycharmProjects/comserv2/Comserv/script/../lib/Comserv/Controller/Documentation.pm:948] _format_title - Formatting title from: DocumentManagement
debug: [2025-08-26 07:59:36] [/home/shanta/PycharmProjects/comserv2/Comserv/script/../lib/Comserv/Controller/Documentation.pm:972] _format_title - Formatted title result: DocumentManagement
debug: [2025-08-26 07:59:36] [/home/shanta/PycharmProjects/comserv2/Comserv/script/../lib/Comserv/Controller/Documentation.pm:948] _format_title - Formatting title from: domain_sync
debug: [2025-08-26 07:59:36] [/home/shanta/PycharmProjects/comserv2/Comserv/script/../lib/Comserv/Controller/Documentation.pm:972] _format_title - Formatted title result: Domain Sync
debug: [2025-08-26 07:59:36] [/home/shanta/PycharmProjects/comserv2/Comserv/script/../lib/Comserv/Controller/Documentation.pm:948] _format_title - Formatting title from: domain_sync_feature
debug: [2025-08-26 07:59:36] [/home/shanta/PycharmProjects/comserv2/Comserv/script/../lib/Comserv/Controller/Documentation.pm:972] _format_title - Formatted title result: Domain Sync Feature
debug: [2025-08-26 07:59:36] [/home/shanta/PycharmProjects/comserv2/Comserv/script/../lib/Comserv/Controller/Documentation.pm:948] _format_title - Formatting title from: ENCY
debug: [2025-08-26 07:59:36] [/home/shanta/PycharmProjects/comserv2/Comserv/script/../lib/Comserv/Controller/Documentation.pm:972] _format_title - Formatted title result: ENCY
debug: [2025-08-26 07:59:36] [/home/shanta/PycharmProjects/comserv2/Comserv/script/../lib/Comserv/Controller/Documentation.pm:948] _format_title - Formatting title from: ENCYController
debug: [2025-08-26 07:59:36] [/home/shanta/PycharmProjects/comserv2/Comserv/script/../lib/Comserv/Controller/Documentation.pm:972] _format_title - Formatted title result: ENCYController
debug: [2025-08-26 07:59:36] [/home/shanta/PycharmProjects/comserv2/Comserv/script/../lib/Comserv/Controller/Documentation.pm:948] _format_title - Formatting title from: ENCYModel
debug: [2025-08-26 07:59:36] [/home/shanta/PycharmProjects/comserv2/Comserv/script/../lib/Comserv/Controller/Documentation.pm:972] _format_title - Formatted title result: ENCYModel
debug: [2025-08-26 07:59:36] [/home/shanta/PycharmProjects/comserv2/Comserv/script/../lib/Comserv/Controller/Documentation.pm:948] _format_title - Formatting title from: enhanced_todo_navigation
debug: [2025-08-26 07:59:36] [/home/shanta/PycharmProjects/comserv2/Comserv/script/../lib/Comserv/Controller/Documentation.pm:972] _format_title - Formatted title result: Enhanced Todo Navigation
debug: [2025-08-26 07:59:36] [/home/shanta/PycharmProjects/comserv2/Comserv/script/../lib/Comserv/Controller/Documentation.pm:948] _format_title - Formatting title from: error
debug: [2025-08-26 07:59:36] [/home/shanta/PycharmProjects/comserv2/Comserv/script/../lib/Comserv/Controller/Documentation.pm:972] _format_title - Formatted title result: Error
debug: [2025-08-26 07:59:36] [/home/shanta/PycharmProjects/comserv2/Comserv/script/../lib/Comserv/Controller/Documentation.pm:948] _format_title - Formatting title from: FAQ
debug: [2025-08-26 07:59:36] [/home/shanta/PycharmProjects/comserv2/Comserv/script/../lib/Comserv/Controller/Documentation.pm:972] _format_title - Formatted title result: FAQ
debug: [2025-08-26 07:59:36] [/home/shanta/PycharmProjects/comserv2/Comserv/script/../lib/Comserv/Controller/Documentation.pm:948] _format_title - Formatting title from: Files
debug: [2025-08-26 07:59:36] [/home/shanta/PycharmProjects/comserv2/Comserv/script/../lib/Comserv/Controller/Documentation.pm:972] _format_title - Formatted title result: Files
debug: [2025-08-26 07:59:36] [/home/shanta/PycharmProjects/comserv2/Comserv/script/../lib/Comserv/Controller/Documentation.pm:948] _format_title - Formatting title from: fix_project_edit_button
debug: [2025-08-26 07:59:36] [/home/shanta/PycharmProjects/comserv2/Comserv/script/../lib/Comserv/Controller/Documentation.pm:972] _format_title - Formatted title result: Fix Project Edit Button
debug: [2025-08-26 07:59:36] [/home/shanta/PycharmProjects/comserv2/Comserv/script/../lib/Comserv/Controller/Documentation.pm:948] _format_title - Formatting title from: fix_project_edit_form
debug: [2025-08-26 07:59:36] [/home/shanta/PycharmProjects/comserv2/Comserv/script/../lib/Comserv/Controller/Documentation.pm:972] _format_title - Formatted title result: Fix Project Edit Form
debug: [2025-08-26 07:59:36] [/home/shanta/PycharmProjects/comserv2/Comserv/script/../lib/Comserv/Controller/Documentation.pm:948] _format_title - Formatting title from: fix_project_selection_todo_filtering
debug: [2025-08-26 07:59:36] [/home/shanta/PycharmProjects/comserv2/Comserv/script/../lib/Comserv/Controller/Documentation.pm:972] _format_title - Formatted title result: Fix Project Selection Todo Filtering
debug: [2025-08-26 07:59:36] [/home/shanta/PycharmProjects/comserv2/Comserv/script/../lib/Comserv/Controller/Documentation.pm:948] _format_title - Formatting title from: Forager
debug: [2025-08-26 07:59:36] [/home/shanta/PycharmProjects/comserv2/Comserv/script/../lib/Comserv/Controller/Documentation.pm:972] _format_title - Formatted title result: Forager
debug: [2025-08-26 07:59:36] [/home/shanta/PycharmProjects/comserv2/Comserv/script/../lib/Comserv/Controller/Documentation.pm:948] _format_title - Formatting title from: getting_started
debug: [2025-08-26 07:59:36] [/home/shanta/PycharmProjects/comserv2/Comserv/script/../lib/Comserv/Controller/Documentation.pm:972] _format_title - Formatted title result: Getting Started
debug: [2025-08-26 07:59:36] [/home/shanta/PycharmProjects/comserv2/Comserv/script/../lib/Comserv/Controller/Documentation.pm:948] _format_title - Formatting title from: Git
debug: [2025-08-26 07:59:36] [/home/shanta/PycharmProjects/comserv2/Comserv/script/../lib/Comserv/Controller/Documentation.pm:972] _format_title - Formatted title result: Git
debug: [2025-08-26 07:59:36] [/home/shanta/PycharmProjects/comserv2/Comserv/script/../lib/Comserv/Controller/Documentation.pm:948] _format_title - Formatting title from: git_merge_conflicts
debug: [2025-08-26 07:59:36] [/home/shanta/PycharmProjects/comserv2/Comserv/script/../lib/Comserv/Controller/Documentation.pm:972] _format_title - Formatted title result: Git Merge Conflicts
debug: [2025-08-26 07:59:36] [/home/shanta/PycharmProjects/comserv2/Comserv/script/../lib/Comserv/Controller/Documentation.pm:948] _format_title - Formatting title from: git_pull_guide
debug: [2025-08-26 07:59:36] [/home/shanta/PycharmProjects/comserv2/Comserv/script/../lib/Comserv/Controller/Documentation.pm:972] _format_title - Formatted title result: Git Pull Guide
debug: [2025-08-26 07:59:36] [/home/shanta/PycharmProjects/comserv2/Comserv/script/../lib/Comserv/Controller/Documentation.pm:948] _format_title - Formatting title from: guidelines
debug: [2025-08-26 07:59:36] [/home/shanta/PycharmProjects/comserv2/Comserv/script/../lib/Comserv/Controller/Documentation.pm:972] _format_title - Formatted title result: Guidelines
debug: [2025-08-26 07:59:36] [/home/shanta/PycharmProjects/comserv2/Comserv/script/../lib/Comserv/Controller/Documentation.pm:948] _format_title - Formatting title from: HelpDesk
debug: [2025-08-26 07:59:36] [/home/shanta/PycharmProjects/comserv2/Comserv/script/../lib/Comserv/Controller/Documentation.pm:972] _format_title - Formatted title result: HelpDesk
debug: [2025-08-26 07:59:36] [/home/shanta/PycharmProjects/comserv2/Comserv/script/../lib/Comserv/Controller/Documentation.pm:948] _format_title - Formatting title from: HelpDeskSystem
debug: [2025-08-26 07:59:36] [/home/shanta/PycharmProjects/comserv2/Comserv/script/../lib/Comserv/Controller/Documentation.pm:972] _format_title - Formatted title result: HelpDeskSystem
debug: [2025-08-26 07:59:36] [/home/shanta/PycharmProjects/comserv2/Comserv/script/../lib/Comserv/Controller/Documentation.pm:948] _format_title - Formatting title from: HostingSignup
debug: [2025-08-26 07:59:36] [/home/shanta/PycharmProjects/comserv2/Comserv/script/../lib/Comserv/Controller/Documentation.pm:972] _format_title - Formatted title result: HostingSignup
debug: [2025-08-26 07:59:36] [/home/shanta/PycharmProjects/comserv2/Comserv/script/../lib/Comserv/Controller/Documentation.pm:948] _format_title - Formatting title from: HostingSignup_Mail
debug: [2025-08-26 07:59:36] [/home/shanta/PycharmProjects/comserv2/Comserv/script/../lib/Comserv/Controller/Documentation.pm:972] _format_title - Formatted title result: HostingSignup Mail
debug: [2025-08-26 07:59:36] [/home/shanta/PycharmProjects/comserv2/Comserv/script/../lib/Comserv/Controller/Documentation.pm:948] _format_title - Formatting title from: index
debug: [2025-08-26 07:59:36] [/home/shanta/PycharmProjects/comserv2/Comserv/script/../lib/Comserv/Controller/Documentation.pm:972] _format_title - Formatted title result: Index
debug: [2025-08-26 07:59:36] [/home/shanta/PycharmProjects/comserv2/Comserv/script/../lib/Comserv/Controller/Documentation.pm:948] _format_title - Formatting title from: Installation
debug: [2025-08-26 07:59:36] [/home/shanta/PycharmProjects/comserv2/Comserv/script/../lib/Comserv/Controller/Documentation.pm:972] _format_title - Formatted title result: Installation
debug: [2025-08-26 07:59:36] [/home/shanta/PycharmProjects/comserv2/Comserv/script/../lib/Comserv/Controller/Documentation.pm:948] _format_title - Formatting title from: Inventory
debug: [2025-08-26 07:59:36] [/home/shanta/PycharmProjects/comserv2/Comserv/script/../lib/Comserv/Controller/Documentation.pm:972] _format_title - Formatted title result: Inventory
debug: [2025-08-26 07:59:36] [/home/shanta/PycharmProjects/comserv2/Comserv/script/../lib/Comserv/Controller/Documentation.pm:948] _format_title - Formatting title from: KVM_ISO_Transfer
debug: [2025-08-26 07:59:36] [/home/shanta/PycharmProjects/comserv2/Comserv/script/../lib/Comserv/Controller/Documentation.pm:972] _format_title - Formatted title result: KVM ISO Transfer
debug: [2025-08-26 07:59:36] [/home/shanta/PycharmProjects/comserv2/Comserv/script/../lib/Comserv/Controller/Documentation.pm:948] _format_title - Formatting title from: linux_commands
debug: [2025-08-26 07:59:36] [/home/shanta/PycharmProjects/comserv2/Comserv/script/../lib/Comserv/Controller/Documentation.pm:972] _format_title - Formatted title result: Linux Commands
debug: [2025-08-26 07:59:36] [/home/shanta/PycharmProjects/comserv2/Comserv/script/../lib/Comserv/Controller/Documentation.pm:948] _format_title - Formatting title from: linux_commands_reference
debug: [2025-08-26 07:59:36] [/home/shanta/PycharmProjects/comserv2/Comserv/script/../lib/Comserv/Controller/Documentation.pm:972] _format_title - Formatted title result: Linux Commands Reference
debug: [2025-08-26 07:59:36] [/home/shanta/PycharmProjects/comserv2/Comserv/script/../lib/Comserv/Controller/Documentation.pm:948] _format_title - Formatting title from: Logging
debug: [2025-08-26 07:59:36] [/home/shanta/PycharmProjects/comserv2/Comserv/script/../lib/Comserv/Controller/Documentation.pm:972] _format_title - Formatted title result: Logging
debug: [2025-08-26 07:59:36] [/home/shanta/PycharmProjects/comserv2/Comserv/script/../lib/Comserv/Controller/Documentation.pm:948] _format_title - Formatting title from: logging_best_practices
debug: [2025-08-26 07:59:36] [/home/shanta/PycharmProjects/comserv2/Comserv/script/../lib/Comserv/Controller/Documentation.pm:972] _format_title - Formatted title result: Logging Best Practices
debug: [2025-08-26 07:59:36] [/home/shanta/PycharmProjects/comserv2/Comserv/script/../lib/Comserv/Controller/Documentation.pm:948] _format_title - Formatting title from: Login
debug: [2025-08-26 07:59:36] [/home/shanta/PycharmProjects/comserv2/Comserv/script/../lib/Comserv/Controller/Documentation.pm:972] _format_title - Formatted title result: Login
debug: [2025-08-26 07:59:36] [/home/shanta/PycharmProjects/comserv2/Comserv/script/../lib/Comserv/Controller/Documentation.pm:948] _format_title - Formatting title from: login_authentication
debug: [2025-08-26 07:59:36] [/home/shanta/PycharmProjects/comserv2/Comserv/script/../lib/Comserv/Controller/Documentation.pm:972] _format_title - Formatted title result: Login Authentication
debug: [2025-08-26 07:59:36] [/home/shanta/PycharmProjects/comserv2/Comserv/script/../lib/Comserv/Controller/Documentation.pm:948] _format_title - Formatting title from: Mail
debug: [2025-08-26 07:59:36] [/home/shanta/PycharmProjects/comserv2/Comserv/script/../lib/Comserv/Controller/Documentation.pm:972] _format_title - Formatted title result: Mail
debug: [2025-08-26 07:59:36] [/home/shanta/PycharmProjects/comserv2/Comserv/script/../lib/Comserv/Controller/Documentation.pm:948] _format_title - Formatting title from: mail_admin_guide
debug: [2025-08-26 07:59:36] [/home/shanta/PycharmProjects/comserv2/Comserv/script/../lib/Comserv/Controller/Documentation.pm:972] _format_title - Formatted title result: Mail Admin Guide
debug: [2025-08-26 07:59:36] [/home/shanta/PycharmProjects/comserv2/Comserv/script/../lib/Comserv/Controller/Documentation.pm:948] _format_title - Formatting title from: mail_configuration_guide
debug: [2025-08-26 07:59:36] [/home/shanta/PycharmProjects/comserv2/Comserv/script/../lib/Comserv/Controller/Documentation.pm:972] _format_title - Formatted title result: Mail Configuration Guide
debug: [2025-08-26 07:59:36] [/home/shanta/PycharmProjects/comserv2/Comserv/script/../lib/Comserv/Controller/Documentation.pm:948] _format_title - Formatting title from: mail_documentation_update
debug: [2025-08-26 07:59:36] [/home/shanta/PycharmProjects/comserv2/Comserv/script/../lib/Comserv/Controller/Documentation.pm:972] _format_title - Formatted title result: Mail Documentation Update
debug: [2025-08-26 07:59:36] [/home/shanta/PycharmProjects/comserv2/Comserv/script/../lib/Comserv/Controller/Documentation.pm:948] _format_title - Formatting title from: mail_system
debug: [2025-08-26 07:59:36] [/home/shanta/PycharmProjects/comserv2/Comserv/script/../lib/Comserv/Controller/Documentation.pm:972] _format_title - Formatted title result: Mail System
debug: [2025-08-26 07:59:36] [/home/shanta/PycharmProjects/comserv2/Comserv/script/../lib/Comserv/Controller/Documentation.pm:948] _format_title - Formatting title from: mail_troubleshooting
debug: [2025-08-26 07:59:36] [/home/shanta/PycharmProjects/comserv2/Comserv/script/../lib/Comserv/Controller/Documentation.pm:972] _format_title - Formatted title result: Mail Troubleshooting
debug: [2025-08-26 07:59:36] [/home/shanta/PycharmProjects/comserv2/Comserv/script/../lib/Comserv/Controller/Documentation.pm:948] _format_title - Formatting title from: mail_user_guide
debug: [2025-08-26 07:59:36] [/home/shanta/PycharmProjects/comserv2/Comserv/script/../lib/Comserv/Controller/Documentation.pm:972] _format_title - Formatted title result: Mail User Guide
debug: [2025-08-26 07:59:36] [/home/shanta/PycharmProjects/comserv2/Comserv/script/../lib/Comserv/Controller/Documentation.pm:948] _format_title - Formatting title from: MailSystem
debug: [2025-08-26 07:59:36] [/home/shanta/PycharmProjects/comserv2/Comserv/script/../lib/Comserv/Controller/Documentation.pm:972] _format_title - Formatted title result: MailSystem
debug: [2025-08-26 07:59:36] [/home/shanta/PycharmProjects/comserv2/Comserv/script/../lib/Comserv/Controller/Documentation.pm:948] _format_title - Formatting title from: main_changelog
debug: [2025-08-26 07:59:36] [/home/shanta/PycharmProjects/comserv2/Comserv/script/../lib/Comserv/Controller/Documentation.pm:972] _format_title - Formatted title result: Main Changelog
debug: [2025-08-26 07:59:36] [/home/shanta/PycharmProjects/comserv2/Comserv/script/../lib/Comserv/Controller/Documentation.pm:948] _format_title - Formatting title from: markdown_viewer
debug: [2025-08-26 07:59:36] [/home/shanta/PycharmProjects/comserv2/Comserv/script/../lib/Comserv/Controller/Documentation.pm:972] _format_title - Formatted title result: Markdown Viewer
debug: [2025-08-26 07:59:36] [/home/shanta/PycharmProjects/comserv2/Comserv/script/../lib/Comserv/Controller/Documentation.pm:948] _format_title - Formatting title from: mcoop_getting_started
debug: [2025-08-26 07:59:36] [/home/shanta/PycharmProjects/comserv2/Comserv/script/../lib/Comserv/Controller/Documentation.pm:972] _format_title - Formatted title result: Mcoop Getting Started
debug: [2025-08-26 07:59:36] [/home/shanta/PycharmProjects/comserv2/Comserv/script/../lib/Comserv/Controller/Documentation.pm:948] _format_title - Formatting title from: mcoop_module
debug: [2025-08-26 07:59:36] [/home/shanta/PycharmProjects/comserv2/Comserv/script/../lib/Comserv/Controller/Documentation.pm:972] _format_title - Formatted title result: Mcoop Module
debug: [2025-08-26 07:59:36] [/home/shanta/PycharmProjects/comserv2/Comserv/script/../lib/Comserv/Controller/Documentation.pm:948] _format_title - Formatting title from: mcoop_user_guide
debug: [2025-08-26 07:59:36] [/home/shanta/PycharmProjects/comserv2/Comserv/script/../lib/Comserv/Controller/Documentation.pm:972] _format_title - Formatted title result: Mcoop User Guide
debug: [2025-08-26 07:59:36] [/home/shanta/PycharmProjects/comserv2/Comserv/script/../lib/Comserv/Controller/Documentation.pm:948] _format_title - Formatting title from: member_resources
debug: [2025-08-26 07:59:36] [/home/shanta/PycharmProjects/comserv2/Comserv/script/../lib/Comserv/Controller/Documentation.pm:972] _format_title - Formatted title result: Member Resources
debug: [2025-08-26 07:59:36] [/home/shanta/PycharmProjects/comserv2/Comserv/script/../lib/Comserv/Controller/Documentation.pm:948] _format_title - Formatting title from: menu_system
debug: [2025-08-26 07:59:36] [/home/shanta/PycharmProjects/comserv2/Comserv/script/../lib/Comserv/Controller/Documentation.pm:972] _format_title - Formatted title result: Menu System
debug: [2025-08-26 07:59:36] [/home/shanta/PycharmProjects/comserv2/Comserv/script/../lib/Comserv/Controller/Documentation.pm:948] _format_title - Formatting title from: menu_system_guide
debug: [2025-08-26 07:59:36] [/home/shanta/PycharmProjects/comserv2/Comserv/script/../lib/Comserv/Controller/Documentation.pm:972] _format_title - Formatted title result: Menu System Guide
debug: [2025-08-26 07:59:36] [/home/shanta/PycharmProjects/comserv2/Comserv/script/../lib/Comserv/Controller/Documentation.pm:948] _format_title - Formatting title from: model_list
debug: [2025-08-26 07:59:36] [/home/shanta/PycharmProjects/comserv2/Comserv/script/../lib/Comserv/Controller/Documentation.pm:972] _format_title - Formatted title result: Model List
debug: [2025-08-26 07:59:36] [/home/shanta/PycharmProjects/comserv2/Comserv/script/../lib/Comserv/Controller/Documentation.pm:948] _format_title - Formatting title from: models
debug: [2025-08-26 07:59:36] [/home/shanta/PycharmProjects/comserv2/Comserv/script/../lib/Comserv/Controller/Documentation.pm:972] _format_title - Formatted title result: Models
debug: [2025-08-26 07:59:36] [/home/shanta/PycharmProjects/comserv2/Comserv/script/../lib/Comserv/Controller/Documentation.pm:948] _format_title - Formatting title from: navigation_system
debug: [2025-08-26 07:59:36] [/home/shanta/PycharmProjects/comserv2/Comserv/script/../lib/Comserv/Controller/Documentation.pm:972] _format_title - Formatted title result: Navigation System
debug: [2025-08-26 07:59:36] [/home/shanta/PycharmProjects/comserv2/Comserv/script/../lib/Comserv/Controller/Documentation.pm:948] _format_title - Formatting title from: network_diagnostics
debug: [2025-08-26 07:59:36] [/home/shanta/PycharmProjects/comserv2/Comserv/script/../lib/Comserv/Controller/Documentation.pm:972] _format_title - Formatted title result: Network Diagnostics
debug: [2025-08-26 07:59:36] [/home/shanta/PycharmProjects/comserv2/Comserv/script/../lib/Comserv/Controller/Documentation.pm:948] _format_title - Formatting title from: network_map_json_storage
debug: [2025-08-26 07:59:36] [/home/shanta/PycharmProjects/comserv2/Comserv/script/../lib/Comserv/Controller/Documentation.pm:972] _format_title - Formatted title result: Network Map Json Storage
debug: [2025-08-26 07:59:36] [/home/shanta/PycharmProjects/comserv2/Comserv/script/../lib/Comserv/Controller/Documentation.pm:948] _format_title - Formatting title from: Overview
debug: [2025-08-26 07:59:36] [/home/shanta/PycharmProjects/comserv2/Comserv/script/../lib/Comserv/Controller/Documentation.pm:972] _format_title - Formatted title result: Overview
debug: [2025-08-26 07:59:36] [/home/shanta/PycharmProjects/comserv2/Comserv/script/../lib/Comserv/Controller/Documentation.pm:948] _format_title - Formatting title from: page_migration_guide
debug: [2025-08-26 07:59:36] [/home/shanta/PycharmProjects/comserv2/Comserv/script/../lib/Comserv/Controller/Documentation.pm:972] _format_title - Formatted title result: Page Migration Guide
debug: [2025-08-26 07:59:36] [/home/shanta/PycharmProjects/comserv2/Comserv/script/../lib/Comserv/Controller/Documentation.pm:948] _format_title - Formatting title from: Pages
debug: [2025-08-26 07:59:36] [/home/shanta/PycharmProjects/comserv2/Comserv/script/../lib/Comserv/Controller/Documentation.pm:972] _format_title - Formatted title result: Pages
debug: [2025-08-26 07:59:36] [/home/shanta/PycharmProjects/comserv2/Comserv/script/../lib/Comserv/Controller/Documentation.pm:948] _format_title - Formatting title from: project_management_system
debug: [2025-08-26 07:59:36] [/home/shanta/PycharmProjects/comserv2/Comserv/script/../lib/Comserv/Controller/Documentation.pm:972] _format_title - Formatted title result: Project Management System
debug: [2025-08-26 07:59:36] [/home/shanta/PycharmProjects/comserv2/Comserv/script/../lib/Comserv/Controller/Documentation.pm:948] _format_title - Formatting title from: project_selection_log_creation
debug: [2025-08-26 07:59:36] [/home/shanta/PycharmProjects/comserv2/Comserv/script/../lib/Comserv/Controller/Documentation.pm:972] _format_title - Formatted title result: Project Selection Log Creation
debug: [2025-08-26 07:59:36] [/home/shanta/PycharmProjects/comserv2/Comserv/script/../lib/Comserv/Controller/Documentation.pm:948] _format_title - Formatting title from: Projects
debug: [2025-08-26 07:59:36] [/home/shanta/PycharmProjects/comserv2/Comserv/script/../lib/Comserv/Controller/Documentation.pm:972] _format_title - Formatted title result: Projects
debug: [2025-08-26 07:59:36] [/home/shanta/PycharmProjects/comserv2/Comserv/script/../lib/Comserv/Controller/Documentation.pm:948] _format_title - Formatting title from: proxmox
debug: [2025-08-26 07:59:36] [/home/shanta/PycharmProjects/comserv2/Comserv/script/../lib/Comserv/Controller/Documentation.pm:972] _format_title - Formatted title result: Proxmox
debug: [2025-08-26 07:59:36] [/home/shanta/PycharmProjects/comserv2/Comserv/script/../lib/Comserv/Controller/Documentation.pm:948] _format_title - Formatting title from: Proxmox_CD_Visibility
debug: [2025-08-26 07:59:36] [/home/shanta/PycharmProjects/comserv2/Comserv/script/../lib/Comserv/Controller/Documentation.pm:972] _format_title - Formatted title result: Proxmox CD Visibility
debug: [2025-08-26 07:59:36] [/home/shanta/PycharmProjects/comserv2/Comserv/script/../lib/Comserv/Controller/Documentation.pm:948] _format_title - Formatting title from: proxmox_commands
debug: [2025-08-26 07:59:36] [/home/shanta/PycharmProjects/comserv2/Comserv/script/../lib/Comserv/Controller/Documentation.pm:972] _format_title - Formatted title result: Proxmox Commands
debug: [2025-08-26 07:59:36] [/home/shanta/PycharmProjects/comserv2/Comserv/script/../lib/Comserv/Controller/Documentation.pm:948] _format_title - Formatting title from: proxmox_integration
debug: [2025-08-26 07:59:36] [/home/shanta/PycharmProjects/comserv2/Comserv/script/../lib/Comserv/Controller/Documentation.pm:972] _format_title - Formatted title result: Proxmox Integration
debug: [2025-08-26 07:59:36] [/home/shanta/PycharmProjects/comserv2/Comserv/script/../lib/Comserv/Controller/Documentation.pm:948] _format_title - Formatting title from: proxy_troubleshooting
debug: [2025-08-26 07:59:36] [/home/shanta/PycharmProjects/comserv2/Comserv/script/../lib/Comserv/Controller/Documentation.pm:972] _format_title - Formatted title result: Proxy Troubleshooting
debug: [2025-08-26 07:59:36] [/home/shanta/PycharmProjects/comserv2/Comserv/script/../lib/Comserv/Controller/Documentation.pm:948] _format_title - Formatting title from: Queens
debug: [2025-08-26 07:59:36] [/home/shanta/PycharmProjects/comserv2/Comserv/script/../lib/Comserv/Controller/Documentation.pm:972] _format_title - Formatted title result: Queens
debug: [2025-08-26 07:59:36] [/home/shanta/PycharmProjects/comserv2/Comserv/script/../lib/Comserv/Controller/Documentation.pm:948] _format_title - Formatting title from: README
debug: [2025-08-26 07:59:36] [/home/shanta/PycharmProjects/comserv2/Comserv/script/../lib/Comserv/Controller/Documentation.pm:972] _format_title - Formatted title result: README
debug: [2025-08-26 07:59:36] [/home/shanta/PycharmProjects/comserv2/Comserv/script/../lib/Comserv/Controller/Documentation.pm:948] _format_title - Formatting title from: recent_updates
debug: [2025-08-26 07:59:36] [/home/shanta/PycharmProjects/comserv2/Comserv/script/../lib/Comserv/Controller/Documentation.pm:972] _format_title - Formatted title result: Recent Updates
debug: [2025-08-26 07:59:36] [/home/shanta/PycharmProjects/comserv2/Comserv/script/../lib/Comserv/Controller/Documentation.pm:948] _format_title - Formatting title from: RestartStarman
debug: [2025-08-26 07:59:36] [/home/shanta/PycharmProjects/comserv2/Comserv/script/../lib/Comserv/Controller/Documentation.pm:972] _format_title - Formatted title result: RestartStarman
debug: [2025-08-26 07:59:36] [/home/shanta/PycharmProjects/comserv2/Comserv/script/../lib/Comserv/Controller/Documentation.pm:948] _format_title - Formatting title from: Root
debug: [2025-08-26 07:59:36] [/home/shanta/PycharmProjects/comserv2/Comserv/script/../lib/Comserv/Controller/Documentation.pm:972] _format_title - Formatted title result: Root
debug: [2025-08-26 07:59:36] [/home/shanta/PycharmProjects/comserv2/Comserv/script/../lib/Comserv/Controller/Documentation.pm:948] _format_title - Formatting title from: Schema
debug: [2025-08-26 07:59:36] [/home/shanta/PycharmProjects/comserv2/Comserv/script/../lib/Comserv/Controller/Documentation.pm:972] _format_title - Formatted title result: Schema
debug: [2025-08-26 07:59:36] [/home/shanta/PycharmProjects/comserv2/Comserv/script/../lib/Comserv/Controller/Documentation.pm:948] _format_title - Formatting title from: sessionplan
debug: [2025-08-26 07:59:36] [/home/shanta/PycharmProjects/comserv2/Comserv/script/../lib/Comserv/Controller/Documentation.pm:972] _format_title - Formatted title result: Sessionplan
debug: [2025-08-26 07:59:36] [/home/shanta/PycharmProjects/comserv2/Comserv/script/../lib/Comserv/Controller/Documentation.pm:948] _format_title - Formatting title from: setup
debug: [2025-08-26 07:59:36] [/home/shanta/PycharmProjects/comserv2/Comserv/script/../lib/Comserv/Controller/Documentation.pm:972] _format_title - Formatted title result: Setup
debug: [2025-08-26 07:59:36] [/home/shanta/PycharmProjects/comserv2/Comserv/script/../lib/Comserv/Controller/Documentation.pm:948] _format_title - Formatting title from: setupcontorller
debug: [2025-08-26 07:59:36] [/home/shanta/PycharmProjects/comserv2/Comserv/script/../lib/Comserv/Controller/Documentation.pm:972] _format_title - Formatted title result: Setupcontorller
debug: [2025-08-26 07:59:36] [/home/shanta/PycharmProjects/comserv2/Comserv/script/../lib/Comserv/Controller/Documentation.pm:948] _format_title - Formatting title from: Site
debug: [2025-08-26 07:59:36] [/home/shanta/PycharmProjects/comserv2/Comserv/script/../lib/Comserv/Controller/Documentation.pm:972] _format_title - Formatted title result: Site
debug: [2025-08-26 07:59:36] [/home/shanta/PycharmProjects/comserv2/Comserv/script/../lib/Comserv/Controller/Documentation.pm:948] _format_title - Formatting title from: site_domain_resolution
debug: [2025-08-26 07:59:36] [/home/shanta/PycharmProjects/comserv2/Comserv/script/../lib/Comserv/Controller/Documentation.pm:972] _format_title - Formatted title result: Site Domain Resolution
debug: [2025-08-26 07:59:36] [/home/shanta/PycharmProjects/comserv2/Comserv/script/../lib/Comserv/Controller/Documentation.pm:948] _format_title - Formatting title from: site_guide
debug: [2025-08-26 07:59:36] [/home/shanta/PycharmProjects/comserv2/Comserv/script/../lib/Comserv/Controller/Documentation.pm:972] _format_title - Formatted title result: Site Guide
debug: [2025-08-26 07:59:36] [/home/shanta/PycharmProjects/comserv2/Comserv/script/../lib/Comserv/Controller/Documentation.pm:948] _format_title - Formatting title from: site_specific
debug: [2025-08-26 07:59:36] [/home/shanta/PycharmProjects/comserv2/Comserv/script/../lib/Comserv/Controller/Documentation.pm:972] _format_title - Formatted title result: Site Specific
debug: [2025-08-26 07:59:36] [/home/shanta/PycharmProjects/comserv2/Comserv/script/../lib/Comserv/Controller/Documentation.pm:948] _format_title - Formatting title from: Sites
debug: [2025-08-26 07:59:36] [/home/shanta/PycharmProjects/comserv2/Comserv/script/../lib/Comserv/Controller/Documentation.pm:972] _format_title - Formatted title result: Sites
debug: [2025-08-26 07:59:36] [/home/shanta/PycharmProjects/comserv2/Comserv/script/../lib/Comserv/Controller/Documentation.pm:948] _format_title - Formatting title from: Starman
debug: [2025-08-26 07:59:36] [/home/shanta/PycharmProjects/comserv2/Comserv/script/../lib/Comserv/Controller/Documentation.pm:972] _format_title - Formatted title result: Starman
debug: [2025-08-26 07:59:36] [/home/shanta/PycharmProjects/comserv2/Comserv/script/../lib/Comserv/Controller/Documentation.pm:948] _format_title - Formatting title from: starman_restart_card
debug: [2025-08-26 07:59:36] [/home/shanta/PycharmProjects/comserv2/Comserv/script/../lib/Comserv/Controller/Documentation.pm:972] _format_title - Formatted title result: Starman Restart Card
debug: [2025-08-26 07:59:36] [/home/shanta/PycharmProjects/comserv2/Comserv/script/../lib/Comserv/Controller/Documentation.pm:948] _format_title - Formatting title from: starman_restart_guide
debug: [2025-08-26 07:59:36] [/home/shanta/PycharmProjects/comserv2/Comserv/script/../lib/Comserv/Controller/Documentation.pm:972] _format_title - Formatted title result: Starman Restart Guide
debug: [2025-08-26 07:59:36] [/home/shanta/PycharmProjects/comserv2/Comserv/script/../lib/Comserv/Controller/Documentation.pm:948] _format_title - Formatting title from: system_info
debug: [2025-08-26 07:59:36] [/home/shanta/PycharmProjects/comserv2/Comserv/script/../lib/Comserv/Controller/Documentation.pm:972] _format_title - Formatted title result: System Info
debug: [2025-08-26 07:59:36] [/home/shanta/PycharmProjects/comserv2/Comserv/script/../lib/Comserv/Controller/Documentation.pm:948] _format_title - Formatting title from: system_overview
debug: [2025-08-26 07:59:36] [/home/shanta/PycharmProjects/comserv2/Comserv/script/../lib/Comserv/Controller/Documentation.pm:972] _format_title - Formatted title result: System Overview
debug: [2025-08-26 07:59:36] [/home/shanta/PycharmProjects/comserv2/Comserv/script/../lib/Comserv/Controller/Documentation.pm:948] _format_title - Formatting title from: template_system
debug: [2025-08-26 07:59:36] [/home/shanta/PycharmProjects/comserv2/Comserv/script/../lib/Comserv/Controller/Documentation.pm:972] _format_title - Formatted title result: Template System
debug: [2025-08-26 07:59:36] [/home/shanta/PycharmProjects/comserv2/Comserv/script/../lib/Comserv/Controller/Documentation.pm:948] _format_title - Formatting title from: templates
debug: [2025-08-26 07:59:36] [/home/shanta/PycharmProjects/comserv2/Comserv/script/../lib/Comserv/Controller/Documentation.pm:972] _format_title - Formatted title result: Templates
debug: [2025-08-26 07:59:36] [/home/shanta/PycharmProjects/comserv2/Comserv/script/../lib/Comserv/Controller/Documentation.pm:948] _format_title - Formatting title from: theme_mappings_handling
debug: [2025-08-26 07:59:36] [/home/shanta/PycharmProjects/comserv2/Comserv/script/../lib/Comserv/Controller/Documentation.pm:972] _format_title - Formatted title result: Theme Mappings Handling
debug: [2025-08-26 07:59:36] [/home/shanta/PycharmProjects/comserv2/Comserv/script/../lib/Comserv/Controller/Documentation.pm:948] _format_title - Formatting title from: theme_system
debug: [2025-08-26 07:59:36] [/home/shanta/PycharmProjects/comserv2/Comserv/script/../lib/Comserv/Controller/Documentation.pm:972] _format_title - Formatted title result: Theme System
debug: [2025-08-26 07:59:36] [/home/shanta/PycharmProjects/comserv2/Comserv/script/../lib/Comserv/Controller/Documentation.pm:948] _format_title - Formatting title from: ThemeConfig
debug: [2025-08-26 07:59:36] [/home/shanta/PycharmProjects/comserv2/Comserv/script/../lib/Comserv/Controller/Documentation.pm:972] _format_title - Formatted title result: ThemeConfig
debug: [2025-08-26 07:59:36] [/home/shanta/PycharmProjects/comserv2/Comserv/script/../lib/Comserv/Controller/Documentation.pm:948] _format_title - Formatting title from: Todo
debug: [2025-08-26 07:59:36] [/home/shanta/PycharmProjects/comserv2/Comserv/script/../lib/Comserv/Controller/Documentation.pm:972] _format_title - Formatted title result: Todo
debug: [2025-08-26 07:59:36] [/home/shanta/PycharmProjects/comserv2/Comserv/script/../lib/Comserv/Controller/Documentation.pm:948] _format_title - Formatting title from: todo_edit_functionality
debug: [2025-08-26 07:59:36] [/home/shanta/PycharmProjects/comserv2/Comserv/script/../lib/Comserv/Controller/Documentation.pm:972] _format_title - Formatted title result: Todo Edit Functionality
debug: [2025-08-26 07:59:36] [/home/shanta/PycharmProjects/comserv2/Comserv/script/../lib/Comserv/Controller/Documentation.pm:948] _format_title - Formatting title from: todo_filtering_and_views
debug: [2025-08-26 07:59:36] [/home/shanta/PycharmProjects/comserv2/Comserv/script/../lib/Comserv/Controller/Documentation.pm:972] _format_title - Formatted title result: Todo Filtering And Views
debug: [2025-08-26 07:59:36] [/home/shanta/PycharmProjects/comserv2/Comserv/script/../lib/Comserv/Controller/Documentation.pm:948] _format_title - Formatting title from: todo_system
debug: [2025-08-26 07:59:36] [/home/shanta/PycharmProjects/comserv2/Comserv/script/../lib/Comserv/Controller/Documentation.pm:972] _format_title - Formatted title result: Todo System
debug: [2025-08-26 07:59:36] [/home/shanta/PycharmProjects/comserv2/Comserv/script/../lib/Comserv/Controller/Documentation.pm:948] _format_title - Formatting title from: troubleshooting
debug: [2025-08-26 07:59:36] [/home/shanta/PycharmProjects/comserv2/Comserv/script/../lib/Comserv/Controller/Documentation.pm:972] _format_title - Formatted title result: Troubleshooting
debug: [2025-08-26 07:59:36] [/home/shanta/PycharmProjects/comserv2/Comserv/script/../lib/Comserv/Controller/Documentation.pm:948] _format_title - Formatting title from: tutorials
debug: [2025-08-26 07:59:36] [/home/shanta/PycharmProjects/comserv2/Comserv/script/../lib/Comserv/Controller/Documentation.pm:972] _format_title - Formatted title result: Tutorials
debug: [2025-08-26 07:59:36] [/home/shanta/PycharmProjects/comserv2/Comserv/script/../lib/Comserv/Controller/Documentation.pm:948] _format_title - Formatting title from: usbm
debug: [2025-08-26 07:59:36] [/home/shanta/PycharmProjects/comserv2/Comserv/script/../lib/Comserv/Controller/Documentation.pm:972] _format_title - Formatted title result: Usbm
debug: [2025-08-26 07:59:36] [/home/shanta/PycharmProjects/comserv2/Comserv/script/../lib/Comserv/Controller/Documentation.pm:948] _format_title - Formatting title from: User
debug: [2025-08-26 07:59:36] [/home/shanta/PycharmProjects/comserv2/Comserv/script/../lib/Comserv/Controller/Documentation.pm:972] _format_title - Formatted title result: User
debug: [2025-08-26 07:59:36] [/home/shanta/PycharmProjects/comserv2/Comserv/script/../lib/Comserv/Controller/Documentation.pm:948] _format_title - Formatting title from: user_docs
debug: [2025-08-26 07:59:36] [/home/shanta/PycharmProjects/comserv2/Comserv/script/../lib/Comserv/Controller/Documentation.pm:972] _format_title - Formatted title result: User Docs
debug: [2025-08-26 07:59:36] [/home/shanta/PycharmProjects/comserv2/Comserv/script/../lib/Comserv/Controller/Documentation.pm:948] _format_title - Formatting title from: user_management
debug: [2025-08-26 07:59:36] [/home/shanta/PycharmProjects/comserv2/Comserv/script/../lib/Comserv/Controller/Documentation.pm:972] _format_title - Formatted title result: User Management
debug: [2025-08-26 07:59:36] [/home/shanta/PycharmProjects/comserv2/Comserv/script/../lib/Comserv/Controller/Documentation.pm:948] _format_title - Formatting title from: user_manual
debug: [2025-08-26 07:59:36] [/home/shanta/PycharmProjects/comserv2/Comserv/script/../lib/Comserv/Controller/Documentation.pm:972] _format_title - Formatted title result: User Manual
debug: [2025-08-26 07:59:36] [/home/shanta/PycharmProjects/comserv2/Comserv/script/../lib/Comserv/Controller/Documentation.pm:948] _format_title - Formatting title from: Ve7tit
debug: [2025-08-26 07:59:36] [/home/shanta/PycharmProjects/comserv2/Comserv/script/../lib/Comserv/Controller/Documentation.pm:972] _format_title - Formatted title result: Ve7tit
debug: [2025-08-26 07:59:36] [/home/shanta/PycharmProjects/comserv2/Comserv/script/../lib/Comserv/Controller/Documentation.pm:948] _format_title - Formatting title from: view
debug: [2025-08-26 07:59:36] [/home/shanta/PycharmProjects/comserv2/Comserv/script/../lib/Comserv/Controller/Documentation.pm:972] _format_title - Formatted title result: View
debug: [2025-08-26 07:59:36] [/home/shanta/PycharmProjects/comserv2/Comserv/script/../lib/Comserv/Controller/Documentation.pm:948] _format_title - Formatting title from: Virtualmin_Integration
debug: [2025-08-26 07:59:36] [/home/shanta/PycharmProjects/comserv2/Comserv/script/../lib/Comserv/Controller/Documentation.pm:972] _format_title - Formatted title result: Virtualmin Integration
debug: [2025-08-26 07:59:36] [/home/shanta/PycharmProjects/comserv2/Comserv/script/../lib/Comserv/Controller/Documentation.pm:948] _format_title - Formatting title from: WorkShops
debug: [2025-08-26 07:59:36] [/home/shanta/PycharmProjects/comserv2/Comserv/script/../lib/Comserv/Controller/Documentation.pm:972] _format_title - Formatted title result: WorkShops
debug: [2025-08-26 07:59:36] [/home/shanta/PycharmProjects/comserv2/Comserv/script/../lib/Comserv/Controller/Documentation.pm:735] index - Category access check for changelog: is_admin=1, user_role=admin
debug: [2025-08-26 07:59:36] [/home/shanta/PycharmProjects/comserv2/Comserv/script/../lib/Comserv/Controller/Documentation.pm:764] index - Category changelog access: granted for user with role admin
debug: [2025-08-26 07:59:36] [/home/shanta/PycharmProjects/comserv2/Comserv/script/../lib/Comserv/Controller/Documentation.pm:735] index - Category access check for modules: is_admin=1, user_role=admin
debug: [2025-08-26 07:59:36] [/home/shanta/PycharmProjects/comserv2/Comserv/script/../lib/Comserv/Controller/Documentation.pm:764] index - Category modules access: granted for user with role admin
debug: [2025-08-26 07:59:36] [/home/shanta/PycharmProjects/comserv2/Comserv/script/../lib/Comserv/Controller/Documentation.pm:735] index - Category access check for models: is_admin=1, user_role=admin
debug: [2025-08-26 07:59:36] [/home/shanta/PycharmProjects/comserv2/Comserv/script/../lib/Comserv/Controller/Documentation.pm:764] index - Category models access: granted for user with role admin
debug: [2025-08-26 07:59:36] [/home/shanta/PycharmProjects/comserv2/Comserv/script/../lib/Comserv/Controller/Documentation.pm:735] index - Category access check for general: is_admin=1, user_role=admin
debug: [2025-08-26 07:59:36] [/home/shanta/PycharmProjects/comserv2/Comserv/script/../lib/Comserv/Controller/Documentation.pm:764] index - Category general access: granted for user with role admin
debug: [2025-08-26 07:59:36] [/home/shanta/PycharmProjects/comserv2/Comserv/script/../lib/Comserv/Controller/Documentation.pm:735] index - Category access check for site_specific: is_admin=1, user_role=admin
debug: [2025-08-26 07:59:36] [/home/shanta/PycharmProjects/comserv2/Comserv/script/../lib/Comserv/Controller/Documentation.pm:764] index - Category site_specific access: granted for user with role admin
debug: [2025-08-26 07:59:36] [/home/shanta/PycharmProjects/comserv2/Comserv/script/../lib/Comserv/Controller/Documentation.pm:735] index - Category access check for controllers: is_admin=1, user_role=admin
debug: [2025-08-26 07:59:36] [/home/shanta/PycharmProjects/comserv2/Comserv/script/../lib/Comserv/Controller/Documentation.pm:764] index - Category controllers access: granted for user with role admin
debug: [2025-08-26 07:59:36] [/home/shanta/PycharmProjects/comserv2/Comserv/script/../lib/Comserv/Controller/Documentation.pm:735] index - Category access check for admin_guides: is_admin=1, user_role=admin
debug: [2025-08-26 07:59:36] [/home/shanta/PycharmProjects/comserv2/Comserv/script/../lib/Comserv/Controller/Documentation.pm:764] index - Category admin_guides access: granted for user with role admin
debug: [2025-08-26 07:59:36] [/home/shanta/PycharmProjects/comserv2/Comserv/script/../lib/Comserv/Controller/Documentation.pm:735] index - Category access check for developer_guides: is_admin=1, user_role=admin
debug: [2025-08-26 07:59:36] [/home/shanta/PycharmProjects/comserv2/Comserv/script/../lib/Comserv/Controller/Documentation.pm:764] index - Category developer_guides access: granted for user with role admin
debug: [2025-08-26 07:59:36] [/home/shanta/PycharmProjects/comserv2/Comserv/script/../lib/Comserv/Controller/Documentation.pm:735] index - Category access check for user_guides: is_admin=1, user_role=admin
debug: [2025-08-26 07:59:36] [/home/shanta/PycharmProjects/comserv2/Comserv/script/../lib/Comserv/Controller/Documentation.pm:764] index - Category user_guides access: granted for user with role admin
debug: [2025-08-26 07:59:36] [/home/shanta/PycharmProjects/comserv2/Comserv/script/../lib/Comserv/Controller/Documentation.pm:735] index - Category access check for tutorials: is_admin=1, user_role=admin
debug: [2025-08-26 07:59:36] [/home/shanta/PycharmProjects/comserv2/Comserv/script/../lib/Comserv/Controller/Documentation.pm:764] index - Category tutorials access: granted for user with role admin
debug: [2025-08-26 07:59:36] [/home/shanta/PycharmProjects/comserv2/Comserv/script/../lib/Comserv/Controller/Documentation.pm:735] index - Category access check for proxmox: is_admin=1, user_role=admin
debug: [2025-08-26 07:59:36] [/home/shanta/PycharmProjects/comserv2/Comserv/script/../lib/Comserv/Controller/Documentation.pm:764] index - Category proxmox access: granted for user with role admin
error: [2025-08-26 07:59:36] [/home/shanta/PycharmProjects/comserv2/Comserv/script/../lib/Comserv/Controller/Documentation.pm:814] index - Error loading completed items JSON: garbage after JSON object, at character offset 12687 (before "{"completed_items":[...") at /home/shanta/PycharmProjects/comserv2/Comserv/script/../lib/Comserv/Controller/Documentation.pm line 805.

debug: [2025-08-26 07:59:36] [/home/shanta/PycharmProjects/comserv2/Comserv/script/../lib/Comserv/Controller/Documentation.pm:844] index - User role: admin, Display role: Administrator, Session roles: admin, Admin categories: admin_guides, proxmox, controllers, changelog, Has admin in session: Yes
info: [2025-08-26 07:59:38] [/home/shanta/PycharmProjects/comserv2/Comserv/script/../lib/Comserv/Controller/Root.pm:460] auto - Starting auto action with temporary uri_no_port helper
info: [2025-08-26 07:59:38] [/home/shanta/PycharmProjects/comserv2/Comserv/script/../lib/Comserv/Controller/Root.pm:468] auto - Request path: 'static/images/icons/mail.svg'
info: [2025-08-26 07:59:38] [/home/shanta/PycharmProjects/comserv2/Comserv/script/../lib/Comserv/Controller/Root.pm:482] auto - Server info - Hostname: workstation.computersystemconsulting.ca, IP: 192.168.1.199
info: [2025-08-26 07:59:38] [/home/shanta/PycharmProjects/comserv2/Comserv/script/../lib/Comserv/Controller/Root.pm:700] setup_site - Starting setup_site action
info: [2025-08-26 07:59:38] [/home/shanta/PycharmProjects/comserv2/Comserv/script/../lib/Comserv/Controller/Root.pm:710] setup_site - Extracted domain: workstation.local
info: [2025-08-26 07:59:38] [/home/shanta/PycharmProjects/comserv2/Comserv/script/../lib/Comserv/Controller/Root.pm:911] site_setup - SiteName: CSC
info: [2025-08-26 07:59:38] [/home/shanta/PycharmProjects/comserv2/Comserv/script/../lib/Comserv/Controller/Root.pm:927] site_setup - Using Catalyst's built-in proxy configuration for URLs without port
info: [2025-08-26 07:59:38] [/home/shanta/PycharmProjects/comserv2/Comserv/script/../lib/Comserv/Controller/Root.pm:931] site_setup - Test URL: http://workstation.local:3000/test
info: [2025-08-26 07:59:38] [/home/shanta/PycharmProjects/comserv2/Comserv/script/../lib/Comserv/Controller/Root.pm:938] site_setup - Set default HostName: http://workstation.local
info: [2025-08-26 07:59:38] [/home/shanta/PycharmProjects/comserv2/Comserv/script/../lib/Comserv/Model/Site.pm:123] get_site_details_by_name - Getting site details for name: CSC
info: [2025-08-26 07:59:38] [/home/shanta/PycharmProjects/comserv2/Comserv/script/../lib/Comserv/Model/Site.pm:134] get_site_details_by_name - Found site: ID=1, Name=CSC
info: [2025-08-26 07:59:38] [/home/shanta/PycharmProjects/comserv2/Comserv/script/../lib/Comserv/Model/ThemeConfig.pm:138] get_site_theme - Getting theme for site: CSC
info: [2025-08-26 07:59:38] [/home/shanta/PycharmProjects/comserv2/Comserv/script/../lib/Comserv/Model/ThemeConfig.pm:162] get_site_theme - Using theme from session for CSC: csc
info: [2025-08-26 07:59:38] [/home/shanta/PycharmProjects/comserv2/Comserv/script/../lib/Comserv/Controller/Root.pm:978] site_setup - Set theme_name in stash: csc
info: [2025-08-26 07:59:38] [/home/shanta/PycharmProjects/comserv2/Comserv/script/../lib/Comserv/Controller/Root.pm:988] site_setup - Completed site_setup action with HostName: http://workstation.local
info: [2025-08-26 07:59:38] [/home/shanta/PycharmProjects/comserv2/Comserv/script/../lib/Comserv/Controller/Root.pm:906] setup_site - Completed site setup
info: [2025-08-26 07:59:38] [/home/shanta/PycharmProjects/comserv2/Comserv/script/../lib/Comserv/Controller/Root.pm:230] set_theme - Setting theme for site: CSC
info: [2025-08-26 07:59:38] [/home/shanta/PycharmProjects/comserv2/Comserv/script/../lib/Comserv/Model/ThemeConfig.pm:54] get_all_themes - Getting all available themes
info: [2025-08-26 07:59:38] [/home/shanta/PycharmProjects/comserv2/Comserv/script/../lib/Comserv/Controller/Root.pm:234] set_theme - Available themes: apis, csc, dark, default, mcoop, usbm
info: [2025-08-26 07:59:38] [/home/shanta/PycharmProjects/comserv2/Comserv/script/../lib/Comserv/Model/ThemeConfig.pm:138] get_site_theme - Getting theme for site: CSC
info: [2025-08-26 07:59:38] [/home/shanta/PycharmProjects/comserv2/Comserv/script/../lib/Comserv/Model/ThemeConfig.pm:162] get_site_theme - Using theme from session for CSC: csc
info: [2025-08-26 07:59:38] [/home/shanta/PycharmProjects/comserv2/Comserv/script/../lib/Comserv/Controller/Root.pm:253] set_theme - Set theme for site CSC to csc
info: [2025-08-26 07:59:38] [/home/shanta/PycharmProjects/comserv2/Comserv/script/../lib/Comserv/Controller/Root.pm:529] auto - Navigation data populated
info: [2025-08-26 07:59:38] [/home/shanta/PycharmProjects/comserv2/Comserv/script/../lib/Comserv/Controller/Root.pm:534] auto - Completed general setup tasks
info: [2025-08-26 07:59:38] [/home/shanta/PycharmProjects/comserv2/Comserv/script/../lib/Comserv/Controller/Root.pm:561] auto - Completed auto action
warn: [2025-08-26 07:59:38] [/home/shanta/PycharmProjects/comserv2/Comserv/script/../lib/Comserv/Controller/Root.pm:1098] default - Page not found: /static/images/icons/mail.svg
