[2025-03-29 04:26:55] [INFO] [/home/shanta/PycharmProjects/comserv2/Comserv/script/../lib/Comserv/Controller/Root.pm:503] auto - Session Domain: csc.workstation
[2025-03-29 04:26:55] [INFO] [/home/shanta/PycharmProjects/comserv2/Comserv/script/../lib/Comserv/Controller/Root.pm:516] auto - Site Domain: 1
[2025-03-29 04:26:55] [INFO] [/home/shanta/PycharmProjects/comserv2/Comserv/script/../lib/Comserv/Controller/Root.pm:524] auto - Site ID: 1
[2025-03-29 04:26:55] [INFO] [/home/shanta/PycharmProjects/comserv2/Comserv/script/../lib/Comserv/Controller/Root.pm:748] auto - Entered auto action in Root.pm
[2025-03-29 04:26:55] [INFO] [/home/shanta/PycharmProjects/comserv2/Comserv/script/../lib/Comserv/Controller/Root.pm:753] auto - Fetched SiteName: default
[2025-03-29 04:26:55] [INFO] [/home/shanta/PycharmProjects/comserv2/Comserv/script/../lib/Comserv/Controller/Root.pm:775] auto - No roles defined in session
[2025-03-29 04:28:49] [INFO] [/home/shanta/PycharmProjects/comserv2/Comserv/script/../lib/Comserv/Controller/Root.pm:503] auto - Session Domain: csc.workstation
[2025-03-29 04:28:49] [INFO] [/home/shanta/PycharmProjects/comserv2/Comserv/script/../lib/Comserv/Controller/Root.pm:748] auto - Entered auto action in Root.pm
[2025-03-29 04:28:49] [INFO] [/home/shanta/PycharmProjects/comserv2/Comserv/script/../lib/Comserv/Controller/Root.pm:753] auto - Fetched SiteName: default
[2025-03-29 04:28:49] [INFO] [/home/shanta/PycharmProjects/comserv2/Comserv/script/../lib/Comserv/Controller/Root.pm:772] auto - Session Roles: 
[2025-03-29 04:28:49] [INFO] [/home/shanta/PycharmProjects/comserv2/Comserv/script/../lib/Comserv/Controller/Root.pm:503] auto - Session Domain: csc.workstation
[2025-03-29 04:28:49] [INFO] [/home/shanta/PycharmProjects/comserv2/Comserv/script/../lib/Comserv/Controller/Root.pm:748] auto - Entered auto action in Root.pm
[2025-03-29 04:28:49] [INFO] [/home/shanta/PycharmProjects/comserv2/Comserv/script/../lib/Comserv/Controller/Root.pm:753] auto - Fetched SiteName: default
[2025-03-29 04:28:49] [INFO] [/home/shanta/PycharmProjects/comserv2/Comserv/script/../lib/Comserv/Controller/Root.pm:772] auto - Session Roles: 
[2025-03-29 04:28:49] [INFO] [/home/shanta/PycharmProjects/comserv2/Comserv/script/../lib/Comserv/Controller/Root.pm:503] auto - Session Domain: csc.workstation
[2025-03-29 04:28:49] [INFO] [/home/shanta/PycharmProjects/comserv2/Comserv/script/../lib/Comserv/Controller/Root.pm:748] auto - Entered auto action in Root.pm
[2025-03-29 04:28:49] [INFO] [/home/shanta/PycharmProjects/comserv2/Comserv/script/../lib/Comserv/Controller/Root.pm:753] auto - Fetched SiteName: default
[2025-03-29 04:28:49] [INFO] [/home/shanta/PycharmProjects/comserv2/Comserv/script/../lib/Comserv/Controller/Root.pm:772] auto - Session Roles: 
[2025-03-29 04:29:00] [INFO] [/home/shanta/PycharmProjects/comserv2/Comserv/script/../lib/Comserv/Controller/Root.pm:503] auto - Session Domain: csc.workstation
[2025-03-29 04:29:00] [INFO] [/home/shanta/PycharmProjects/comserv2/Comserv/script/../lib/Comserv/Controller/Root.pm:748] auto - Entered auto action in Root.pm
[2025-03-29 04:29:00] [INFO] [/home/shanta/PycharmProjects/comserv2/Comserv/script/../lib/Comserv/Controller/Root.pm:753] auto - Fetched SiteName: default
[2025-03-29 04:29:00] [INFO] [/home/shanta/PycharmProjects/comserv2/Comserv/script/../lib/Comserv/Controller/Root.pm:772] auto - Session Roles: 
[2025-03-29 04:29:00] [INFO] [/home/shanta/PycharmProjects/comserv2/Comserv/script/../lib/Comserv/Controller/Root.pm:503] auto - Session Domain: csc.workstation
[2025-03-29 04:29:00] [INFO] [/home/shanta/PycharmProjects/comserv2/Comserv/script/../lib/Comserv/Controller/Root.pm:748] auto - Entered auto action in Root.pm
[2025-03-29 04:29:00] [INFO] [/home/shanta/PycharmProjects/comserv2/Comserv/script/../lib/Comserv/Controller/Root.pm:753] auto - Fetched SiteName: default
[2025-03-29 04:29:00] [INFO] [/home/shanta/PycharmProjects/comserv2/Comserv/script/../lib/Comserv/Controller/Root.pm:772] auto - Session Roles: 
[2025-03-29 04:29:01] [INFO] [/home/shanta/PycharmProjects/comserv2/Comserv/script/../lib/Comserv/Controller/Root.pm:503] auto - Session Domain: csc.workstation
[2025-03-29 04:29:01] [INFO] [/home/shanta/PycharmProjects/comserv2/Comserv/script/../lib/Comserv/Controller/Root.pm:748] auto - Entered auto action in Root.pm
[2025-03-29 04:29:01] [INFO] [/home/shanta/PycharmProjects/comserv2/Comserv/script/../lib/Comserv/Controller/Root.pm:753] auto - Fetched SiteName: default
[2025-03-29 04:29:01] [INFO] [/home/shanta/PycharmProjects/comserv2/Comserv/script/../lib/Comserv/Controller/Root.pm:772] auto - Session Roles: 
[2025-03-29 04:29:02] [INFO] [/home/shanta/PycharmProjects/comserv2/Comserv/script/../lib/Comserv/Controller/Root.pm:503] auto - Session Domain: csc.workstation
[2025-03-29 04:29:02] [INFO] [/home/shanta/PycharmProjects/comserv2/Comserv/script/../lib/Comserv/Controller/Root.pm:748] auto - Entered auto action in Root.pm
[2025-03-29 04:29:02] [INFO] [/home/shanta/PycharmProjects/comserv2/Comserv/script/../lib/Comserv/Controller/Root.pm:753] auto - Fetched SiteName: default
[2025-03-29 04:29:02] [INFO] [/home/shanta/PycharmProjects/comserv2/Comserv/script/../lib/Comserv/Controller/Root.pm:772] auto - Session Roles: 
[2025-03-29 04:30:55] [INFO] [/home/shanta/PycharmProjects/comserv2/Comserv/script/../lib/Comserv/Controller/Root.pm:503] auto - Session Domain: csc.workstation
[2025-03-29 04:30:55] [INFO] [/home/shanta/PycharmProjects/comserv2/Comserv/script/../lib/Comserv/Controller/Root.pm:748] auto - Entered auto action in Root.pm
[2025-03-29 04:30:55] [INFO] [/home/shanta/PycharmProjects/comserv2/Comserv/script/../lib/Comserv/Controller/Root.pm:753] auto - Fetched SiteName: default
[2025-03-29 04:30:55] [INFO] [/home/shanta/PycharmProjects/comserv2/Comserv/script/../lib/Comserv/Controller/Root.pm:772] auto - Session Roles: 
[2025-03-29 04:30:55] [INFO] [/home/shanta/PycharmProjects/comserv2/Comserv/script/../lib/Comserv/Controller/Root.pm:785] auto - Debug mode enabled
[2025-03-29 04:30:55] [INFO] [/home/shanta/PycharmProjects/comserv2/Comserv/script/../lib/Comserv/Controller/Root.pm:503] auto - Session Domain: csc.workstation
[2025-03-29 04:30:55] [INFO] [/home/shanta/PycharmProjects/comserv2/Comserv/script/../lib/Comserv/Controller/Root.pm:748] auto - Entered auto action in Root.pm
[2025-03-29 04:30:55] [INFO] [/home/shanta/PycharmProjects/comserv2/Comserv/script/../lib/Comserv/Controller/Root.pm:753] auto - Fetched SiteName: default
[2025-03-29 04:30:55] [INFO] [/home/shanta/PycharmProjects/comserv2/Comserv/script/../lib/Comserv/Controller/Root.pm:772] auto - Session Roles: 
[2025-03-29 04:32:09] [INFO] [/home/shanta/PycharmProjects/comserv2/Comserv/script/../lib/Comserv/Controller/Root.pm:503] auto - Session Domain: csc.workstation
[2025-03-29 04:32:09] [INFO] [/home/shanta/PycharmProjects/comserv2/Comserv/script/../lib/Comserv/Controller/Root.pm:748] auto - Entered auto action in Root.pm
[2025-03-29 04:32:09] [INFO] [/home/shanta/PycharmProjects/comserv2/Comserv/script/../lib/Comserv/Controller/Root.pm:753] auto - Fetched SiteName: default
[2025-03-29 04:32:09] [INFO] [/home/shanta/PycharmProjects/comserv2/Comserv/script/../lib/Comserv/Controller/Root.pm:772] auto - Session Roles: 
[2025-03-29 04:32:14] [INFO] [/home/shanta/PycharmProjects/comserv2/Comserv/script/../lib/Comserv/Controller/Root.pm:503] auto - Session Domain: csc.workstation
[2025-03-29 04:32:14] [INFO] [/home/shanta/PycharmProjects/comserv2/Comserv/script/../lib/Comserv/Controller/Root.pm:748] auto - Entered auto action in Root.pm
[2025-03-29 04:32:14] [INFO] [/home/shanta/PycharmProjects/comserv2/Comserv/script/../lib/Comserv/Controller/Root.pm:753] auto - Fetched SiteName: default
[2025-03-29 04:32:14] [INFO] [/home/shanta/PycharmProjects/comserv2/Comserv/script/../lib/Comserv/Controller/Root.pm:772] auto - Session Roles: admin
[2025-03-29 04:32:14] [INFO] [/home/shanta/PycharmProjects/comserv2/Comserv/script/../lib/Comserv/Controller/Root.pm:785] auto - Debug mode enabled
[2025-03-29 04:32:14] [INFO] [/home/shanta/PycharmProjects/comserv2/Comserv/script/../lib/Comserv/Controller/Root.pm:503] auto - Session Domain: csc.workstation
[2025-03-29 04:32:14] [INFO] [/home/shanta/PycharmProjects/comserv2/Comserv/script/../lib/Comserv/Controller/Root.pm:748] auto - Entered auto action in Root.pm
[2025-03-29 04:32:14] [INFO] [/home/shanta/PycharmProjects/comserv2/Comserv/script/../lib/Comserv/Controller/Root.pm:753] auto - Fetched SiteName: default
[2025-03-29 04:32:14] [INFO] [/home/shanta/PycharmProjects/comserv2/Comserv/script/../lib/Comserv/Controller/Root.pm:772] auto - Session Roles: admin
[2025-03-29 04:33:20] [INFO] [/home/shanta/PycharmProjects/comserv2/Comserv/script/../lib/Comserv/Controller/Admin.pm:25] begin - Starting begin action
[2025-03-29 04:33:20] [INFO] [/home/shanta/PycharmProjects/comserv2/Comserv/script/../lib/Comserv/Controller/Admin.pm:46] begin - Roles: $VAR1 = [
          'admin'
        ];

[2025-03-29 04:33:20] [INFO] [/home/shanta/PycharmProjects/comserv2/Comserv/script/../lib/Comserv/Controller/Admin.pm:51] begin - Checking roles: admin
[2025-03-29 04:33:20] [INFO] [/home/shanta/PycharmProjects/comserv2/Comserv/script/../lib/Comserv/Controller/Admin.pm:56] begin - Admin user detected, proceeding.
[2025-03-29 04:33:20] [INFO] [/home/shanta/PycharmProjects/comserv2/Comserv/script/../lib/Comserv/Controller/Root.pm:503] auto - Session Domain: csc.workstation
[2025-03-29 04:33:20] [INFO] [/home/shanta/PycharmProjects/comserv2/Comserv/script/../lib/Comserv/Controller/Root.pm:748] auto - Entered auto action in Root.pm
[2025-03-29 04:33:20] [INFO] [/home/shanta/PycharmProjects/comserv2/Comserv/script/../lib/Comserv/Controller/Root.pm:753] auto - Fetched SiteName: default
[2025-03-29 04:33:20] [INFO] [/home/shanta/PycharmProjects/comserv2/Comserv/script/../lib/Comserv/Controller/Root.pm:772] auto - Session Roles: admin
[2025-03-29 04:33:20] [INFO] [/home/shanta/PycharmProjects/comserv2/Comserv/script/../lib/Comserv/Controller/Root.pm:503] auto - Session Domain: csc.workstation
[2025-03-29 04:33:20] [INFO] [/home/shanta/PycharmProjects/comserv2/Comserv/script/../lib/Comserv/Controller/Root.pm:748] auto - Entered auto action in Root.pm
[2025-03-29 04:33:20] [INFO] [/home/shanta/PycharmProjects/comserv2/Comserv/script/../lib/Comserv/Controller/Root.pm:753] auto - Fetched SiteName: default
[2025-03-29 04:33:20] [INFO] [/home/shanta/PycharmProjects/comserv2/Comserv/script/../lib/Comserv/Controller/Root.pm:772] auto - Session Roles: admin
[2025-03-29 04:47:21] [INFO] [/home/shanta/PycharmProjects/comserv2/Comserv/script/../lib/Comserv/Controller/Root.pm:503] auto - Session Domain: csc.workstation
[2025-03-29 04:47:21] [INFO] [/home/shanta/PycharmProjects/comserv2/Comserv/script/../lib/Comserv/Controller/Root.pm:748] auto - Entered auto action in Root.pm
[2025-03-29 04:47:21] [INFO] [/home/shanta/PycharmProjects/comserv2/Comserv/script/../lib/Comserv/Controller/Root.pm:753] auto - Fetched SiteName: default
[2025-03-29 04:47:21] [INFO] [/home/shanta/PycharmProjects/comserv2/Comserv/script/../lib/Comserv/Controller/Root.pm:772] auto - Session Roles: admin
[2025-03-29 04:47:21] [INFO] [/home/shanta/PycharmProjects/comserv2/Comserv/script/../lib/Comserv/Controller/Root.pm:503] auto - Session Domain: csc.workstation
[2025-03-29 04:47:21] [INFO] [/home/shanta/PycharmProjects/comserv2/Comserv/script/../lib/Comserv/Controller/Root.pm:748] auto - Entered auto action in Root.pm
[2025-03-29 04:47:21] [INFO] [/home/shanta/PycharmProjects/comserv2/Comserv/script/../lib/Comserv/Controller/Root.pm:753] auto - Fetched SiteName: default
[2025-03-29 04:47:21] [INFO] [/home/shanta/PycharmProjects/comserv2/Comserv/script/../lib/Comserv/Controller/Root.pm:772] auto - Session Roles: admin
[2025-03-29 04:47:21] [INFO] [/home/shanta/PycharmProjects/comserv2/Comserv/script/../lib/Comserv/Controller/Root.pm:503] auto - Session Domain: csc.workstation
[2025-03-29 04:47:21] [INFO] [/home/shanta/PycharmProjects/comserv2/Comserv/script/../lib/Comserv/Controller/Root.pm:748] auto - Entered auto action in Root.pm
[2025-03-29 04:47:21] [INFO] [/home/shanta/PycharmProjects/comserv2/Comserv/script/../lib/Comserv/Controller/Root.pm:753] auto - Fetched SiteName: default
[2025-03-29 04:47:21] [INFO] [/home/shanta/PycharmProjects/comserv2/Comserv/script/../lib/Comserv/Controller/Root.pm:772] auto - Session Roles: admin
[2025-03-29 04:47:31] [INFO] [/home/shanta/PycharmProjects/comserv2/Comserv/script/../lib/Comserv/Controller/Root.pm:503] auto - Session Domain: csc.workstation
[2025-03-29 04:47:31] [INFO] [/home/shanta/PycharmProjects/comserv2/Comserv/script/../lib/Comserv/Controller/Root.pm:748] auto - Entered auto action in Root.pm
[2025-03-29 04:47:31] [INFO] [/home/shanta/PycharmProjects/comserv2/Comserv/script/../lib/Comserv/Controller/Root.pm:753] auto - Fetched SiteName: default
[2025-03-29 04:47:31] [INFO] [/home/shanta/PycharmProjects/comserv2/Comserv/script/../lib/Comserv/Controller/Root.pm:772] auto - Session Roles: admin
[2025-03-29 04:47:31] [INFO] [/home/shanta/PycharmProjects/comserv2/Comserv/script/../lib/Comserv/Controller/Root.pm:503] auto - Session Domain: csc.workstation
[2025-03-29 04:47:32] [INFO] [/home/shanta/PycharmProjects/comserv2/Comserv/script/../lib/Comserv/Controller/Root.pm:748] auto - Entered auto action in Root.pm
[2025-03-29 04:47:32] [INFO] [/home/shanta/PycharmProjects/comserv2/Comserv/script/../lib/Comserv/Controller/Root.pm:753] auto - Fetched SiteName: default
[2025-03-29 04:47:32] [INFO] [/home/shanta/PycharmProjects/comserv2/Comserv/script/../lib/Comserv/Controller/Root.pm:772] auto - Session Roles: admin
[2025-03-29 04:49:12] [INFO] [/home/shanta/PycharmProjects/comserv2/Comserv/script/../lib/Comserv/Controller/Root.pm:503] auto - Session Domain: csc.workstation
[2025-03-29 04:49:12] [INFO] [/home/shanta/PycharmProjects/comserv2/Comserv/script/../lib/Comserv/Controller/Root.pm:748] auto - Entered auto action in Root.pm
[2025-03-29 04:49:12] [INFO] [/home/shanta/PycharmProjects/comserv2/Comserv/script/../lib/Comserv/Controller/Root.pm:753] auto - Fetched SiteName: default
[2025-03-29 04:49:12] [INFO] [/home/shanta/PycharmProjects/comserv2/Comserv/script/../lib/Comserv/Controller/Root.pm:772] auto - Session Roles: admin
[2025-03-29 04:49:12] [INFO] [/home/shanta/PycharmProjects/comserv2/Comserv/script/../lib/Comserv/Controller/Root.pm:503] auto - Session Domain: csc.workstation
[2025-03-29 04:49:12] [INFO] [/home/shanta/PycharmProjects/comserv2/Comserv/script/../lib/Comserv/Controller/Root.pm:748] auto - Entered auto action in Root.pm
[2025-03-29 04:49:12] [INFO] [/home/shanta/PycharmProjects/comserv2/Comserv/script/../lib/Comserv/Controller/Root.pm:753] auto - Fetched SiteName: default
[2025-03-29 04:49:12] [INFO] [/home/shanta/PycharmProjects/comserv2/Comserv/script/../lib/Comserv/Controller/Root.pm:772] auto - Session Roles: admin
[2025-03-29 05:16:25] [INFO] [/home/shanta/PycharmProjects/comserv2/Comserv/script/../lib/Comserv/Controller/Root.pm:503] auto - Session Domain: csc.workstation
[2025-03-29 05:16:25] [INFO] [/home/shanta/PycharmProjects/comserv2/Comserv/script/../lib/Comserv/Controller/Root.pm:516] auto - Site Domain: 1
[2025-03-29 05:16:25] [INFO] [/home/shanta/PycharmProjects/comserv2/Comserv/script/../lib/Comserv/Controller/Root.pm:524] auto - Site ID: 1
[2025-03-29 05:16:25] [INFO] [/home/shanta/PycharmProjects/comserv2/Comserv/script/../lib/Comserv/Controller/Root.pm:762] auto - Entered auto action in Root.pm
[2025-03-29 05:16:25] [INFO] [/home/shanta/PycharmProjects/comserv2/Comserv/script/../lib/Comserv/Controller/Root.pm:767] auto - Fetched SiteName: CSC
[2025-03-29 05:16:25] [INFO] [/home/shanta/PycharmProjects/comserv2/Comserv/script/../lib/Comserv/Controller/Root.pm:786] auto - Session Roles: admin
[2025-03-29 05:16:26] [INFO] [/home/shanta/PycharmProjects/comserv2/Comserv/script/../lib/Comserv/Controller/Root.pm:503] auto - Session Domain: csc.workstation
[2025-03-29 05:16:26] [INFO] [/home/shanta/PycharmProjects/comserv2/Comserv/script/../lib/Comserv/Controller/Root.pm:762] auto - Entered auto action in Root.pm
[2025-03-29 05:16:26] [INFO] [/home/shanta/PycharmProjects/comserv2/Comserv/script/../lib/Comserv/Controller/Root.pm:767] auto - Fetched SiteName: CSC
[2025-03-29 05:16:26] [INFO] [/home/shanta/PycharmProjects/comserv2/Comserv/script/../lib/Comserv/Controller/Root.pm:786] auto - Session Roles: admin
[2025-03-29 05:16:34] [INFO] [/home/shanta/PycharmProjects/comserv2/Comserv/script/../lib/Comserv/Controller/Root.pm:503] auto - Session Domain: csc.workstation
[2025-03-29 05:16:34] [INFO] [/home/shanta/PycharmProjects/comserv2/Comserv/script/../lib/Comserv/Controller/Root.pm:762] auto - Entered auto action in Root.pm
[2025-03-29 05:16:34] [INFO] [/home/shanta/PycharmProjects/comserv2/Comserv/script/../lib/Comserv/Controller/Root.pm:767] auto - Fetched SiteName: CSC
[2025-03-29 05:16:34] [INFO] [/home/shanta/PycharmProjects/comserv2/Comserv/script/../lib/Comserv/Controller/Root.pm:786] auto - Session Roles: admin
[2025-03-29 05:16:35] [INFO] [/home/shanta/PycharmProjects/comserv2/Comserv/script/../lib/Comserv/Controller/Root.pm:503] auto - Session Domain: csc.workstation
[2025-03-29 05:16:35] [INFO] [/home/shanta/PycharmProjects/comserv2/Comserv/script/../lib/Comserv/Controller/Root.pm:762] auto - Entered auto action in Root.pm
[2025-03-29 05:16:35] [INFO] [/home/shanta/PycharmProjects/comserv2/Comserv/script/../lib/Comserv/Controller/Root.pm:767] auto - Fetched SiteName: CSC
[2025-03-29 05:16:35] [INFO] [/home/shanta/PycharmProjects/comserv2/Comserv/script/../lib/Comserv/Controller/Root.pm:786] auto - Session Roles: admin
[2025-03-29 05:18:11] [INFO] [/home/shanta/PycharmProjects/comserv2/Comserv/script/../lib/Comserv/Controller/Root.pm:503] auto - Session Domain: 127.0.0.1
[2025-03-29 05:18:11] [INFO] [/home/shanta/PycharmProjects/comserv2/Comserv/script/../lib/Comserv/Controller/Root.pm:516] auto - Site Domain: undefined
[2025-03-29 05:18:18] [INFO] [/home/shanta/PycharmProjects/comserv2/Comserv/script/../lib/Comserv/Controller/Root.pm:503] auto - Session Domain: 127.0.0.1
[2025-03-29 05:18:18] [INFO] [/home/shanta/PycharmProjects/comserv2/Comserv/script/../lib/Comserv/Controller/Root.pm:762] auto - Entered auto action in Root.pm
[2025-03-29 05:18:18] [INFO] [/home/shanta/PycharmProjects/comserv2/Comserv/script/../lib/Comserv/Controller/Root.pm:767] auto - Fetched SiteName: CSC
[2025-03-29 05:18:18] [INFO] [/home/shanta/PycharmProjects/comserv2/Comserv/script/../lib/Comserv/Controller/Root.pm:789] auto - No roles defined in session
[2025-03-29 05:20:07] [INFO] [/home/shanta/PycharmProjects/comserv2/Comserv/script/../lib/Comserv/Controller/Root.pm:503] auto - Session Domain: 127.0.0.1
[2025-03-29 05:20:07] [INFO] [/home/shanta/PycharmProjects/comserv2/Comserv/script/../lib/Comserv/Controller/Root.pm:762] auto - Entered auto action in Root.pm
[2025-03-29 05:20:07] [INFO] [/home/shanta/PycharmProjects/comserv2/Comserv/script/../lib/Comserv/Controller/Root.pm:767] auto - Fetched SiteName: CSC
[2025-03-29 05:20:07] [INFO] [/home/shanta/PycharmProjects/comserv2/Comserv/script/../lib/Comserv/Controller/Root.pm:786] auto - Session Roles: admin
[2025-03-29 05:20:30] [INFO] [/home/shanta/PycharmProjects/comserv2/Comserv/script/../lib/Comserv/Controller/Root.pm:503] auto - Session Domain: 127.0.0.1
[2025-03-29 05:20:30] [INFO] [/home/shanta/PycharmProjects/comserv2/Comserv/script/../lib/Comserv/Controller/Root.pm:762] auto - Entered auto action in Root.pm
[2025-03-29 05:20:30] [INFO] [/home/shanta/PycharmProjects/comserv2/Comserv/script/../lib/Comserv/Controller/Root.pm:767] auto - Fetched SiteName: CSC
[2025-03-29 05:20:30] [INFO] [/home/shanta/PycharmProjects/comserv2/Comserv/script/../lib/Comserv/Controller/Root.pm:786] auto - Session Roles: admin
[2025-03-29 05:20:30] [INFO] [/home/shanta/PycharmProjects/comserv2/Comserv/script/../lib/Comserv/Controller/Root.pm:799] auto - Debug mode enabled
[2025-03-29 05:35:40] [INFO] [/home/shanta/PycharmProjects/comserv2/Comserv/script/../lib/Comserv/Controller/Root.pm:503] auto - Session Domain: 127.0.0.1
[2025-03-29 05:35:40] [INFO] [/home/shanta/PycharmProjects/comserv2/Comserv/script/../lib/Comserv/Controller/Root.pm:786] auto - Entered auto action in Root.pm
[2025-03-29 05:35:40] [INFO] [/home/shanta/PycharmProjects/comserv2/Comserv/script/../lib/Comserv/Controller/Root.pm:791] auto - Fetched SiteName: CSC
[2025-03-29 05:35:40] [INFO] [/home/shanta/PycharmProjects/comserv2/Comserv/script/../lib/Comserv/Controller/Root.pm:810] auto - Session Roles: admin
[2025-03-29 05:35:40] [INFO] [/home/shanta/PycharmProjects/comserv2/Comserv/script/../lib/Comserv/Controller/Root.pm:823] auto - Debug mode enabled
[2025-03-29 05:36:33] [INFO] [/home/shanta/PycharmProjects/comserv2/Comserv/script/../lib/Comserv/Controller/Root.pm:503] auto - Session Domain: 127.0.0.1
[2025-03-29 05:36:33] [INFO] [/home/shanta/PycharmProjects/comserv2/Comserv/script/../lib/Comserv/Controller/Root.pm:786] auto - Entered auto action in Root.pm
[2025-03-29 05:36:33] [INFO] [/home/shanta/PycharmProjects/comserv2/Comserv/script/../lib/Comserv/Controller/Root.pm:791] auto - Fetched SiteName: CSC
[2025-03-29 05:36:33] [INFO] [/home/shanta/PycharmProjects/comserv2/Comserv/script/../lib/Comserv/Controller/Root.pm:810] auto - Session Roles: admin
[2025-03-29 05:36:33] [INFO] [/home/shanta/PycharmProjects/comserv2/Comserv/script/../lib/Comserv/Controller/Root.pm:503] auto - Session Domain: 127.0.0.1
[2025-03-29 05:36:33] [INFO] [/home/shanta/PycharmProjects/comserv2/Comserv/script/../lib/Comserv/Controller/Root.pm:516] auto - Site Domain: undefined
[2025-03-29 05:39:58] [INFO] [/home/shanta/PycharmProjects/comserv2/Comserv/script/../lib/Comserv/Controller/Root.pm:503] auto - Session Domain: csc.workstation
[2025-03-29 05:39:58] [INFO] [/home/shanta/PycharmProjects/comserv2/Comserv/script/../lib/Comserv/Controller/Root.pm:786] auto - Entered auto action in Root.pm
[2025-03-29 05:39:58] [INFO] [/home/shanta/PycharmProjects/comserv2/Comserv/script/../lib/Comserv/Controller/Root.pm:791] auto - Fetched SiteName: CSC
[2025-03-29 05:39:58] [INFO] [/home/shanta/PycharmProjects/comserv2/Comserv/script/../lib/Comserv/Controller/Root.pm:810] auto - Session Roles: admin
[2025-03-29 05:39:58] [INFO] [/home/shanta/PycharmProjects/comserv2/Comserv/script/../lib/Comserv/Controller/Root.pm:503] auto - Session Domain: csc.workstation
[2025-03-29 05:39:58] [INFO] [/home/shanta/PycharmProjects/comserv2/Comserv/script/../lib/Comserv/Controller/Root.pm:786] auto - Entered auto action in Root.pm
[2025-03-29 05:39:58] [INFO] [/home/shanta/PycharmProjects/comserv2/Comserv/script/../lib/Comserv/Controller/Root.pm:791] auto - Fetched SiteName: CSC
[2025-03-29 05:39:58] [INFO] [/home/shanta/PycharmProjects/comserv2/Comserv/script/../lib/Comserv/Controller/Root.pm:810] auto - Session Roles: admin
[2025-03-29 05:40:26] [INFO] [/home/shanta/PycharmProjects/comserv2/Comserv/script/../lib/Comserv/Controller/Root.pm:503] auto - Session Domain: csc.workstation
[2025-03-29 05:40:26] [INFO] [/home/shanta/PycharmProjects/comserv2/Comserv/script/../lib/Comserv/Controller/Root.pm:786] auto - Entered auto action in Root.pm
[2025-03-29 05:40:26] [INFO] [/home/shanta/PycharmProjects/comserv2/Comserv/script/../lib/Comserv/Controller/Root.pm:791] auto - Fetched SiteName: CSC
[2025-03-29 05:40:26] [INFO] [/home/shanta/PycharmProjects/comserv2/Comserv/script/../lib/Comserv/Controller/Root.pm:810] auto - Session Roles: admin
[2025-03-29 05:40:26] [INFO] [/home/shanta/PycharmProjects/comserv2/Comserv/script/../lib/Comserv/Controller/Root.pm:503] auto - Session Domain: csc.workstation
[2025-03-29 05:40:26] [INFO] [/home/shanta/PycharmProjects/comserv2/Comserv/script/../lib/Comserv/Controller/Root.pm:786] auto - Entered auto action in Root.pm
[2025-03-29 05:40:26] [INFO] [/home/shanta/PycharmProjects/comserv2/Comserv/script/../lib/Comserv/Controller/Root.pm:791] auto - Fetched SiteName: CSC
[2025-03-29 05:40:26] [INFO] [/home/shanta/PycharmProjects/comserv2/Comserv/script/../lib/Comserv/Controller/Root.pm:810] auto - Session Roles: admin
[2025-03-29 05:40:26] [INFO] [/home/shanta/PycharmProjects/comserv2/Comserv/script/../lib/Comserv/Controller/Root.pm:503] auto - Session Domain: csc.workstation
[2025-03-29 05:40:26] [INFO] [/home/shanta/PycharmProjects/comserv2/Comserv/script/../lib/Comserv/Controller/Root.pm:786] auto - Entered auto action in Root.pm
[2025-03-29 05:40:26] [INFO] [/home/shanta/PycharmProjects/comserv2/Comserv/script/../lib/Comserv/Controller/Root.pm:791] auto - Fetched SiteName: CSC
[2025-03-29 05:40:26] [INFO] [/home/shanta/PycharmProjects/comserv2/Comserv/script/../lib/Comserv/Controller/Root.pm:810] auto - Session Roles: admin
[2025-03-29 05:43:33] [INFO] [/home/shanta/PycharmProjects/comserv2/Comserv/script/../lib/Comserv/Controller/Root.pm:503] auto - Session Domain: csc.workstation
[2025-03-29 05:43:33] [INFO] [/home/shanta/PycharmProjects/comserv2/Comserv/script/../lib/Comserv/Controller/Root.pm:786] auto - Entered auto action in Root.pm
[2025-03-29 05:43:33] [INFO] [/home/shanta/PycharmProjects/comserv2/Comserv/script/../lib/Comserv/Controller/Root.pm:791] auto - Fetched SiteName: CSC
[2025-03-29 05:43:33] [INFO] [/home/shanta/PycharmProjects/comserv2/Comserv/script/../lib/Comserv/Controller/Root.pm:810] auto - Session Roles: admin
[2025-03-29 05:43:33] [INFO] [/home/shanta/PycharmProjects/comserv2/Comserv/script/../lib/Comserv/Controller/Root.pm:503] auto - Session Domain: csc.workstation
[2025-03-29 05:43:33] [INFO] [/home/shanta/PycharmProjects/comserv2/Comserv/script/../lib/Comserv/Controller/Root.pm:516] auto - Site Domain: 1
[2025-03-29 05:43:33] [INFO] [/home/shanta/PycharmProjects/comserv2/Comserv/script/../lib/Comserv/Controller/Root.pm:524] auto - Site ID: 1
[2025-03-29 05:43:33] [INFO] [/home/shanta/PycharmProjects/comserv2/Comserv/script/../lib/Comserv/Controller/Root.pm:786] auto - Entered auto action in Root.pm
[2025-03-29 05:43:33] [INFO] [/home/shanta/PycharmProjects/comserv2/Comserv/script/../lib/Comserv/Controller/Root.pm:791] auto - Fetched SiteName: CSC
[2025-03-29 05:43:33] [INFO] [/home/shanta/PycharmProjects/comserv2/Comserv/script/../lib/Comserv/Controller/Root.pm:813] auto - No roles defined in session
[2025-03-29 05:44:07] [INFO] [/home/shanta/PycharmProjects/comserv2/Comserv/script/../lib/Comserv/Controller/Root.pm:513] auto - Session Domain: 127.0.0.1
[2025-03-29 05:44:07] [INFO] [/home/shanta/PycharmProjects/comserv2/Comserv/script/../lib/Comserv/Controller/Root.pm:796] auto - Entered auto action in Root.pm
[2025-03-29 05:44:07] [INFO] [/home/shanta/PycharmProjects/comserv2/Comserv/script/../lib/Comserv/Controller/Root.pm:801] auto - Fetched SiteName: CSC
[2025-03-29 05:44:07] [INFO] [/home/shanta/PycharmProjects/comserv2/Comserv/script/../lib/Comserv/Controller/Root.pm:823] auto - No roles defined in session
[2025-03-29 05:44:07] [INFO] [/home/shanta/PycharmProjects/comserv2/Comserv/script/../lib/Comserv/Controller/Root.pm:513] auto - Session Domain: 127.0.0.1
[2025-03-29 05:44:07] [INFO] [/home/shanta/PycharmProjects/comserv2/Comserv/script/../lib/Comserv/Controller/Root.pm:526] auto - Site Domain: undefined
[2025-03-29 05:53:10] [INFO] [/home/shanta/PycharmProjects/comserv2/Comserv/script/../lib/Comserv/Controller/Root.pm:513] auto - Session Domain: 127.0.0.1
[2025-03-29 05:53:10] [INFO] [/home/shanta/PycharmProjects/comserv2/Comserv/script/../lib/Comserv/Controller/Root.pm:796] auto - Entered auto action in Root.pm
[2025-03-29 05:53:10] [INFO] [/home/shanta/PycharmProjects/comserv2/Comserv/script/../lib/Comserv/Controller/Root.pm:801] auto - Fetched SiteName: CSC
[2025-03-29 05:53:10] [INFO] [/home/shanta/PycharmProjects/comserv2/Comserv/script/../lib/Comserv/Controller/Root.pm:823] auto - No roles defined in session
[2025-03-29 05:53:15] [INFO] [/home/shanta/PycharmProjects/comserv2/Comserv/script/../lib/Comserv/Controller/Root.pm:513] auto - Session Domain: 127.0.0.1
[2025-03-29 05:53:15] [INFO] [/home/shanta/PycharmProjects/comserv2/Comserv/script/../lib/Comserv/Controller/Root.pm:829] auto - Entered auto action in Root.pm
[2025-03-29 05:53:15] [INFO] [/home/shanta/PycharmProjects/comserv2/Comserv/script/../lib/Comserv/Controller/Root.pm:834] auto - Fetched SiteName: CSC
[2025-03-29 05:53:15] [INFO] [/home/shanta/PycharmProjects/comserv2/Comserv/script/../lib/Comserv/Controller/Root.pm:853] auto - Session Roles: 
[2025-03-29 05:53:15] [INFO] [/home/shanta/PycharmProjects/comserv2/Comserv/script/../lib/Comserv/Controller/Root.pm:513] auto - Session Domain: 127.0.0.1
[2025-03-29 05:53:15] [INFO] [/home/shanta/PycharmProjects/comserv2/Comserv/script/../lib/Comserv/Controller/Root.pm:526] auto - Site Domain: undefined
[2025-03-29 05:53:25] [INFO] [/home/shanta/PycharmProjects/comserv2/Comserv/script/../lib/Comserv/Controller/Root.pm:513] auto - Session Domain: csc.workstation
[2025-03-29 05:53:25] [INFO] [/home/shanta/PycharmProjects/comserv2/Comserv/script/../lib/Comserv/Controller/Root.pm:829] auto - Entered auto action in Root.pm
[2025-03-29 05:53:25] [INFO] [/home/shanta/PycharmProjects/comserv2/Comserv/script/../lib/Comserv/Controller/Root.pm:834] auto - Fetched SiteName: CSC
[2025-03-29 05:53:25] [INFO] [/home/shanta/PycharmProjects/comserv2/Comserv/script/../lib/Comserv/Controller/Root.pm:853] auto - Session Roles: 
[2025-03-29 05:53:25] [INFO] [/home/shanta/PycharmProjects/comserv2/Comserv/script/../lib/Comserv/Controller/Root.pm:513] auto - Session Domain: csc.workstation
[2025-03-29 05:53:25] [INFO] [/home/shanta/PycharmProjects/comserv2/Comserv/script/../lib/Comserv/Controller/Root.pm:829] auto - Entered auto action in Root.pm
[2025-03-29 05:53:25] [INFO] [/home/shanta/PycharmProjects/comserv2/Comserv/script/../lib/Comserv/Controller/Root.pm:834] auto - Fetched SiteName: CSC
[2025-03-29 05:53:25] [INFO] [/home/shanta/PycharmProjects/comserv2/Comserv/script/../lib/Comserv/Controller/Root.pm:853] auto - Session Roles: 
[2025-03-29 05:54:41] [INFO] [/home/shanta/PycharmProjects/comserv2/Comserv/script/../lib/Comserv/Controller/Root.pm:513] auto - Session Domain: csc.workstation
[2025-03-29 05:54:41] [INFO] [/home/shanta/PycharmProjects/comserv2/Comserv/script/../lib/Comserv/Controller/Root.pm:829] auto - Entered auto action in Root.pm
[2025-03-29 05:54:41] [INFO] [/home/shanta/PycharmProjects/comserv2/Comserv/script/../lib/Comserv/Controller/Root.pm:834] auto - Fetched SiteName: CSC
[2025-03-29 05:54:41] [INFO] [/home/shanta/PycharmProjects/comserv2/Comserv/script/../lib/Comserv/Controller/Root.pm:853] auto - Session Roles: 
[2025-03-29 05:54:47] [INFO] [/home/shanta/PycharmProjects/comserv2/Comserv/script/../lib/Comserv/Controller/Root.pm:513] auto - Session Domain: csc.workstation
[2025-03-29 05:54:47] [INFO] [/home/shanta/PycharmProjects/comserv2/Comserv/script/../lib/Comserv/Controller/Root.pm:829] auto - Entered auto action in Root.pm
[2025-03-29 05:54:47] [INFO] [/home/shanta/PycharmProjects/comserv2/Comserv/script/../lib/Comserv/Controller/Root.pm:834] auto - Fetched SiteName: CSC
[2025-03-29 05:54:47] [INFO] [/home/shanta/PycharmProjects/comserv2/Comserv/script/../lib/Comserv/Controller/Root.pm:853] auto - Session Roles: admin
[2025-03-29 05:54:47] [INFO] [/home/shanta/PycharmProjects/comserv2/Comserv/script/../lib/Comserv/Controller/Root.pm:513] auto - Session Domain: csc.workstation
[2025-03-29 05:54:47] [INFO] [/home/shanta/PycharmProjects/comserv2/Comserv/script/../lib/Comserv/Controller/Root.pm:829] auto - Entered auto action in Root.pm
[2025-03-29 05:54:47] [INFO] [/home/shanta/PycharmProjects/comserv2/Comserv/script/../lib/Comserv/Controller/Root.pm:834] auto - Fetched SiteName: CSC
[2025-03-29 05:54:47] [INFO] [/home/shanta/PycharmProjects/comserv2/Comserv/script/../lib/Comserv/Controller/Root.pm:853] auto - Session Roles: admin
[2025-03-29 05:54:56] [INFO] [/home/shanta/PycharmProjects/comserv2/Comserv/script/../lib/Comserv/Controller/Root.pm:513] auto - Session Domain: csc.workstation
[2025-03-29 05:54:56] [INFO] [/home/shanta/PycharmProjects/comserv2/Comserv/script/../lib/Comserv/Controller/Root.pm:829] auto - Entered auto action in Root.pm
[2025-03-29 05:54:56] [INFO] [/home/shanta/PycharmProjects/comserv2/Comserv/script/../lib/Comserv/Controller/Root.pm:834] auto - Fetched SiteName: CSC
[2025-03-29 05:54:56] [INFO] [/home/shanta/PycharmProjects/comserv2/Comserv/script/../lib/Comserv/Controller/Root.pm:853] auto - Session Roles: admin
[2025-03-29 05:54:56] [INFO] [/home/shanta/PycharmProjects/comserv2/Comserv/script/../lib/Comserv/Controller/Root.pm:869] auto - Debug mode disabled
[2025-03-29 05:54:56] [INFO] [/home/shanta/PycharmProjects/comserv2/Comserv/script/../lib/Comserv/Controller/Root.pm:513] auto - Session Domain: csc.workstation
[2025-03-29 05:54:56] [INFO] [/home/shanta/PycharmProjects/comserv2/Comserv/script/../lib/Comserv/Controller/Root.pm:829] auto - Entered auto action in Root.pm
[2025-03-29 05:54:56] [INFO] [/home/shanta/PycharmProjects/comserv2/Comserv/script/../lib/Comserv/Controller/Root.pm:834] auto - Fetched SiteName: CSC
[2025-03-29 05:54:56] [INFO] [/home/shanta/PycharmProjects/comserv2/Comserv/script/../lib/Comserv/Controller/Root.pm:853] auto - Session Roles: admin
[2025-03-29 06:00:20] [INFO] [/home/shanta/PycharmProjects/comserv2/Comserv/script/../lib/Comserv/Controller/Root.pm:513] auto - Session Domain: usbm.workstation
[2025-03-29 06:00:20] [INFO] [/home/shanta/PycharmProjects/comserv2/Comserv/script/../lib/Comserv/Controller/Root.pm:526] auto - Site Domain: undefined
[2025-03-29 06:00:46] [INFO] [/home/shanta/PycharmProjects/comserv2/Comserv/script/../lib/Comserv/Controller/Root.pm:513] auto - Session Domain: csc.workstation
[2025-03-29 06:00:46] [INFO] [/home/shanta/PycharmProjects/comserv2/Comserv/script/../lib/Comserv/Controller/Root.pm:829] auto - Entered auto action in Root.pm
[2025-03-29 06:00:46] [INFO] [/home/shanta/PycharmProjects/comserv2/Comserv/script/../lib/Comserv/Controller/Root.pm:834] auto - Fetched SiteName: CSC
[2025-03-29 06:00:46] [INFO] [/home/shanta/PycharmProjects/comserv2/Comserv/script/../lib/Comserv/Controller/Root.pm:853] auto - Session Roles: admin
[2025-03-29 06:00:47] [INFO] [/home/shanta/PycharmProjects/comserv2/Comserv/script/../lib/Comserv/Controller/Root.pm:513] auto - Session Domain: csc.workstation
[2025-03-29 06:00:47] [INFO] [/home/shanta/PycharmProjects/comserv2/Comserv/script/../lib/Comserv/Controller/Root.pm:829] auto - Entered auto action in Root.pm
[2025-03-29 06:00:47] [INFO] [/home/shanta/PycharmProjects/comserv2/Comserv/script/../lib/Comserv/Controller/Root.pm:834] auto - Fetched SiteName: CSC
[2025-03-29 06:00:47] [INFO] [/home/shanta/PycharmProjects/comserv2/Comserv/script/../lib/Comserv/Controller/Root.pm:853] auto - Session Roles: admin
[2025-03-29 06:21:54] [INFO] [/home/shanta/PycharmProjects/comserv2/Comserv/script/../lib/Comserv/Controller/Root.pm:513] auto - Session Domain: csc.workstation
[2025-03-29 06:21:54] [INFO] [/home/shanta/PycharmProjects/comserv2/Comserv/script/../lib/Comserv/Controller/Root.pm:829] auto - Entered auto action in Root.pm
[2025-03-29 06:21:54] [INFO] [/home/shanta/PycharmProjects/comserv2/Comserv/script/../lib/Comserv/Controller/Root.pm:834] auto - Fetched SiteName: CSC
[2025-03-29 06:21:54] [INFO] [/home/shanta/PycharmProjects/comserv2/Comserv/script/../lib/Comserv/Controller/Root.pm:853] auto - Session Roles: admin
[2025-03-29 06:21:54] [INFO] [/home/shanta/PycharmProjects/comserv2/Comserv/script/../lib/Comserv/Controller/Root.pm:513] auto - Session Domain: csc.workstation
[2025-03-29 06:21:54] [INFO] [/home/shanta/PycharmProjects/comserv2/Comserv/script/../lib/Comserv/Controller/Root.pm:829] auto - Entered auto action in Root.pm
[2025-03-29 06:21:54] [INFO] [/home/shanta/PycharmProjects/comserv2/Comserv/script/../lib/Comserv/Controller/Root.pm:834] auto - Fetched SiteName: CSC
[2025-03-29 06:21:54] [INFO] [/home/shanta/PycharmProjects/comserv2/Comserv/script/../lib/Comserv/Controller/Root.pm:853] auto - Session Roles: admin
[2025-03-29 06:23:53] [INFO] [/home/shanta/PycharmProjects/comserv2/Comserv/script/../lib/Comserv/Controller/Admin.pm:25] begin - Starting begin action
[2025-03-29 06:23:53] [INFO] [/home/shanta/PycharmProjects/comserv2/Comserv/script/../lib/Comserv/Controller/Admin.pm:46] begin - Roles: $VAR1 = [
          'admin'
        ];

[2025-03-29 06:23:53] [INFO] [/home/shanta/PycharmProjects/comserv2/Comserv/script/../lib/Comserv/Controller/Admin.pm:51] begin - Checking roles: admin
[2025-03-29 06:23:53] [INFO] [/home/shanta/PycharmProjects/comserv2/Comserv/script/../lib/Comserv/Controller/Admin.pm:56] begin - Admin user detected, proceeding.
[2025-03-29 06:23:53] [INFO] [/home/shanta/PycharmProjects/comserv2/Comserv/script/../lib/Comserv/Controller/Root.pm:513] auto - Session Domain: csc.workstation
[2025-03-29 06:23:53] [INFO] [/home/shanta/PycharmProjects/comserv2/Comserv/script/../lib/Comserv/Controller/Root.pm:829] auto - Entered auto action in Root.pm
[2025-03-29 06:23:53] [INFO] [/home/shanta/PycharmProjects/comserv2/Comserv/script/../lib/Comserv/Controller/Root.pm:834] auto - Fetched SiteName: CSC
[2025-03-29 06:23:53] [INFO] [/home/shanta/PycharmProjects/comserv2/Comserv/script/../lib/Comserv/Controller/Root.pm:853] auto - Session Roles: admin
[2025-03-29 06:23:53] [INFO] [/home/shanta/PycharmProjects/comserv2/Comserv/script/../lib/Comserv/Controller/Root.pm:513] auto - Session Domain: csc.workstation
[2025-03-29 06:23:53] [INFO] [/home/shanta/PycharmProjects/comserv2/Comserv/script/../lib/Comserv/Controller/Root.pm:829] auto - Entered auto action in Root.pm
[2025-03-29 06:23:53] [INFO] [/home/shanta/PycharmProjects/comserv2/Comserv/script/../lib/Comserv/Controller/Root.pm:834] auto - Fetched SiteName: CSC
[2025-03-29 06:23:53] [INFO] [/home/shanta/PycharmProjects/comserv2/Comserv/script/../lib/Comserv/Controller/Root.pm:853] auto - Session Roles: admin
[2025-03-29 06:23:58] [INFO] [/home/shanta/PycharmProjects/comserv2/Comserv/script/../lib/Comserv/Controller/Root.pm:513] auto - Session Domain: csc.workstation
[2025-03-29 06:23:58] [INFO] [/home/shanta/PycharmProjects/comserv2/Comserv/script/../lib/Comserv/Controller/Root.pm:829] auto - Entered auto action in Root.pm
[2025-03-29 06:23:58] [INFO] [/home/shanta/PycharmProjects/comserv2/Comserv/script/../lib/Comserv/Controller/Root.pm:834] auto - Fetched SiteName: CSC
[2025-03-29 06:23:58] [INFO] [/home/shanta/PycharmProjects/comserv2/Comserv/script/../lib/Comserv/Controller/Root.pm:853] auto - Session Roles: admin
[2025-03-29 06:23:58] [INFO] [/home/shanta/PycharmProjects/comserv2/Comserv/script/../lib/Comserv/Util/ProxmoxCredentials.pm:114] get_credentials - Getting credentials for server: default
[2025-03-29 06:23:58] [INFO] [/home/shanta/PycharmProjects/comserv2/Comserv/script/../lib/Comserv/Controller/Proxmox.pm:58] index - Configured Proxmox model with host: 172.30.236.89, node: pve
[2025-03-29 06:23:58] [INFO] [/home/shanta/PycharmProjects/comserv2/Comserv/script/../lib/Comserv/Controller/Root.pm:513] auto - Session Domain: csc.workstation
[2025-03-29 06:23:58] [INFO] [/home/shanta/PycharmProjects/comserv2/Comserv/script/../lib/Comserv/Controller/Root.pm:829] auto - Entered auto action in Root.pm
[2025-03-29 06:23:58] [INFO] [/home/shanta/PycharmProjects/comserv2/Comserv/script/../lib/Comserv/Controller/Root.pm:834] auto - Fetched SiteName: CSC
[2025-03-29 06:23:58] [INFO] [/home/shanta/PycharmProjects/comserv2/Comserv/script/../lib/Comserv/Controller/Root.pm:853] auto - Session Roles: admin
[2025-03-29 06:23:58] [INFO] [/home/shanta/PycharmProjects/comserv2/Comserv/script/../lib/Comserv/Controller/ProxmoxServers.pm:43] index - Retrieved 0 Proxmox servers
[2025-03-29 06:23:58] [INFO] [/home/shanta/PycharmProjects/comserv2/Comserv/script/../lib/Comserv/Controller/Root.pm:513] auto - Session Domain: csc.workstation
[2025-03-29 06:23:58] [INFO] [/home/shanta/PycharmProjects/comserv2/Comserv/script/../lib/Comserv/Controller/Root.pm:829] auto - Entered auto action in Root.pm
[2025-03-29 06:23:58] [INFO] [/home/shanta/PycharmProjects/comserv2/Comserv/script/../lib/Comserv/Controller/Root.pm:834] auto - Fetched SiteName: CSC
[2025-03-29 06:23:58] [INFO] [/home/shanta/PycharmProjects/comserv2/Comserv/script/../lib/Comserv/Controller/Root.pm:853] auto - Session Roles: admin
[2025-03-29 06:25:01] [INFO] [/home/shanta/PycharmProjects/comserv2/Comserv/script/../lib/Comserv/Controller/Root.pm:513] auto - Session Domain: csc.workstation
[2025-03-29 06:25:02] [INFO] [/home/shanta/PycharmProjects/comserv2/Comserv/script/../lib/Comserv/Controller/Root.pm:829] auto - Entered auto action in Root.pm
[2025-03-29 06:25:02] [INFO] [/home/shanta/PycharmProjects/comserv2/Comserv/script/../lib/Comserv/Controller/Root.pm:834] auto - Fetched SiteName: CSC
[2025-03-29 06:25:02] [INFO] [/home/shanta/PycharmProjects/comserv2/Comserv/script/../lib/Comserv/Controller/Root.pm:853] auto - Session Roles: admin
[2025-03-29 06:25:02] [INFO] [/home/shanta/PycharmProjects/comserv2/Comserv/script/../lib/Comserv/Controller/Root.pm:513] auto - Session Domain: csc.workstation
[2025-03-29 06:25:02] [INFO] [/home/shanta/PycharmProjects/comserv2/Comserv/script/../lib/Comserv/Controller/Root.pm:829] auto - Entered auto action in Root.pm
[2025-03-29 06:25:02] [INFO] [/home/shanta/PycharmProjects/comserv2/Comserv/script/../lib/Comserv/Controller/Root.pm:834] auto - Fetched SiteName: CSC
[2025-03-29 06:25:02] [INFO] [/home/shanta/PycharmProjects/comserv2/Comserv/script/../lib/Comserv/Controller/Root.pm:853] auto - Session Roles: admin
[2025-03-29 06:31:53] [INFO] [/home/shanta/PycharmProjects/comserv2/Comserv/script/../lib/Comserv/Controller/Todo.pm:18] begin - User accessing path: http://csc.workstation:3000/todo
[2025-03-29 06:31:53] [INFO] [/home/shanta/PycharmProjects/comserv2/Comserv/script/../lib/Comserv/Controller/Todo.pm:54] begin - User authorized to access Todo: Shanta
[2025-03-29 06:31:53] [INFO] [/home/shanta/PycharmProjects/comserv2/Comserv/script/../lib/Comserv/Controller/Root.pm:513] auto - Session Domain: csc.workstation
[2025-03-29 06:31:53] [INFO] [/home/shanta/PycharmProjects/comserv2/Comserv/script/../lib/Comserv/Controller/Root.pm:829] auto - Entered auto action in Root.pm
[2025-03-29 06:31:53] [INFO] [/home/shanta/PycharmProjects/comserv2/Comserv/script/../lib/Comserv/Controller/Root.pm:834] auto - Fetched SiteName: CSC
[2025-03-29 06:31:53] [INFO] [/home/shanta/PycharmProjects/comserv2/Comserv/script/../lib/Comserv/Controller/Root.pm:853] auto - Session Roles: admin
[2025-03-29 06:31:53] [INFO] [/home/shanta/PycharmProjects/comserv2/Comserv/script/../lib/Comserv/Controller/Todo.pm:78] auto - User authorized to access Todo controller
[2025-03-29 06:31:54] [INFO] [/home/shanta/PycharmProjects/comserv2/Comserv/script/../lib/Comserv/Controller/Root.pm:513] auto - Session Domain: csc.workstation
[2025-03-29 06:31:54] [INFO] [/home/shanta/PycharmProjects/comserv2/Comserv/script/../lib/Comserv/Controller/Root.pm:829] auto - Entered auto action in Root.pm
[2025-03-29 06:31:54] [INFO] [/home/shanta/PycharmProjects/comserv2/Comserv/script/../lib/Comserv/Controller/Root.pm:834] auto - Fetched SiteName: CSC
[2025-03-29 06:31:54] [INFO] [/home/shanta/PycharmProjects/comserv2/Comserv/script/../lib/Comserv/Controller/Root.pm:853] auto - Session Roles: admin
[2025-03-29 06:32:10] [INFO] [/home/shanta/PycharmProjects/comserv2/Comserv/script/../lib/Comserv/Controller/Todo.pm:18] begin - User accessing path: http://csc.workstation:3000/todo/addtodo
[2025-03-29 06:32:10] [INFO] [/home/shanta/PycharmProjects/comserv2/Comserv/script/../lib/Comserv/Controller/Todo.pm:54] begin - User authorized to access Todo: Shanta
[2025-03-29 06:32:10] [INFO] [/home/shanta/PycharmProjects/comserv2/Comserv/script/../lib/Comserv/Controller/Root.pm:513] auto - Session Domain: csc.workstation
[2025-03-29 06:32:10] [INFO] [/home/shanta/PycharmProjects/comserv2/Comserv/script/../lib/Comserv/Controller/Root.pm:829] auto - Entered auto action in Root.pm
[2025-03-29 06:32:10] [INFO] [/home/shanta/PycharmProjects/comserv2/Comserv/script/../lib/Comserv/Controller/Root.pm:834] auto - Fetched SiteName: CSC
[2025-03-29 06:32:10] [INFO] [/home/shanta/PycharmProjects/comserv2/Comserv/script/../lib/Comserv/Controller/Root.pm:853] auto - Session Roles: admin
[2025-03-29 06:32:10] [INFO] [/home/shanta/PycharmProjects/comserv2/Comserv/script/../lib/Comserv/Controller/Todo.pm:78] auto - User authorized to access Todo controller
[2025-03-29 06:32:10] [INFO] [/home/shanta/PycharmProjects/comserv2/Comserv/script/../lib/Comserv/Controller/Root.pm:513] auto - Session Domain: csc.workstation
[2025-03-29 06:32:10] [INFO] [/home/shanta/PycharmProjects/comserv2/Comserv/script/../lib/Comserv/Controller/Root.pm:829] auto - Entered auto action in Root.pm
[2025-03-29 06:32:10] [INFO] [/home/shanta/PycharmProjects/comserv2/Comserv/script/../lib/Comserv/Controller/Root.pm:834] auto - Fetched SiteName: CSC
[2025-03-29 06:32:10] [INFO] [/home/shanta/PycharmProjects/comserv2/Comserv/script/../lib/Comserv/Controller/Root.pm:853] auto - Session Roles: admin
[2025-03-29 06:33:35] [INFO] [/home/shanta/PycharmProjects/comserv2/Comserv/script/../lib/Comserv/Controller/Root.pm:513] auto - Session Domain: csc.workstation
[2025-03-29 06:33:35] [INFO] [/home/shanta/PycharmProjects/comserv2/Comserv/script/../lib/Comserv/Controller/Root.pm:829] auto - Entered auto action in Root.pm
[2025-03-29 06:33:35] [INFO] [/home/shanta/PycharmProjects/comserv2/Comserv/script/../lib/Comserv/Controller/Root.pm:834] auto - Fetched SiteName: CSC
[2025-03-29 06:33:35] [INFO] [/home/shanta/PycharmProjects/comserv2/Comserv/script/../lib/Comserv/Controller/Root.pm:853] auto - Session Roles: admin
[2025-03-29 06:33:35] [INFO] [/home/shanta/PycharmProjects/comserv2/Comserv/script/../lib/Comserv/Controller/Root.pm:513] auto - Session Domain: csc.workstation
[2025-03-29 06:33:35] [INFO] [/home/shanta/PycharmProjects/comserv2/Comserv/script/../lib/Comserv/Controller/Root.pm:829] auto - Entered auto action in Root.pm
[2025-03-29 06:33:35] [INFO] [/home/shanta/PycharmProjects/comserv2/Comserv/script/../lib/Comserv/Controller/Root.pm:834] auto - Fetched SiteName: CSC
[2025-03-29 06:33:35] [INFO] [/home/shanta/PycharmProjects/comserv2/Comserv/script/../lib/Comserv/Controller/Root.pm:853] auto - Session Roles: admin
[2025-03-29 06:33:39] [INFO] [/home/shanta/PycharmProjects/comserv2/Comserv/script/../lib/Comserv/Controller/Root.pm:513] auto - Session Domain: csc.workstation
[2025-03-29 06:33:39] [INFO] [/home/shanta/PycharmProjects/comserv2/Comserv/script/../lib/Comserv/Controller/Root.pm:829] auto - Entered auto action in Root.pm
[2025-03-29 06:33:39] [INFO] [/home/shanta/PycharmProjects/comserv2/Comserv/script/../lib/Comserv/Controller/Root.pm:834] auto - Fetched SiteName: CSC
[2025-03-29 06:33:39] [INFO] [/home/shanta/PycharmProjects/comserv2/Comserv/script/../lib/Comserv/Controller/Root.pm:853] auto - Session Roles: admin
[2025-03-29 06:33:39] [INFO] [/home/shanta/PycharmProjects/comserv2/Comserv/script/../lib/Comserv/Controller/Root.pm:513] auto - Session Domain: csc.workstation
[2025-03-29 06:33:39] [INFO] [/home/shanta/PycharmProjects/comserv2/Comserv/script/../lib/Comserv/Controller/Root.pm:829] auto - Entered auto action in Root.pm
[2025-03-29 06:33:39] [INFO] [/home/shanta/PycharmProjects/comserv2/Comserv/script/../lib/Comserv/Controller/Root.pm:834] auto - Fetched SiteName: CSC
[2025-03-29 06:33:39] [INFO] [/home/shanta/PycharmProjects/comserv2/Comserv/script/../lib/Comserv/Controller/Root.pm:853] auto - Session Roles: admin
[2025-03-29 06:33:44] [INFO] [/home/shanta/PycharmProjects/comserv2/Comserv/script/../lib/Comserv/Controller/Root.pm:513] auto - Session Domain: csc.workstation
[2025-03-29 06:33:44] [INFO] [/home/shanta/PycharmProjects/comserv2/Comserv/script/../lib/Comserv/Controller/Root.pm:829] auto - Entered auto action in Root.pm
[2025-03-29 06:33:44] [INFO] [/home/shanta/PycharmProjects/comserv2/Comserv/script/../lib/Comserv/Controller/Root.pm:834] auto - Fetched SiteName: CSC
[2025-03-29 06:33:44] [INFO] [/home/shanta/PycharmProjects/comserv2/Comserv/script/../lib/Comserv/Controller/Root.pm:853] auto - Session Roles: admin
[2025-03-29 06:33:44] [INFO] [/home/shanta/PycharmProjects/comserv2/Comserv/script/../lib/Comserv/Controller/Root.pm:513] auto - Session Domain: csc.workstation
[2025-03-29 06:33:44] [INFO] [/home/shanta/PycharmProjects/comserv2/Comserv/script/../lib/Comserv/Controller/Root.pm:829] auto - Entered auto action in Root.pm
[2025-03-29 06:33:44] [INFO] [/home/shanta/PycharmProjects/comserv2/Comserv/script/../lib/Comserv/Controller/Root.pm:834] auto - Fetched SiteName: CSC
[2025-03-29 06:33:44] [INFO] [/home/shanta/PycharmProjects/comserv2/Comserv/script/../lib/Comserv/Controller/Root.pm:853] auto - Session Roles: admin
[2025-03-29 06:37:34] [INFO] [/home/shanta/PycharmProjects/comserv2/Comserv/script/../lib/Comserv/Controller/Root.pm:513] auto - Session Domain: csc.workstation
[2025-03-29 06:37:34] [INFO] [/home/shanta/PycharmProjects/comserv2/Comserv/script/../lib/Comserv/Controller/Root.pm:829] auto - Entered auto action in Root.pm
[2025-03-29 06:37:34] [INFO] [/home/shanta/PycharmProjects/comserv2/Comserv/script/../lib/Comserv/Controller/Root.pm:834] auto - Fetched SiteName: CSC
[2025-03-29 06:37:34] [INFO] [/home/shanta/PycharmProjects/comserv2/Comserv/script/../lib/Comserv/Controller/Root.pm:853] auto - Session Roles: admin
[2025-03-29 06:37:34] [INFO] [/home/shanta/PycharmProjects/comserv2/Comserv/script/../lib/Comserv/Controller/Root.pm:513] auto - Session Domain: csc.workstation
[2025-03-29 06:37:34] [INFO] [/home/shanta/PycharmProjects/comserv2/Comserv/script/../lib/Comserv/Controller/Root.pm:829] auto - Entered auto action in Root.pm
[2025-03-29 06:37:34] [INFO] [/home/shanta/PycharmProjects/comserv2/Comserv/script/../lib/Comserv/Controller/Root.pm:834] auto - Fetched SiteName: CSC
[2025-03-29 06:37:34] [INFO] [/home/shanta/PycharmProjects/comserv2/Comserv/script/../lib/Comserv/Controller/Root.pm:853] auto - Session Roles: admin
[2025-03-29 06:37:35] [INFO] [/home/shanta/PycharmProjects/comserv2/Comserv/script/../lib/Comserv/Controller/Root.pm:513] auto - Session Domain: csc.workstation
[2025-03-29 06:37:35] [INFO] [/home/shanta/PycharmProjects/comserv2/Comserv/script/../lib/Comserv/Controller/Root.pm:829] auto - Entered auto action in Root.pm
[2025-03-29 06:37:35] [INFO] [/home/shanta/PycharmProjects/comserv2/Comserv/script/../lib/Comserv/Controller/Root.pm:834] auto - Fetched SiteName: CSC
[2025-03-29 06:37:35] [INFO] [/home/shanta/PycharmProjects/comserv2/Comserv/script/../lib/Comserv/Controller/Root.pm:853] auto - Session Roles: admin
[2025-03-29 06:37:35] [INFO] [/home/shanta/PycharmProjects/comserv2/Comserv/script/../lib/Comserv/Controller/Root.pm:513] auto - Session Domain: csc.workstation
[2025-03-29 06:37:35] [INFO] [/home/shanta/PycharmProjects/comserv2/Comserv/script/../lib/Comserv/Controller/Root.pm:829] auto - Entered auto action in Root.pm
[2025-03-29 06:37:35] [INFO] [/home/shanta/PycharmProjects/comserv2/Comserv/script/../lib/Comserv/Controller/Root.pm:834] auto - Fetched SiteName: CSC
[2025-03-29 06:37:35] [INFO] [/home/shanta/PycharmProjects/comserv2/Comserv/script/../lib/Comserv/Controller/Root.pm:853] auto - Session Roles: admin
[2025-03-29 06:37:36] [INFO] [/home/shanta/PycharmProjects/comserv2/Comserv/script/../lib/Comserv/Controller/Root.pm:513] auto - Session Domain: csc.workstation
[2025-03-29 06:37:36] [INFO] [/home/shanta/PycharmProjects/comserv2/Comserv/script/../lib/Comserv/Controller/Root.pm:829] auto - Entered auto action in Root.pm
[2025-03-29 06:37:36] [INFO] [/home/shanta/PycharmProjects/comserv2/Comserv/script/../lib/Comserv/Controller/Root.pm:834] auto - Fetched SiteName: CSC
[2025-03-29 06:37:36] [INFO] [/home/shanta/PycharmProjects/comserv2/Comserv/script/../lib/Comserv/Controller/Root.pm:853] auto - Session Roles: admin
[2025-03-29 06:37:36] [INFO] [/home/shanta/PycharmProjects/comserv2/Comserv/script/../lib/Comserv/Controller/Root.pm:513] auto - Session Domain: csc.workstation
[2025-03-29 06:37:36] [INFO] [/home/shanta/PycharmProjects/comserv2/Comserv/script/../lib/Comserv/Controller/Root.pm:829] auto - Entered auto action in Root.pm
[2025-03-29 06:37:36] [INFO] [/home/shanta/PycharmProjects/comserv2/Comserv/script/../lib/Comserv/Controller/Root.pm:834] auto - Fetched SiteName: CSC
[2025-03-29 06:37:36] [INFO] [/home/shanta/PycharmProjects/comserv2/Comserv/script/../lib/Comserv/Controller/Root.pm:853] auto - Session Roles: admin
[2025-03-29 06:37:37] [INFO] [/home/shanta/PycharmProjects/comserv2/Comserv/script/../lib/Comserv/Controller/Root.pm:513] auto - Session Domain: csc.workstation
[2025-03-29 06:37:37] [INFO] [/home/shanta/PycharmProjects/comserv2/Comserv/script/../lib/Comserv/Controller/Root.pm:829] auto - Entered auto action in Root.pm
[2025-03-29 06:37:37] [INFO] [/home/shanta/PycharmProjects/comserv2/Comserv/script/../lib/Comserv/Controller/Root.pm:834] auto - Fetched SiteName: CSC
[2025-03-29 06:37:37] [INFO] [/home/shanta/PycharmProjects/comserv2/Comserv/script/../lib/Comserv/Controller/Root.pm:853] auto - Session Roles: admin
[2025-03-29 06:37:37] [INFO] [/home/shanta/PycharmProjects/comserv2/Comserv/script/../lib/Comserv/Controller/Root.pm:513] auto - Session Domain: csc.workstation
[2025-03-29 06:37:37] [INFO] [/home/shanta/PycharmProjects/comserv2/Comserv/script/../lib/Comserv/Controller/Root.pm:829] auto - Entered auto action in Root.pm
[2025-03-29 06:37:37] [INFO] [/home/shanta/PycharmProjects/comserv2/Comserv/script/../lib/Comserv/Controller/Root.pm:834] auto - Fetched SiteName: CSC
[2025-03-29 06:37:37] [INFO] [/home/shanta/PycharmProjects/comserv2/Comserv/script/../lib/Comserv/Controller/Root.pm:853] auto - Session Roles: admin
[2025-03-29 06:38:58] [INFO] [/home/shanta/PycharmProjects/comserv2/Comserv/script/../lib/Comserv/Controller/Root.pm:513] auto - Session Domain: csc.workstation
[2025-03-29 06:38:58] [INFO] [/home/shanta/PycharmProjects/comserv2/Comserv/script/../lib/Comserv/Controller/Root.pm:829] auto - Entered auto action in Root.pm
[2025-03-29 06:38:58] [INFO] [/home/shanta/PycharmProjects/comserv2/Comserv/script/../lib/Comserv/Controller/Root.pm:834] auto - Fetched SiteName: CSC
[2025-03-29 06:38:58] [INFO] [/home/shanta/PycharmProjects/comserv2/Comserv/script/../lib/Comserv/Controller/Root.pm:853] auto - Session Roles: admin
[2025-03-29 06:38:58] [INFO] [/home/shanta/PycharmProjects/comserv2/Comserv/script/../lib/Comserv/Controller/Root.pm:866] auto - Debug mode enabled
[2025-03-29 06:38:58] [INFO] [/home/shanta/PycharmProjects/comserv2/Comserv/script/../lib/Comserv/Controller/Root.pm:513] auto - Session Domain: csc.workstation
[2025-03-29 06:38:58] [INFO] [/home/shanta/PycharmProjects/comserv2/Comserv/script/../lib/Comserv/Controller/Root.pm:829] auto - Entered auto action in Root.pm
[2025-03-29 06:38:58] [INFO] [/home/shanta/PycharmProjects/comserv2/Comserv/script/../lib/Comserv/Controller/Root.pm:834] auto - Fetched SiteName: CSC
[2025-03-29 06:38:58] [INFO] [/home/shanta/PycharmProjects/comserv2/Comserv/script/../lib/Comserv/Controller/Root.pm:853] auto - Session Roles: admin
[2025-03-29 06:56:22] [INFO] [/home/shanta/PycharmProjects/comserv2/Comserv/script/../lib/Comserv/Controller/Todo.pm:18] begin - User accessing path: http://csc.workstation:3000/todo
[2025-03-29 06:56:22] [INFO] [/home/shanta/PycharmProjects/comserv2/Comserv/script/../lib/Comserv/Controller/Todo.pm:54] begin - User authorized to access Todo: Shanta
[2025-03-29 06:56:22] [INFO] [/home/shanta/PycharmProjects/comserv2/Comserv/script/../lib/Comserv/Controller/Root.pm:513] auto - Session Domain: csc.workstation
[2025-03-29 06:56:22] [INFO] [/home/shanta/PycharmProjects/comserv2/Comserv/script/../lib/Comserv/Controller/Root.pm:829] auto - Entered auto action in Root.pm
[2025-03-29 06:56:22] [INFO] [/home/shanta/PycharmProjects/comserv2/Comserv/script/../lib/Comserv/Controller/Root.pm:834] auto - Fetched SiteName: CSC
[2025-03-29 06:56:22] [INFO] [/home/shanta/PycharmProjects/comserv2/Comserv/script/../lib/Comserv/Controller/Root.pm:853] auto - Session Roles: admin
[2025-03-29 06:56:22] [INFO] [/home/shanta/PycharmProjects/comserv2/Comserv/script/../lib/Comserv/Controller/Todo.pm:78] auto - User authorized to access Todo controller
[2025-03-29 06:56:22] [INFO] [/home/shanta/PycharmProjects/comserv2/Comserv/script/../lib/Comserv/Controller/Root.pm:513] auto - Session Domain: csc.workstation
[2025-03-29 06:56:22] [INFO] [/home/shanta/PycharmProjects/comserv2/Comserv/script/../lib/Comserv/Controller/Root.pm:829] auto - Entered auto action in Root.pm
[2025-03-29 06:56:22] [INFO] [/home/shanta/PycharmProjects/comserv2/Comserv/script/../lib/Comserv/Controller/Root.pm:834] auto - Fetched SiteName: CSC
[2025-03-29 06:56:22] [INFO] [/home/shanta/PycharmProjects/comserv2/Comserv/script/../lib/Comserv/Controller/Root.pm:853] auto - Session Roles: admin
[2025-03-29 06:56:42] [INFO] [/home/shanta/PycharmProjects/comserv2/Comserv/script/../lib/Comserv/Controller/Todo.pm:18] begin - User accessing path: http://csc.workstation:3000/todo/day
[2025-03-29 06:56:42] [INFO] [/home/shanta/PycharmProjects/comserv2/Comserv/script/../lib/Comserv/Controller/Todo.pm:54] begin - User authorized to access Todo: Shanta
[2025-03-29 06:56:42] [INFO] [/home/shanta/PycharmProjects/comserv2/Comserv/script/../lib/Comserv/Controller/Root.pm:513] auto - Session Domain: csc.workstation
[2025-03-29 06:56:42] [INFO] [/home/shanta/PycharmProjects/comserv2/Comserv/script/../lib/Comserv/Controller/Root.pm:829] auto - Entered auto action in Root.pm
[2025-03-29 06:56:42] [INFO] [/home/shanta/PycharmProjects/comserv2/Comserv/script/../lib/Comserv/Controller/Root.pm:834] auto - Fetched SiteName: CSC
[2025-03-29 06:56:42] [INFO] [/home/shanta/PycharmProjects/comserv2/Comserv/script/../lib/Comserv/Controller/Root.pm:853] auto - Session Roles: admin
[2025-03-29 06:56:42] [INFO] [/home/shanta/PycharmProjects/comserv2/Comserv/script/../lib/Comserv/Controller/Todo.pm:78] auto - User authorized to access Todo controller
[2025-03-29 06:56:42] [INFO] [/home/shanta/PycharmProjects/comserv2/Comserv/script/../lib/Comserv/Model/Todo.pm:33] get_top_todos - Roles available for Todo: admin
[2025-03-29 06:56:42] [INFO] [/home/shanta/PycharmProjects/comserv2/Comserv/script/../lib/Comserv/Model/Todo.pm:37] get_top_todos - User has admin privilege.
[2025-03-29 06:56:43] [INFO] [/home/shanta/PycharmProjects/comserv2/Comserv/script/../lib/Comserv/Controller/Root.pm:513] auto - Session Domain: csc.workstation
[2025-03-29 06:56:43] [INFO] [/home/shanta/PycharmProjects/comserv2/Comserv/script/../lib/Comserv/Controller/Root.pm:829] auto - Entered auto action in Root.pm
[2025-03-29 06:56:43] [INFO] [/home/shanta/PycharmProjects/comserv2/Comserv/script/../lib/Comserv/Controller/Root.pm:834] auto - Fetched SiteName: CSC
[2025-03-29 06:56:43] [INFO] [/home/shanta/PycharmProjects/comserv2/Comserv/script/../lib/Comserv/Controller/Root.pm:853] auto - Session Roles: admin
[2025-03-29 06:56:49] [INFO] [/home/shanta/PycharmProjects/comserv2/Comserv/script/../lib/Comserv/Controller/Todo.pm:18] begin - User accessing path: http://csc.workstation:3000/todo/day/
[2025-03-29 06:56:49] [INFO] [/home/shanta/PycharmProjects/comserv2/Comserv/script/../lib/Comserv/Controller/Todo.pm:54] begin - User authorized to access Todo: Shanta
[2025-03-29 06:56:49] [INFO] [/home/shanta/PycharmProjects/comserv2/Comserv/script/../lib/Comserv/Controller/Root.pm:513] auto - Session Domain: csc.workstation
[2025-03-29 06:56:49] [INFO] [/home/shanta/PycharmProjects/comserv2/Comserv/script/../lib/Comserv/Controller/Root.pm:829] auto - Entered auto action in Root.pm
[2025-03-29 06:56:49] [INFO] [/home/shanta/PycharmProjects/comserv2/Comserv/script/../lib/Comserv/Controller/Root.pm:834] auto - Fetched SiteName: CSC
[2025-03-29 06:56:49] [INFO] [/home/shanta/PycharmProjects/comserv2/Comserv/script/../lib/Comserv/Controller/Root.pm:853] auto - Session Roles: admin
[2025-03-29 06:56:49] [INFO] [/home/shanta/PycharmProjects/comserv2/Comserv/script/../lib/Comserv/Controller/Todo.pm:78] auto - User authorized to access Todo controller
[2025-03-29 06:56:49] [INFO] [/home/shanta/PycharmProjects/comserv2/Comserv/script/../lib/Comserv/Model/Todo.pm:33] get_top_todos - Roles available for Todo: admin
[2025-03-29 06:56:49] [INFO] [/home/shanta/PycharmProjects/comserv2/Comserv/script/../lib/Comserv/Model/Todo.pm:37] get_top_todos - User has admin privilege.
[2025-03-29 06:56:50] [INFO] [/home/shanta/PycharmProjects/comserv2/Comserv/script/../lib/Comserv/Controller/Root.pm:513] auto - Session Domain: csc.workstation
[2025-03-29 06:56:50] [INFO] [/home/shanta/PycharmProjects/comserv2/Comserv/script/../lib/Comserv/Controller/Root.pm:829] auto - Entered auto action in Root.pm
[2025-03-29 06:56:50] [INFO] [/home/shanta/PycharmProjects/comserv2/Comserv/script/../lib/Comserv/Controller/Root.pm:834] auto - Fetched SiteName: CSC
[2025-03-29 06:56:50] [INFO] [/home/shanta/PycharmProjects/comserv2/Comserv/script/../lib/Comserv/Controller/Root.pm:853] auto - Session Roles: admin
[2025-03-29 06:56:57] [INFO] [/home/shanta/PycharmProjects/comserv2/Comserv/script/../lib/Comserv/Controller/Todo.pm:18] begin - User accessing path: http://csc.workstation:3000/todo/month
[2025-03-29 06:56:57] [INFO] [/home/shanta/PycharmProjects/comserv2/Comserv/script/../lib/Comserv/Controller/Todo.pm:54] begin - User authorized to access Todo: Shanta
[2025-03-29 06:56:57] [INFO] [/home/shanta/PycharmProjects/comserv2/Comserv/script/../lib/Comserv/Controller/Root.pm:513] auto - Session Domain: csc.workstation
[2025-03-29 06:56:57] [INFO] [/home/shanta/PycharmProjects/comserv2/Comserv/script/../lib/Comserv/Controller/Root.pm:829] auto - Entered auto action in Root.pm
[2025-03-29 06:56:57] [INFO] [/home/shanta/PycharmProjects/comserv2/Comserv/script/../lib/Comserv/Controller/Root.pm:834] auto - Fetched SiteName: CSC
[2025-03-29 06:56:57] [INFO] [/home/shanta/PycharmProjects/comserv2/Comserv/script/../lib/Comserv/Controller/Root.pm:853] auto - Session Roles: admin
[2025-03-29 06:56:57] [INFO] [/home/shanta/PycharmProjects/comserv2/Comserv/script/../lib/Comserv/Controller/Todo.pm:78] auto - User authorized to access Todo controller
[2025-03-29 06:56:57] [INFO] [/home/shanta/PycharmProjects/comserv2/Comserv/script/../lib/Comserv/Model/Todo.pm:33] get_top_todos - Roles available for Todo: admin
[2025-03-29 06:56:57] [INFO] [/home/shanta/PycharmProjects/comserv2/Comserv/script/../lib/Comserv/Model/Todo.pm:37] get_top_todos - User has admin privilege.
[2025-03-29 06:56:57] [INFO] [/home/shanta/PycharmProjects/comserv2/Comserv/script/../lib/Comserv/Controller/Root.pm:513] auto - Session Domain: csc.workstation
[2025-03-29 06:56:57] [INFO] [/home/shanta/PycharmProjects/comserv2/Comserv/script/../lib/Comserv/Controller/Root.pm:829] auto - Entered auto action in Root.pm
[2025-03-29 06:56:57] [INFO] [/home/shanta/PycharmProjects/comserv2/Comserv/script/../lib/Comserv/Controller/Root.pm:834] auto - Fetched SiteName: CSC
[2025-03-29 06:56:57] [INFO] [/home/shanta/PycharmProjects/comserv2/Comserv/script/../lib/Comserv/Controller/Root.pm:853] auto - Session Roles: admin
[2025-03-29 06:58:31] [INFO] [/home/shanta/PycharmProjects/comserv2/Comserv/script/../lib/Comserv/Controller/Todo.pm:18] begin - User accessing path: http://csc.workstation:3000/todo/month
[2025-03-29 06:58:31] [INFO] [/home/shanta/PycharmProjects/comserv2/Comserv/script/../lib/Comserv/Controller/Todo.pm:54] begin - User authorized to access Todo: Shanta
[2025-03-29 06:58:31] [INFO] [/home/shanta/PycharmProjects/comserv2/Comserv/script/../lib/Comserv/Controller/Root.pm:513] auto - Session Domain: csc.workstation
[2025-03-29 06:58:31] [INFO] [/home/shanta/PycharmProjects/comserv2/Comserv/script/../lib/Comserv/Controller/Root.pm:829] auto - Entered auto action in Root.pm
[2025-03-29 06:58:31] [INFO] [/home/shanta/PycharmProjects/comserv2/Comserv/script/../lib/Comserv/Controller/Root.pm:834] auto - Fetched SiteName: CSC
[2025-03-29 06:58:31] [INFO] [/home/shanta/PycharmProjects/comserv2/Comserv/script/../lib/Comserv/Controller/Root.pm:853] auto - Session Roles: admin
[2025-03-29 06:58:31] [INFO] [/home/shanta/PycharmProjects/comserv2/Comserv/script/../lib/Comserv/Controller/Todo.pm:78] auto - User authorized to access Todo controller
[2025-03-29 06:58:31] [INFO] [/home/shanta/PycharmProjects/comserv2/Comserv/script/../lib/Comserv/Model/Todo.pm:33] get_top_todos - Roles available for Todo: admin
[2025-03-29 06:58:31] [INFO] [/home/shanta/PycharmProjects/comserv2/Comserv/script/../lib/Comserv/Model/Todo.pm:37] get_top_todos - User has admin privilege.
[2025-03-29 06:58:32] [INFO] [/home/shanta/PycharmProjects/comserv2/Comserv/script/../lib/Comserv/Controller/Root.pm:513] auto - Session Domain: csc.workstation
[2025-03-29 06:58:32] [INFO] [/home/shanta/PycharmProjects/comserv2/Comserv/script/../lib/Comserv/Controller/Root.pm:829] auto - Entered auto action in Root.pm
[2025-03-29 06:58:32] [INFO] [/home/shanta/PycharmProjects/comserv2/Comserv/script/../lib/Comserv/Controller/Root.pm:834] auto - Fetched SiteName: CSC
[2025-03-29 06:58:32] [INFO] [/home/shanta/PycharmProjects/comserv2/Comserv/script/../lib/Comserv/Controller/Root.pm:853] auto - Session Roles: admin
[2025-03-29 06:58:45] [INFO] [/home/shanta/PycharmProjects/comserv2/Comserv/script/../lib/Comserv/Controller/Root.pm:513] auto - Session Domain: csc.workstation
[2025-03-29 06:58:45] [INFO] [/home/shanta/PycharmProjects/comserv2/Comserv/script/../lib/Comserv/Controller/Root.pm:829] auto - Entered auto action in Root.pm
[2025-03-29 06:58:45] [INFO] [/home/shanta/PycharmProjects/comserv2/Comserv/script/../lib/Comserv/Controller/Root.pm:834] auto - Fetched SiteName: CSC
[2025-03-29 06:58:45] [INFO] [/home/shanta/PycharmProjects/comserv2/Comserv/script/../lib/Comserv/Controller/Root.pm:853] auto - Session Roles: admin
[2025-03-29 06:58:45] [INFO] [/home/shanta/PycharmProjects/comserv2/Comserv/script/../lib/Comserv/Controller/Root.pm:866] auto - Debug mode enabled
[2025-03-29 06:58:45] [INFO] [/home/shanta/PycharmProjects/comserv2/Comserv/script/../lib/Comserv/Controller/Root.pm:513] auto - Session Domain: csc.workstation
[2025-03-29 06:58:45] [INFO] [/home/shanta/PycharmProjects/comserv2/Comserv/script/../lib/Comserv/Controller/Root.pm:829] auto - Entered auto action in Root.pm
[2025-03-29 06:58:45] [INFO] [/home/shanta/PycharmProjects/comserv2/Comserv/script/../lib/Comserv/Controller/Root.pm:834] auto - Fetched SiteName: CSC
[2025-03-29 06:58:45] [INFO] [/home/shanta/PycharmProjects/comserv2/Comserv/script/../lib/Comserv/Controller/Root.pm:853] auto - Session Roles: admin
[2025-03-29 07:02:17] [INFO] [/home/shanta/PycharmProjects/comserv2/Comserv/script/../lib/Comserv/Controller/Root.pm:513] auto - Session Domain: csc.workstation
[2025-03-29 07:02:17] [INFO] [/home/shanta/PycharmProjects/comserv2/Comserv/script/../lib/Comserv/Controller/Root.pm:829] auto - Entered auto action in Root.pm
[2025-03-29 07:02:17] [INFO] [/home/shanta/PycharmProjects/comserv2/Comserv/script/../lib/Comserv/Controller/Root.pm:834] auto - Fetched SiteName: CSC
[2025-03-29 07:02:17] [INFO] [/home/shanta/PycharmProjects/comserv2/Comserv/script/../lib/Comserv/Controller/Root.pm:853] auto - Session Roles: admin
[2025-03-29 07:02:17] [INFO] [/home/shanta/PycharmProjects/comserv2/Comserv/script/../lib/Comserv/Controller/Root.pm:866] auto - Debug mode enabled
[2025-03-29 07:02:17] [INFO] [/home/shanta/PycharmProjects/comserv2/Comserv/script/../lib/Comserv/Controller/Root.pm:513] auto - Session Domain: csc.workstation
[2025-03-29 07:02:17] [INFO] [/home/shanta/PycharmProjects/comserv2/Comserv/script/../lib/Comserv/Controller/Root.pm:829] auto - Entered auto action in Root.pm
[2025-03-29 07:02:17] [INFO] [/home/shanta/PycharmProjects/comserv2/Comserv/script/../lib/Comserv/Controller/Root.pm:834] auto - Fetched SiteName: CSC
[2025-03-29 07:02:17] [INFO] [/home/shanta/PycharmProjects/comserv2/Comserv/script/../lib/Comserv/Controller/Root.pm:853] auto - Session Roles: admin
[2025-03-29 07:02:48] [INFO] [/home/shanta/PycharmProjects/comserv2/Comserv/script/../lib/Comserv/Controller/Root.pm:513] auto - Session Domain: csc.workstation
[2025-03-29 07:02:48] [INFO] [/home/shanta/PycharmProjects/comserv2/Comserv/script/../lib/Comserv/Controller/Root.pm:829] auto - Entered auto action in Root.pm
[2025-03-29 07:02:48] [INFO] [/home/shanta/PycharmProjects/comserv2/Comserv/script/../lib/Comserv/Controller/Root.pm:834] auto - Fetched SiteName: CSC
[2025-03-29 07:02:48] [INFO] [/home/shanta/PycharmProjects/comserv2/Comserv/script/../lib/Comserv/Controller/Root.pm:853] auto - Session Roles: admin
[2025-03-29 07:02:48] [INFO] [/home/shanta/PycharmProjects/comserv2/Comserv/script/../lib/Comserv/Controller/Root.pm:866] auto - Debug mode enabled
[2025-03-29 07:02:48] [INFO] [/home/shanta/PycharmProjects/comserv2/Comserv/script/../lib/Comserv/Controller/Root.pm:513] auto - Session Domain: csc.workstation
[2025-03-29 07:02:48] [INFO] [/home/shanta/PycharmProjects/comserv2/Comserv/script/../lib/Comserv/Controller/Root.pm:829] auto - Entered auto action in Root.pm
[2025-03-29 07:02:48] [INFO] [/home/shanta/PycharmProjects/comserv2/Comserv/script/../lib/Comserv/Controller/Root.pm:834] auto - Fetched SiteName: CSC
[2025-03-29 07:02:48] [INFO] [/home/shanta/PycharmProjects/comserv2/Comserv/script/../lib/Comserv/Controller/Root.pm:853] auto - Session Roles: admin
[2025-03-29 07:07:08] [INFO] [/home/shanta/PycharmProjects/comserv2/Comserv/script/../lib/Comserv/Controller/Root.pm:513] auto - Session Domain: csc.workstation
[2025-03-29 07:07:08] [INFO] [/home/shanta/PycharmProjects/comserv2/Comserv/script/../lib/Comserv/Controller/Root.pm:829] auto - Entered auto action in Root.pm
[2025-03-29 07:07:08] [INFO] [/home/shanta/PycharmProjects/comserv2/Comserv/script/../lib/Comserv/Controller/Root.pm:834] auto - Fetched SiteName: CSC
[2025-03-29 07:07:08] [INFO] [/home/shanta/PycharmProjects/comserv2/Comserv/script/../lib/Comserv/Controller/Root.pm:853] auto - Session Roles: admin
[2025-03-29 07:07:08] [INFO] [/home/shanta/PycharmProjects/comserv2/Comserv/script/../lib/Comserv/Controller/Root.pm:866] auto - Debug mode enabled
[2025-03-29 07:07:08] [INFO] [/home/shanta/PycharmProjects/comserv2/Comserv/script/../lib/Comserv/Controller/Root.pm:513] auto - Session Domain: csc.workstation
[2025-03-29 07:07:08] [INFO] [/home/shanta/PycharmProjects/comserv2/Comserv/script/../lib/Comserv/Controller/Root.pm:829] auto - Entered auto action in Root.pm
[2025-03-29 07:07:08] [INFO] [/home/shanta/PycharmProjects/comserv2/Comserv/script/../lib/Comserv/Controller/Root.pm:834] auto - Fetched SiteName: CSC
[2025-03-29 07:07:08] [INFO] [/home/shanta/PycharmProjects/comserv2/Comserv/script/../lib/Comserv/Controller/Root.pm:853] auto - Session Roles: admin
[2025-03-29 07:09:56] [INFO] [/home/shanta/PycharmProjects/comserv2/Comserv/script/../lib/Comserv/Controller/Root.pm:513] auto - Session Domain: csc.workstation
[2025-03-29 07:09:56] [INFO] [/home/shanta/PycharmProjects/comserv2/Comserv/script/../lib/Comserv/Controller/Root.pm:829] auto - Entered auto action in Root.pm
[2025-03-29 07:09:56] [INFO] [/home/shanta/PycharmProjects/comserv2/Comserv/script/../lib/Comserv/Controller/Root.pm:834] auto - Fetched SiteName: CSC
[2025-03-29 07:09:56] [INFO] [/home/shanta/PycharmProjects/comserv2/Comserv/script/../lib/Comserv/Controller/Root.pm:853] auto - Session Roles: admin
[2025-03-29 07:09:56] [INFO] [/home/shanta/PycharmProjects/comserv2/Comserv/script/../lib/Comserv/Controller/Root.pm:866] auto - Debug mode enabled
[2025-03-29 07:09:57] [INFO] [/home/shanta/PycharmProjects/comserv2/Comserv/script/../lib/Comserv/Controller/Root.pm:513] auto - Session Domain: csc.workstation
[2025-03-29 07:09:57] [INFO] [/home/shanta/PycharmProjects/comserv2/Comserv/script/../lib/Comserv/Controller/Root.pm:829] auto - Entered auto action in Root.pm
[2025-03-29 07:09:57] [INFO] [/home/shanta/PycharmProjects/comserv2/Comserv/script/../lib/Comserv/Controller/Root.pm:834] auto - Fetched SiteName: CSC
[2025-03-29 07:09:57] [INFO] [/home/shanta/PycharmProjects/comserv2/Comserv/script/../lib/Comserv/Controller/Root.pm:853] auto - Session Roles: admin
[2025-03-29 07:18:02] [INFO] [/home/shanta/PycharmProjects/comserv2/Comserv/script/../lib/Comserv/Controller/Root.pm:513] auto - Session Domain: csc.workstation
[2025-03-29 07:18:02] [INFO] [/home/shanta/PycharmProjects/comserv2/Comserv/script/../lib/Comserv/Controller/Root.pm:829] auto - Entered auto action in Root.pm
[2025-03-29 07:18:02] [INFO] [/home/shanta/PycharmProjects/comserv2/Comserv/script/../lib/Comserv/Controller/Root.pm:834] auto - Fetched SiteName: CSC
[2025-03-29 07:18:02] [INFO] [/home/shanta/PycharmProjects/comserv2/Comserv/script/../lib/Comserv/Controller/Root.pm:853] auto - Session Roles: admin
[2025-03-29 07:18:02] [INFO] [/home/shanta/PycharmProjects/comserv2/Comserv/script/../lib/Comserv/Controller/Root.pm:866] auto - Debug mode enabled
[2025-03-29 07:18:02] [INFO] [/home/shanta/PycharmProjects/comserv2/Comserv/script/../lib/Comserv/Controller/Root.pm:513] auto - Session Domain: csc.workstation
[2025-03-29 07:18:02] [INFO] [/home/shanta/PycharmProjects/comserv2/Comserv/script/../lib/Comserv/Controller/Root.pm:829] auto - Entered auto action in Root.pm
[2025-03-29 07:18:02] [INFO] [/home/shanta/PycharmProjects/comserv2/Comserv/script/../lib/Comserv/Controller/Root.pm:834] auto - Fetched SiteName: CSC
[2025-03-29 07:18:02] [INFO] [/home/shanta/PycharmProjects/comserv2/Comserv/script/../lib/Comserv/Controller/Root.pm:853] auto - Session Roles: admin
[2025-03-29 07:21:20] [INFO] [/home/shanta/PycharmProjects/comserv2/Comserv/script/../lib/Comserv/Controller/Root.pm:513] auto - Session Domain: csc.workstation
[2025-03-29 07:21:20] [INFO] [/home/shanta/PycharmProjects/comserv2/Comserv/script/../lib/Comserv/Controller/Root.pm:829] auto - Entered auto action in Root.pm
[2025-03-29 07:21:20] [INFO] [/home/shanta/PycharmProjects/comserv2/Comserv/script/../lib/Comserv/Controller/Root.pm:834] auto - Fetched SiteName: CSC
[2025-03-29 07:21:20] [INFO] [/home/shanta/PycharmProjects/comserv2/Comserv/script/../lib/Comserv/Controller/Root.pm:853] auto - Session Roles: admin
[2025-03-29 07:21:20] [INFO] [/home/shanta/PycharmProjects/comserv2/Comserv/script/../lib/Comserv/Controller/Root.pm:866] auto - Debug mode enabled
[2025-03-29 07:21:20] [INFO] [/home/shanta/PycharmProjects/comserv2/Comserv/script/../lib/Comserv/Controller/Root.pm:513] auto - Session Domain: csc.workstation
[2025-03-29 07:21:20] [INFO] [/home/shanta/PycharmProjects/comserv2/Comserv/script/../lib/Comserv/Controller/Root.pm:829] auto - Entered auto action in Root.pm
[2025-03-29 07:21:20] [INFO] [/home/shanta/PycharmProjects/comserv2/Comserv/script/../lib/Comserv/Controller/Root.pm:834] auto - Fetched SiteName: CSC
[2025-03-29 07:21:20] [INFO] [/home/shanta/PycharmProjects/comserv2/Comserv/script/../lib/Comserv/Controller/Root.pm:853] auto - Session Roles: admin
[2025-03-29 07:22:29] [INFO] [/home/shanta/PycharmProjects/comserv2/Comserv/script/../lib/Comserv/Controller/Root.pm:513] auto - Session Domain: csc.workstation
[2025-03-29 07:22:29] [INFO] [/home/shanta/PycharmProjects/comserv2/Comserv/script/../lib/Comserv/Controller/Root.pm:829] auto - Entered auto action in Root.pm
[2025-03-29 07:22:29] [INFO] [/home/shanta/PycharmProjects/comserv2/Comserv/script/../lib/Comserv/Controller/Root.pm:834] auto - Fetched SiteName: CSC
[2025-03-29 07:22:29] [INFO] [/home/shanta/PycharmProjects/comserv2/Comserv/script/../lib/Comserv/Controller/Root.pm:853] auto - Session Roles: admin
[2025-03-29 07:22:29] [INFO] [/home/shanta/PycharmProjects/comserv2/Comserv/script/../lib/Comserv/Controller/Root.pm:866] auto - Debug mode enabled
[2025-03-29 07:22:29] [INFO] [/home/shanta/PycharmProjects/comserv2/Comserv/script/../lib/Comserv/Controller/Root.pm:513] auto - Session Domain: csc.workstation
[2025-03-29 07:22:29] [INFO] [/home/shanta/PycharmProjects/comserv2/Comserv/script/../lib/Comserv/Controller/Root.pm:829] auto - Entered auto action in Root.pm
[2025-03-29 07:22:29] [INFO] [/home/shanta/PycharmProjects/comserv2/Comserv/script/../lib/Comserv/Controller/Root.pm:834] auto - Fetched SiteName: CSC
[2025-03-29 07:22:29] [INFO] [/home/shanta/PycharmProjects/comserv2/Comserv/script/../lib/Comserv/Controller/Root.pm:853] auto - Session Roles: admin
[2025-03-29 07:22:32] [INFO] [/home/shanta/PycharmProjects/comserv2/Comserv/script/../lib/Comserv/Controller/Root.pm:513] auto - Session Domain: csc.workstation
[2025-03-29 07:22:32] [INFO] [/home/shanta/PycharmProjects/comserv2/Comserv/script/../lib/Comserv/Controller/Root.pm:829] auto - Entered auto action in Root.pm
[2025-03-29 07:22:32] [INFO] [/home/shanta/PycharmProjects/comserv2/Comserv/script/../lib/Comserv/Controller/Root.pm:834] auto - Fetched SiteName: CSC
[2025-03-29 07:22:32] [INFO] [/home/shanta/PycharmProjects/comserv2/Comserv/script/../lib/Comserv/Controller/Root.pm:853] auto - Session Roles: admin
[2025-03-29 07:22:32] [INFO] [/home/shanta/PycharmProjects/comserv2/Comserv/script/../lib/Comserv/Controller/Root.pm:866] auto - Debug mode enabled
[2025-03-29 07:22:32] [INFO] [/home/shanta/PycharmProjects/comserv2/Comserv/script/../lib/Comserv/Controller/Root.pm:513] auto - Session Domain: csc.workstation
[2025-03-29 07:22:32] [INFO] [/home/shanta/PycharmProjects/comserv2/Comserv/script/../lib/Comserv/Controller/Root.pm:829] auto - Entered auto action in Root.pm
[2025-03-29 07:22:32] [INFO] [/home/shanta/PycharmProjects/comserv2/Comserv/script/../lib/Comserv/Controller/Root.pm:834] auto - Fetched SiteName: CSC
[2025-03-29 07:22:32] [INFO] [/home/shanta/PycharmProjects/comserv2/Comserv/script/../lib/Comserv/Controller/Root.pm:853] auto - Session Roles: admin
[2025-03-29 07:29:10] [INFO] [/home/shanta/PycharmProjects/comserv2/Comserv/script/../lib/Comserv/Controller/Root.pm:513] auto - Session Domain: csc.workstation
[2025-03-29 07:29:10] [INFO] [/home/shanta/PycharmProjects/comserv2/Comserv/script/../lib/Comserv/Controller/Root.pm:829] auto - Entered auto action in Root.pm
[2025-03-29 07:29:10] [INFO] [/home/shanta/PycharmProjects/comserv2/Comserv/script/../lib/Comserv/Controller/Root.pm:834] auto - Fetched SiteName: CSC
[2025-03-29 07:29:10] [INFO] [/home/shanta/PycharmProjects/comserv2/Comserv/script/../lib/Comserv/Controller/Root.pm:853] auto - Session Roles: admin
[2025-03-29 07:29:10] [INFO] [/home/shanta/PycharmProjects/comserv2/Comserv/script/../lib/Comserv/Controller/Root.pm:866] auto - Debug mode enabled
[2025-03-29 07:29:10] [INFO] [/home/shanta/PycharmProjects/comserv2/Comserv/script/../lib/Comserv/Controller/Root.pm:513] auto - Session Domain: csc.workstation
[2025-03-29 07:29:10] [INFO] [/home/shanta/PycharmProjects/comserv2/Comserv/script/../lib/Comserv/Controller/Root.pm:829] auto - Entered auto action in Root.pm
[2025-03-29 07:29:10] [INFO] [/home/shanta/PycharmProjects/comserv2/Comserv/script/../lib/Comserv/Controller/Root.pm:834] auto - Fetched SiteName: CSC
[2025-03-29 07:29:10] [INFO] [/home/shanta/PycharmProjects/comserv2/Comserv/script/../lib/Comserv/Controller/Root.pm:853] auto - Session Roles: admin
[2025-03-29 07:29:15] [INFO] [/home/shanta/PycharmProjects/comserv2/Comserv/script/../lib/Comserv/Controller/Root.pm:513] auto - Session Domain: csc.workstation
[2025-03-29 07:29:15] [INFO] [/home/shanta/PycharmProjects/comserv2/Comserv/script/../lib/Comserv/Controller/Root.pm:829] auto - Entered auto action in Root.pm
[2025-03-29 07:29:15] [INFO] [/home/shanta/PycharmProjects/comserv2/Comserv/script/../lib/Comserv/Controller/Root.pm:834] auto - Fetched SiteName: CSC
[2025-03-29 07:29:15] [INFO] [/home/shanta/PycharmProjects/comserv2/Comserv/script/../lib/Comserv/Controller/Root.pm:853] auto - Session Roles: admin
[2025-03-29 07:29:15] [INFO] [/home/shanta/PycharmProjects/comserv2/Comserv/script/../lib/Comserv/Controller/Root.pm:866] auto - Debug mode enabled
[2025-03-29 07:29:15] [INFO] [/home/shanta/PycharmProjects/comserv2/Comserv/script/../lib/Comserv/Controller/Root.pm:513] auto - Session Domain: csc.workstation
[2025-03-29 07:29:15] [INFO] [/home/shanta/PycharmProjects/comserv2/Comserv/script/../lib/Comserv/Controller/Root.pm:829] auto - Entered auto action in Root.pm
[2025-03-29 07:29:15] [INFO] [/home/shanta/PycharmProjects/comserv2/Comserv/script/../lib/Comserv/Controller/Root.pm:834] auto - Fetched SiteName: CSC
[2025-03-29 07:29:15] [INFO] [/home/shanta/PycharmProjects/comserv2/Comserv/script/../lib/Comserv/Controller/Root.pm:853] auto - Session Roles: admin
[2025-03-29 07:29:17] [INFO] [/home/shanta/PycharmProjects/comserv2/Comserv/script/../lib/Comserv/Controller/Root.pm:513] auto - Session Domain: csc.workstation
[2025-03-29 07:29:17] [INFO] [/home/shanta/PycharmProjects/comserv2/Comserv/script/../lib/Comserv/Controller/Root.pm:829] auto - Entered auto action in Root.pm
[2025-03-29 07:29:17] [INFO] [/home/shanta/PycharmProjects/comserv2/Comserv/script/../lib/Comserv/Controller/Root.pm:834] auto - Fetched SiteName: CSC
[2025-03-29 07:29:17] [INFO] [/home/shanta/PycharmProjects/comserv2/Comserv/script/../lib/Comserv/Controller/Root.pm:853] auto - Session Roles: admin
[2025-03-29 07:29:17] [INFO] [/home/shanta/PycharmProjects/comserv2/Comserv/script/../lib/Comserv/Controller/Root.pm:866] auto - Debug mode enabled
[2025-03-29 07:29:17] [INFO] [/home/shanta/PycharmProjects/comserv2/Comserv/script/../lib/Comserv/Controller/Root.pm:513] auto - Session Domain: csc.workstation
[2025-03-29 07:29:17] [INFO] [/home/shanta/PycharmProjects/comserv2/Comserv/script/../lib/Comserv/Controller/Root.pm:829] auto - Entered auto action in Root.pm
[2025-03-29 07:29:17] [INFO] [/home/shanta/PycharmProjects/comserv2/Comserv/script/../lib/Comserv/Controller/Root.pm:834] auto - Fetched SiteName: CSC
[2025-03-29 07:29:17] [INFO] [/home/shanta/PycharmProjects/comserv2/Comserv/script/../lib/Comserv/Controller/Root.pm:853] auto - Session Roles: admin
[2025-03-29 07:29:18] [INFO] [/home/shanta/PycharmProjects/comserv2/Comserv/script/../lib/Comserv/Controller/Root.pm:513] auto - Session Domain: csc.workstation
[2025-03-29 07:29:18] [INFO] [/home/shanta/PycharmProjects/comserv2/Comserv/script/../lib/Comserv/Controller/Root.pm:829] auto - Entered auto action in Root.pm
[2025-03-29 07:29:18] [INFO] [/home/shanta/PycharmProjects/comserv2/Comserv/script/../lib/Comserv/Controller/Root.pm:834] auto - Fetched SiteName: CSC
[2025-03-29 07:29:18] [INFO] [/home/shanta/PycharmProjects/comserv2/Comserv/script/../lib/Comserv/Controller/Root.pm:853] auto - Session Roles: admin
[2025-03-29 07:29:18] [INFO] [/home/shanta/PycharmProjects/comserv2/Comserv/script/../lib/Comserv/Controller/Root.pm:866] auto - Debug mode enabled
[2025-03-29 07:29:18] [INFO] [/home/shanta/PycharmProjects/comserv2/Comserv/script/../lib/Comserv/Controller/Root.pm:513] auto - Session Domain: csc.workstation
[2025-03-29 07:29:18] [INFO] [/home/shanta/PycharmProjects/comserv2/Comserv/script/../lib/Comserv/Controller/Root.pm:829] auto - Entered auto action in Root.pm
[2025-03-29 07:29:18] [INFO] [/home/shanta/PycharmProjects/comserv2/Comserv/script/../lib/Comserv/Controller/Root.pm:834] auto - Fetched SiteName: CSC
[2025-03-29 07:29:18] [INFO] [/home/shanta/PycharmProjects/comserv2/Comserv/script/../lib/Comserv/Controller/Root.pm:853] auto - Session Roles: admin
[2025-03-29 07:29:19] [INFO] [/home/shanta/PycharmProjects/comserv2/Comserv/script/../lib/Comserv/Controller/Root.pm:513] auto - Session Domain: csc.workstation
[2025-03-29 07:29:19] [INFO] [/home/shanta/PycharmProjects/comserv2/Comserv/script/../lib/Comserv/Controller/Root.pm:829] auto - Entered auto action in Root.pm
[2025-03-29 07:29:19] [INFO] [/home/shanta/PycharmProjects/comserv2/Comserv/script/../lib/Comserv/Controller/Root.pm:834] auto - Fetched SiteName: CSC
[2025-03-29 07:29:19] [INFO] [/home/shanta/PycharmProjects/comserv2/Comserv/script/../lib/Comserv/Controller/Root.pm:853] auto - Session Roles: admin
[2025-03-29 07:29:19] [INFO] [/home/shanta/PycharmProjects/comserv2/Comserv/script/../lib/Comserv/Controller/Root.pm:866] auto - Debug mode enabled
[2025-03-29 07:29:19] [INFO] [/home/shanta/PycharmProjects/comserv2/Comserv/script/../lib/Comserv/Controller/Root.pm:513] auto - Session Domain: csc.workstation
[2025-03-29 07:29:19] [INFO] [/home/shanta/PycharmProjects/comserv2/Comserv/script/../lib/Comserv/Controller/Root.pm:829] auto - Entered auto action in Root.pm
[2025-03-29 07:29:19] [INFO] [/home/shanta/PycharmProjects/comserv2/Comserv/script/../lib/Comserv/Controller/Root.pm:834] auto - Fetched SiteName: CSC
[2025-03-29 07:29:19] [INFO] [/home/shanta/PycharmProjects/comserv2/Comserv/script/../lib/Comserv/Controller/Root.pm:853] auto - Session Roles: admin
[2025-03-29 07:31:43] [INFO] [/home/shanta/PycharmProjects/comserv2/Comserv/script/../lib/Comserv/Controller/Root.pm:513] auto - Session Domain: csc.workstation
[2025-03-29 07:31:43] [INFO] [/home/shanta/PycharmProjects/comserv2/Comserv/script/../lib/Comserv/Controller/Root.pm:829] auto - Entered auto action in Root.pm
[2025-03-29 07:31:43] [INFO] [/home/shanta/PycharmProjects/comserv2/Comserv/script/../lib/Comserv/Controller/Root.pm:834] auto - Fetched SiteName: CSC
[2025-03-29 07:31:43] [INFO] [/home/shanta/PycharmProjects/comserv2/Comserv/script/../lib/Comserv/Controller/Root.pm:853] auto - Session Roles: admin
[2025-03-29 07:31:43] [INFO] [/home/shanta/PycharmProjects/comserv2/Comserv/script/../lib/Comserv/Controller/Root.pm:866] auto - Debug mode enabled
[2025-03-29 07:31:43] [INFO] [/home/shanta/PycharmProjects/comserv2/Comserv/script/../lib/Comserv/Controller/Root.pm:513] auto - Session Domain: csc.workstation
[2025-03-29 07:31:43] [INFO] [/home/shanta/PycharmProjects/comserv2/Comserv/script/../lib/Comserv/Controller/Root.pm:829] auto - Entered auto action in Root.pm
[2025-03-29 07:31:43] [INFO] [/home/shanta/PycharmProjects/comserv2/Comserv/script/../lib/Comserv/Controller/Root.pm:834] auto - Fetched SiteName: CSC
[2025-03-29 07:31:43] [INFO] [/home/shanta/PycharmProjects/comserv2/Comserv/script/../lib/Comserv/Controller/Root.pm:853] auto - Session Roles: admin
[2025-03-29 07:31:44] [INFO] [/home/shanta/PycharmProjects/comserv2/Comserv/script/../lib/Comserv/Controller/Root.pm:513] auto - Session Domain: csc.workstation
[2025-03-29 07:31:44] [INFO] [/home/shanta/PycharmProjects/comserv2/Comserv/script/../lib/Comserv/Controller/Root.pm:829] auto - Entered auto action in Root.pm
[2025-03-29 07:31:44] [INFO] [/home/shanta/PycharmProjects/comserv2/Comserv/script/../lib/Comserv/Controller/Root.pm:834] auto - Fetched SiteName: CSC
[2025-03-29 07:31:44] [INFO] [/home/shanta/PycharmProjects/comserv2/Comserv/script/../lib/Comserv/Controller/Root.pm:853] auto - Session Roles: admin
[2025-03-29 07:31:44] [INFO] [/home/shanta/PycharmProjects/comserv2/Comserv/script/../lib/Comserv/Controller/Root.pm:866] auto - Debug mode enabled
[2025-03-29 07:31:45] [INFO] [/home/shanta/PycharmProjects/comserv2/Comserv/script/../lib/Comserv/Controller/Root.pm:513] auto - Session Domain: csc.workstation
[2025-03-29 07:31:45] [INFO] [/home/shanta/PycharmProjects/comserv2/Comserv/script/../lib/Comserv/Controller/Root.pm:829] auto - Entered auto action in Root.pm
[2025-03-29 07:31:45] [INFO] [/home/shanta/PycharmProjects/comserv2/Comserv/script/../lib/Comserv/Controller/Root.pm:834] auto - Fetched SiteName: CSC
[2025-03-29 07:31:45] [INFO] [/home/shanta/PycharmProjects/comserv2/Comserv/script/../lib/Comserv/Controller/Root.pm:853] auto - Session Roles: admin
[2025-03-29 07:31:45] [INFO] [/home/shanta/PycharmProjects/comserv2/Comserv/script/../lib/Comserv/Controller/Root.pm:513] auto - Session Domain: csc.workstation
[2025-03-29 07:31:45] [INFO] [/home/shanta/PycharmProjects/comserv2/Comserv/script/../lib/Comserv/Controller/Root.pm:829] auto - Entered auto action in Root.pm
[2025-03-29 07:31:45] [INFO] [/home/shanta/PycharmProjects/comserv2/Comserv/script/../lib/Comserv/Controller/Root.pm:834] auto - Fetched SiteName: CSC
[2025-03-29 07:31:45] [INFO] [/home/shanta/PycharmProjects/comserv2/Comserv/script/../lib/Comserv/Controller/Root.pm:853] auto - Session Roles: admin
[2025-03-29 07:31:45] [INFO] [/home/shanta/PycharmProjects/comserv2/Comserv/script/../lib/Comserv/Controller/Root.pm:866] auto - Debug mode enabled
[2025-03-29 07:31:45] [INFO] [/home/shanta/PycharmProjects/comserv2/Comserv/script/../lib/Comserv/Controller/Root.pm:513] auto - Session Domain: csc.workstation
[2025-03-29 07:31:45] [INFO] [/home/shanta/PycharmProjects/comserv2/Comserv/script/../lib/Comserv/Controller/Root.pm:829] auto - Entered auto action in Root.pm
[2025-03-29 07:31:45] [INFO] [/home/shanta/PycharmProjects/comserv2/Comserv/script/../lib/Comserv/Controller/Root.pm:834] auto - Fetched SiteName: CSC
[2025-03-29 07:31:45] [INFO] [/home/shanta/PycharmProjects/comserv2/Comserv/script/../lib/Comserv/Controller/Root.pm:853] auto - Session Roles: admin
[2025-03-29 07:31:46] [INFO] [/home/shanta/PycharmProjects/comserv2/Comserv/script/../lib/Comserv/Controller/Root.pm:513] auto - Session Domain: csc.workstation
[2025-03-29 07:31:46] [INFO] [/home/shanta/PycharmProjects/comserv2/Comserv/script/../lib/Comserv/Controller/Root.pm:829] auto - Entered auto action in Root.pm
[2025-03-29 07:31:46] [INFO] [/home/shanta/PycharmProjects/comserv2/Comserv/script/../lib/Comserv/Controller/Root.pm:834] auto - Fetched SiteName: CSC
[2025-03-29 07:31:46] [INFO] [/home/shanta/PycharmProjects/comserv2/Comserv/script/../lib/Comserv/Controller/Root.pm:853] auto - Session Roles: admin
[2025-03-29 07:31:46] [INFO] [/home/shanta/PycharmProjects/comserv2/Comserv/script/../lib/Comserv/Controller/Root.pm:866] auto - Debug mode enabled
[2025-03-29 07:31:46] [INFO] [/home/shanta/PycharmProjects/comserv2/Comserv/script/../lib/Comserv/Controller/Root.pm:513] auto - Session Domain: csc.workstation
[2025-03-29 07:31:46] [INFO] [/home/shanta/PycharmProjects/comserv2/Comserv/script/../lib/Comserv/Controller/Root.pm:829] auto - Entered auto action in Root.pm
[2025-03-29 07:31:46] [INFO] [/home/shanta/PycharmProjects/comserv2/Comserv/script/../lib/Comserv/Controller/Root.pm:834] auto - Fetched SiteName: CSC
[2025-03-29 07:31:46] [INFO] [/home/shanta/PycharmProjects/comserv2/Comserv/script/../lib/Comserv/Controller/Root.pm:853] auto - Session Roles: admin
[2025-03-29 07:31:47] [INFO] [/home/shanta/PycharmProjects/comserv2/Comserv/script/../lib/Comserv/Controller/Root.pm:513] auto - Session Domain: csc.workstation
[2025-03-29 07:31:47] [INFO] [/home/shanta/PycharmProjects/comserv2/Comserv/script/../lib/Comserv/Controller/Root.pm:829] auto - Entered auto action in Root.pm
[2025-03-29 07:31:47] [INFO] [/home/shanta/PycharmProjects/comserv2/Comserv/script/../lib/Comserv/Controller/Root.pm:834] auto - Fetched SiteName: CSC
[2025-03-29 07:31:47] [INFO] [/home/shanta/PycharmProjects/comserv2/Comserv/script/../lib/Comserv/Controller/Root.pm:853] auto - Session Roles: admin
[2025-03-29 07:31:47] [INFO] [/home/shanta/PycharmProjects/comserv2/Comserv/script/../lib/Comserv/Controller/Root.pm:866] auto - Debug mode enabled
[2025-03-29 07:31:47] [INFO] [/home/shanta/PycharmProjects/comserv2/Comserv/script/../lib/Comserv/Controller/Root.pm:513] auto - Session Domain: csc.workstation
[2025-03-29 07:31:47] [INFO] [/home/shanta/PycharmProjects/comserv2/Comserv/script/../lib/Comserv/Controller/Root.pm:829] auto - Entered auto action in Root.pm
[2025-03-29 07:31:47] [INFO] [/home/shanta/PycharmProjects/comserv2/Comserv/script/../lib/Comserv/Controller/Root.pm:834] auto - Fetched SiteName: CSC
[2025-03-29 07:31:47] [INFO] [/home/shanta/PycharmProjects/comserv2/Comserv/script/../lib/Comserv/Controller/Root.pm:853] auto - Session Roles: admin
[2025-03-29 07:31:48] [INFO] [/home/shanta/PycharmProjects/comserv2/Comserv/script/../lib/Comserv/Controller/Root.pm:513] auto - Session Domain: csc.workstation
[2025-03-29 07:31:48] [INFO] [/home/shanta/PycharmProjects/comserv2/Comserv/script/../lib/Comserv/Controller/Root.pm:829] auto - Entered auto action in Root.pm
[2025-03-29 07:31:48] [INFO] [/home/shanta/PycharmProjects/comserv2/Comserv/script/../lib/Comserv/Controller/Root.pm:834] auto - Fetched SiteName: CSC
[2025-03-29 07:31:48] [INFO] [/home/shanta/PycharmProjects/comserv2/Comserv/script/../lib/Comserv/Controller/Root.pm:853] auto - Session Roles: admin
[2025-03-29 07:31:48] [INFO] [/home/shanta/PycharmProjects/comserv2/Comserv/script/../lib/Comserv/Controller/Root.pm:866] auto - Debug mode enabled
[2025-03-29 07:31:48] [INFO] [/home/shanta/PycharmProjects/comserv2/Comserv/script/../lib/Comserv/Controller/Root.pm:513] auto - Session Domain: csc.workstation
[2025-03-29 07:31:48] [INFO] [/home/shanta/PycharmProjects/comserv2/Comserv/script/../lib/Comserv/Controller/Root.pm:829] auto - Entered auto action in Root.pm
[2025-03-29 07:31:48] [INFO] [/home/shanta/PycharmProjects/comserv2/Comserv/script/../lib/Comserv/Controller/Root.pm:834] auto - Fetched SiteName: CSC
[2025-03-29 07:31:48] [INFO] [/home/shanta/PycharmProjects/comserv2/Comserv/script/../lib/Comserv/Controller/Root.pm:853] auto - Session Roles: admin
[2025-03-29 08:29:42] [INFO] [/home/shanta/PycharmProjects/comserv2/Comserv/script/../lib/Comserv/Controller/Root.pm:513] auto - Session Domain: csc.workstation
[2025-03-29 08:29:42] [INFO] [/home/shanta/PycharmProjects/comserv2/Comserv/script/../lib/Comserv/Controller/Root.pm:829] auto - Entered auto action in Root.pm
[2025-03-29 08:29:42] [INFO] [/home/shanta/PycharmProjects/comserv2/Comserv/script/../lib/Comserv/Controller/Root.pm:834] auto - Fetched SiteName: CSC
[2025-03-29 08:29:42] [INFO] [/home/shanta/PycharmProjects/comserv2/Comserv/script/../lib/Comserv/Controller/Root.pm:853] auto - Session Roles: admin
[2025-03-29 08:29:42] [INFO] [/home/shanta/PycharmProjects/comserv2/Comserv/script/../lib/Comserv/Controller/Root.pm:866] auto - Debug mode enabled
[2025-03-29 08:29:42] [INFO] [/home/shanta/PycharmProjects/comserv2/Comserv/script/../lib/Comserv/Controller/Root.pm:513] auto - Session Domain: csc.workstation
[2025-03-29 08:29:42] [INFO] [/home/shanta/PycharmProjects/comserv2/Comserv/script/../lib/Comserv/Controller/Root.pm:829] auto - Entered auto action in Root.pm
[2025-03-29 08:29:42] [INFO] [/home/shanta/PycharmProjects/comserv2/Comserv/script/../lib/Comserv/Controller/Root.pm:834] auto - Fetched SiteName: CSC
[2025-03-29 08:29:42] [INFO] [/home/shanta/PycharmProjects/comserv2/Comserv/script/../lib/Comserv/Controller/Root.pm:853] auto - Session Roles: admin
