[2025-03-29 04:26:55] [INFO] [/home/shanta/PycharmProjects/comserv2/Comserv/script/../lib/Comserv/Model/Site.pm:99] get_site_details_by_name - Site not found for name: default
[2025-03-29 04:26:55] [INFO] [/home/shanta/PycharmProjects/comserv2/Comserv/script/../lib/Comserv/Model/Site.pm:99] get_site_details_by_name - Site not found for name: DEFAULT
[2025-03-29 04:26:55] [INFO] [/home/shanta/PycharmProjects/comserv2/Comserv/script/../lib/Comserv/Model/Site.pm:99] get_site_details_by_name - Site not found for name: default
[2025-03-29 04:26:55] [INFO] [/home/shanta/PycharmProjects/comserv2/Comserv/script/../lib/Comserv/Model/Site.pm:99] get_site_details_by_name - Site not found for name: Default
[2025-03-29 04:26:55] [INFO] [/home/shanta/PycharmProjects/comserv2/Comserv/script/../lib/Comserv/Model/Site.pm:99] get_site_details_by_name - Site not found for name: default
[2025-03-29 04:28:49] [INFO] [/home/shanta/PycharmProjects/comserv2/Comserv/script/../lib/Comserv/Model/Site.pm:99] get_site_details_by_name - Site not found for name: default
[2025-03-29 04:28:49] [INFO] [/home/shanta/PycharmProjects/comserv2/Comserv/script/../lib/Comserv/Model/Site.pm:99] get_site_details_by_name - Site not found for name: DEFAULT
[2025-03-29 04:28:49] [INFO] [/home/shanta/PycharmProjects/comserv2/Comserv/script/../lib/Comserv/Model/Site.pm:99] get_site_details_by_name - Site not found for name: default
[2025-03-29 04:28:49] [INFO] [/home/shanta/PycharmProjects/comserv2/Comserv/script/../lib/Comserv/Model/Site.pm:99] get_site_details_by_name - Site not found for name: Default
[2025-03-29 04:28:49] [INFO] [/home/shanta/PycharmProjects/comserv2/Comserv/script/../lib/Comserv/Model/Site.pm:99] get_site_details_by_name - Site not found for name: default
[2025-03-29 04:28:49] [INFO] [/home/shanta/PycharmProjects/comserv2/Comserv/script/../lib/Comserv/Model/Site.pm:99] get_site_details_by_name - Site not found for name: default
[2025-03-29 04:28:49] [INFO] [/home/shanta/PycharmProjects/comserv2/Comserv/script/../lib/Comserv/Model/Site.pm:99] get_site_details_by_name - Site not found for name: DEFAULT
[2025-03-29 04:28:49] [INFO] [/home/shanta/PycharmProjects/comserv2/Comserv/script/../lib/Comserv/Model/Site.pm:99] get_site_details_by_name - Site not found for name: default
[2025-03-29 04:28:49] [INFO] [/home/shanta/PycharmProjects/comserv2/Comserv/script/../lib/Comserv/Model/Site.pm:99] get_site_details_by_name - Site not found for name: Default
[2025-03-29 04:28:49] [INFO] [/home/shanta/PycharmProjects/comserv2/Comserv/script/../lib/Comserv/Controller/Root.pm:1014] default - 404 Not Found: /static/js/menu.js
[2025-03-29 04:28:49] [INFO] [/home/shanta/PycharmProjects/comserv2/Comserv/script/../lib/Comserv/Controller/Root.pm:1016] default - Request method: GET
[2025-03-29 04:28:49] [INFO] [/home/shanta/PycharmProjects/comserv2/Comserv/script/../lib/Comserv/Controller/Root.pm:1018] default - Controller: Comserv::Controller::Root
[2025-03-29 04:28:49] [INFO] [/home/shanta/PycharmProjects/comserv2/Comserv/script/../lib/Comserv/Controller/Root.pm:1029] default - Available controllers: 3d, Admin, Admin::Theme, BMaster, Base, CSC, Documentation, ENCY, File, Forager, Hosting, Log, MCoop, Mail, Project, Proxmox, ProxmoxServers, RemoteDB, RemoteDBExample, Root, Setup, Site, ThemeAdmin, ThemeAdmin::update_theme_with_variables, ThemeEditor, ThemeTest, Todo, USBM, User, Ve7tit, Voip, WorkShop
[2025-03-29 04:28:49] [INFO] [/home/shanta/PycharmProjects/comserv2/Comserv/script/../lib/Comserv/Controller/Root.pm:1034] default - Requested path: /static/js/menu.js (not found)
[2025-03-29 04:28:49] [INFO] [/home/shanta/PycharmProjects/comserv2/Comserv/script/../lib/Comserv/Model/Site.pm:99] get_site_details_by_name - Site not found for name: default
[2025-03-29 04:28:49] [INFO] [/home/shanta/PycharmProjects/comserv2/Comserv/script/../lib/Comserv/Model/Site.pm:99] get_site_details_by_name - Site not found for name: DEFAULT
[2025-03-29 04:28:49] [INFO] [/home/shanta/PycharmProjects/comserv2/Comserv/script/../lib/Comserv/Model/Site.pm:99] get_site_details_by_name - Site not found for name: default
[2025-03-29 04:28:49] [INFO] [/home/shanta/PycharmProjects/comserv2/Comserv/script/../lib/Comserv/Model/Site.pm:99] get_site_details_by_name - Site not found for name: Default
[2025-03-29 04:28:49] [INFO] [/home/shanta/PycharmProjects/comserv2/Comserv/script/../lib/Comserv/Controller/Root.pm:1014] default - 404 Not Found: /static/js/menu.js
[2025-03-29 04:28:49] [INFO] [/home/shanta/PycharmProjects/comserv2/Comserv/script/../lib/Comserv/Controller/Root.pm:1016] default - Request method: GET
[2025-03-29 04:28:49] [INFO] [/home/shanta/PycharmProjects/comserv2/Comserv/script/../lib/Comserv/Controller/Root.pm:1018] default - Controller: Comserv::Controller::Root
[2025-03-29 04:28:49] [INFO] [/home/shanta/PycharmProjects/comserv2/Comserv/script/../lib/Comserv/Controller/Root.pm:1029] default - Available controllers: 3d, Admin, Admin::Theme, BMaster, Base, CSC, Documentation, ENCY, File, Forager, Hosting, Log, MCoop, Mail, Project, Proxmox, ProxmoxServers, RemoteDB, RemoteDBExample, Root, Setup, Site, ThemeAdmin, ThemeAdmin::update_theme_with_variables, ThemeEditor, ThemeTest, Todo, USBM, User, Ve7tit, Voip, WorkShop
[2025-03-29 04:28:49] [INFO] [/home/shanta/PycharmProjects/comserv2/Comserv/script/../lib/Comserv/Controller/Root.pm:1034] default - Requested path: /static/js/menu.js (not found)
[2025-03-29 04:29:00] [INFO] [/home/shanta/PycharmProjects/comserv2/Comserv/script/../lib/Comserv/Model/Site.pm:99] get_site_details_by_name - Site not found for name: default
[2025-03-29 04:29:00] [INFO] [/home/shanta/PycharmProjects/comserv2/Comserv/script/../lib/Comserv/Model/Site.pm:99] get_site_details_by_name - Site not found for name: DEFAULT
[2025-03-29 04:29:00] [INFO] [/home/shanta/PycharmProjects/comserv2/Comserv/script/../lib/Comserv/Model/Site.pm:99] get_site_details_by_name - Site not found for name: default
[2025-03-29 04:29:00] [INFO] [/home/shanta/PycharmProjects/comserv2/Comserv/script/../lib/Comserv/Model/Site.pm:99] get_site_details_by_name - Site not found for name: Default
[2025-03-29 04:29:00] [INFO] [/home/shanta/PycharmProjects/comserv2/Comserv/script/../lib/Comserv/Model/Site.pm:99] get_site_details_by_name - Site not found for name: default
[2025-03-29 04:29:00] [INFO] [/home/shanta/PycharmProjects/comserv2/Comserv/script/../lib/Comserv/Model/Site.pm:99] get_site_details_by_name - Site not found for name: default
[2025-03-29 04:29:00] [INFO] [/home/shanta/PycharmProjects/comserv2/Comserv/script/../lib/Comserv/Model/Site.pm:99] get_site_details_by_name - Site not found for name: DEFAULT
[2025-03-29 04:29:00] [INFO] [/home/shanta/PycharmProjects/comserv2/Comserv/script/../lib/Comserv/Model/Site.pm:99] get_site_details_by_name - Site not found for name: default
[2025-03-29 04:29:00] [INFO] [/home/shanta/PycharmProjects/comserv2/Comserv/script/../lib/Comserv/Model/Site.pm:99] get_site_details_by_name - Site not found for name: Default
[2025-03-29 04:29:00] [INFO] [/home/shanta/PycharmProjects/comserv2/Comserv/script/../lib/Comserv/Controller/Root.pm:1014] default - 404 Not Found: /static/js/menu.js
[2025-03-29 04:29:00] [INFO] [/home/shanta/PycharmProjects/comserv2/Comserv/script/../lib/Comserv/Controller/Root.pm:1016] default - Request method: GET
[2025-03-29 04:29:00] [INFO] [/home/shanta/PycharmProjects/comserv2/Comserv/script/../lib/Comserv/Controller/Root.pm:1018] default - Controller: Comserv::Controller::Root
[2025-03-29 04:29:00] [INFO] [/home/shanta/PycharmProjects/comserv2/Comserv/script/../lib/Comserv/Controller/Root.pm:1029] default - Available controllers: 3d, Admin, Admin::Theme, BMaster, Base, CSC, Documentation, ENCY, File, Forager, Hosting, Log, MCoop, Mail, Project, Proxmox, ProxmoxServers, RemoteDB, RemoteDBExample, Root, Setup, Site, ThemeAdmin, ThemeAdmin::update_theme_with_variables, ThemeEditor, ThemeTest, Todo, USBM, User, Ve7tit, Voip, WorkShop
[2025-03-29 04:29:00] [INFO] [/home/shanta/PycharmProjects/comserv2/Comserv/script/../lib/Comserv/Controller/Root.pm:1034] default - Requested path: /static/js/menu.js (not found)
[2025-03-29 04:29:01] [INFO] [/home/shanta/PycharmProjects/comserv2/Comserv/script/../lib/Comserv/Model/Site.pm:99] get_site_details_by_name - Site not found for name: default
[2025-03-29 04:29:01] [INFO] [/home/shanta/PycharmProjects/comserv2/Comserv/script/../lib/Comserv/Model/Site.pm:99] get_site_details_by_name - Site not found for name: DEFAULT
[2025-03-29 04:29:01] [INFO] [/home/shanta/PycharmProjects/comserv2/Comserv/script/../lib/Comserv/Model/Site.pm:99] get_site_details_by_name - Site not found for name: default
[2025-03-29 04:29:01] [INFO] [/home/shanta/PycharmProjects/comserv2/Comserv/script/../lib/Comserv/Model/Site.pm:99] get_site_details_by_name - Site not found for name: Default
[2025-03-29 04:29:01] [INFO] [/home/shanta/PycharmProjects/comserv2/Comserv/script/../lib/Comserv/Model/Site.pm:99] get_site_details_by_name - Site not found for name: default
[2025-03-29 04:29:02] [INFO] [/home/shanta/PycharmProjects/comserv2/Comserv/script/../lib/Comserv/Model/Site.pm:99] get_site_details_by_name - Site not found for name: default
[2025-03-29 04:29:02] [INFO] [/home/shanta/PycharmProjects/comserv2/Comserv/script/../lib/Comserv/Model/Site.pm:99] get_site_details_by_name - Site not found for name: DEFAULT
[2025-03-29 04:29:02] [INFO] [/home/shanta/PycharmProjects/comserv2/Comserv/script/../lib/Comserv/Model/Site.pm:99] get_site_details_by_name - Site not found for name: default
[2025-03-29 04:29:02] [INFO] [/home/shanta/PycharmProjects/comserv2/Comserv/script/../lib/Comserv/Model/Site.pm:99] get_site_details_by_name - Site not found for name: Default
[2025-03-29 04:29:02] [INFO] [/home/shanta/PycharmProjects/comserv2/Comserv/script/../lib/Comserv/Controller/Root.pm:1014] default - 404 Not Found: /static/js/menu.js
[2025-03-29 04:29:02] [INFO] [/home/shanta/PycharmProjects/comserv2/Comserv/script/../lib/Comserv/Controller/Root.pm:1016] default - Request method: GET
[2025-03-29 04:29:02] [INFO] [/home/shanta/PycharmProjects/comserv2/Comserv/script/../lib/Comserv/Controller/Root.pm:1018] default - Controller: Comserv::Controller::Root
[2025-03-29 04:29:02] [INFO] [/home/shanta/PycharmProjects/comserv2/Comserv/script/../lib/Comserv/Controller/Root.pm:1029] default - Available controllers: 3d, Admin, Admin::Theme, BMaster, Base, CSC, Documentation, ENCY, File, Forager, Hosting, Log, MCoop, Mail, Project, Proxmox, ProxmoxServers, RemoteDB, RemoteDBExample, Root, Setup, Site, ThemeAdmin, ThemeAdmin::update_theme_with_variables, ThemeEditor, ThemeTest, Todo, USBM, User, Ve7tit, Voip, WorkShop
[2025-03-29 04:29:02] [INFO] [/home/shanta/PycharmProjects/comserv2/Comserv/script/../lib/Comserv/Controller/Root.pm:1034] default - Requested path: /static/js/menu.js (not found)
[2025-03-29 04:30:55] [INFO] [/home/shanta/PycharmProjects/comserv2/Comserv/script/../lib/Comserv/Model/Site.pm:99] get_site_details_by_name - Site not found for name: default
[2025-03-29 04:30:55] [INFO] [/home/shanta/PycharmProjects/comserv2/Comserv/script/../lib/Comserv/Model/Site.pm:99] get_site_details_by_name - Site not found for name: DEFAULT
[2025-03-29 04:30:55] [INFO] [/home/shanta/PycharmProjects/comserv2/Comserv/script/../lib/Comserv/Model/Site.pm:99] get_site_details_by_name - Site not found for name: default
[2025-03-29 04:30:55] [INFO] [/home/shanta/PycharmProjects/comserv2/Comserv/script/../lib/Comserv/Model/Site.pm:99] get_site_details_by_name - Site not found for name: Default
[2025-03-29 04:30:55] [INFO] [/home/shanta/PycharmProjects/comserv2/Comserv/script/../lib/Comserv/Model/Site.pm:99] get_site_details_by_name - Site not found for name: default
[2025-03-29 04:30:55] [INFO] [/home/shanta/PycharmProjects/comserv2/Comserv/script/../lib/Comserv/Model/Site.pm:99] get_site_details_by_name - Site not found for name: default
[2025-03-29 04:30:55] [INFO] [/home/shanta/PycharmProjects/comserv2/Comserv/script/../lib/Comserv/Model/Site.pm:99] get_site_details_by_name - Site not found for name: DEFAULT
[2025-03-29 04:30:55] [INFO] [/home/shanta/PycharmProjects/comserv2/Comserv/script/../lib/Comserv/Model/Site.pm:99] get_site_details_by_name - Site not found for name: default
[2025-03-29 04:30:55] [INFO] [/home/shanta/PycharmProjects/comserv2/Comserv/script/../lib/Comserv/Model/Site.pm:99] get_site_details_by_name - Site not found for name: Default
[2025-03-29 04:30:55] [INFO] [/home/shanta/PycharmProjects/comserv2/Comserv/script/../lib/Comserv/Controller/Root.pm:1014] default - 404 Not Found: /static/js/menu.js
[2025-03-29 04:30:55] [INFO] [/home/shanta/PycharmProjects/comserv2/Comserv/script/../lib/Comserv/Controller/Root.pm:1016] default - Request method: GET
[2025-03-29 04:30:55] [INFO] [/home/shanta/PycharmProjects/comserv2/Comserv/script/../lib/Comserv/Controller/Root.pm:1018] default - Controller: Comserv::Controller::Root
[2025-03-29 04:30:55] [INFO] [/home/shanta/PycharmProjects/comserv2/Comserv/script/../lib/Comserv/Controller/Root.pm:1029] default - Available controllers: 3d, Admin, Admin::Theme, BMaster, Base, CSC, Documentation, ENCY, File, Forager, Hosting, Log, MCoop, Mail, Project, Proxmox, ProxmoxServers, RemoteDB, RemoteDBExample, Root, Setup, Site, ThemeAdmin, ThemeAdmin::update_theme_with_variables, ThemeEditor, ThemeTest, Todo, USBM, User, Ve7tit, Voip, WorkShop
[2025-03-29 04:30:55] [INFO] [/home/shanta/PycharmProjects/comserv2/Comserv/script/../lib/Comserv/Controller/Root.pm:1034] default - Requested path: /static/js/menu.js (not found)
[2025-03-29 04:32:09] [INFO] [/home/shanta/PycharmProjects/comserv2/Comserv/script/../lib/Comserv/Model/Site.pm:99] get_site_details_by_name - Site not found for name: default
[2025-03-29 04:32:09] [INFO] [/home/shanta/PycharmProjects/comserv2/Comserv/script/../lib/Comserv/Model/Site.pm:99] get_site_details_by_name - Site not found for name: DEFAULT
[2025-03-29 04:32:09] [INFO] [/home/shanta/PycharmProjects/comserv2/Comserv/script/../lib/Comserv/Model/Site.pm:99] get_site_details_by_name - Site not found for name: default
[2025-03-29 04:32:09] [INFO] [/home/shanta/PycharmProjects/comserv2/Comserv/script/../lib/Comserv/Model/Site.pm:99] get_site_details_by_name - Site not found for name: Default
[2025-03-29 04:32:09] [INFO] [/home/shanta/PycharmProjects/comserv2/Comserv/script/../lib/Comserv/Controller/Root.pm:1014] default - 404 Not Found: /static/js/menu.js
[2025-03-29 04:32:09] [INFO] [/home/shanta/PycharmProjects/comserv2/Comserv/script/../lib/Comserv/Controller/Root.pm:1016] default - Request method: GET
[2025-03-29 04:32:09] [INFO] [/home/shanta/PycharmProjects/comserv2/Comserv/script/../lib/Comserv/Controller/Root.pm:1018] default - Controller: Comserv::Controller::Root
[2025-03-29 04:32:09] [INFO] [/home/shanta/PycharmProjects/comserv2/Comserv/script/../lib/Comserv/Controller/Root.pm:1029] default - Available controllers: 3d, Admin, Admin::Theme, BMaster, Base, CSC, Documentation, ENCY, File, Forager, Hosting, Log, MCoop, Mail, Project, Proxmox, ProxmoxServers, RemoteDB, RemoteDBExample, Root, Setup, Site, ThemeAdmin, ThemeAdmin::update_theme_with_variables, ThemeEditor, ThemeTest, Todo, USBM, User, Ve7tit, Voip, WorkShop
[2025-03-29 04:32:09] [INFO] [/home/shanta/PycharmProjects/comserv2/Comserv/script/../lib/Comserv/Controller/Root.pm:1034] default - Requested path: /static/js/menu.js (not found)
[2025-03-29 04:32:14] [INFO] [/home/shanta/PycharmProjects/comserv2/Comserv/script/../lib/Comserv/Model/Site.pm:99] get_site_details_by_name - Site not found for name: default
[2025-03-29 04:32:14] [INFO] [/home/shanta/PycharmProjects/comserv2/Comserv/script/../lib/Comserv/Model/Site.pm:99] get_site_details_by_name - Site not found for name: DEFAULT
[2025-03-29 04:32:14] [INFO] [/home/shanta/PycharmProjects/comserv2/Comserv/script/../lib/Comserv/Model/Site.pm:99] get_site_details_by_name - Site not found for name: default
[2025-03-29 04:32:14] [INFO] [/home/shanta/PycharmProjects/comserv2/Comserv/script/../lib/Comserv/Model/Site.pm:99] get_site_details_by_name - Site not found for name: Default
[2025-03-29 04:32:14] [INFO] [/home/shanta/PycharmProjects/comserv2/Comserv/script/../lib/Comserv/Model/Site.pm:99] get_site_details_by_name - Site not found for name: default
[2025-03-29 04:32:14] [INFO] [/home/shanta/PycharmProjects/comserv2/Comserv/script/../lib/Comserv/Model/Site.pm:99] get_site_details_by_name - Site not found for name: default
[2025-03-29 04:32:14] [INFO] [/home/shanta/PycharmProjects/comserv2/Comserv/script/../lib/Comserv/Model/Site.pm:99] get_site_details_by_name - Site not found for name: DEFAULT
[2025-03-29 04:32:14] [INFO] [/home/shanta/PycharmProjects/comserv2/Comserv/script/../lib/Comserv/Model/Site.pm:99] get_site_details_by_name - Site not found for name: default
[2025-03-29 04:32:14] [INFO] [/home/shanta/PycharmProjects/comserv2/Comserv/script/../lib/Comserv/Model/Site.pm:99] get_site_details_by_name - Site not found for name: Default
[2025-03-29 04:32:14] [INFO] [/home/shanta/PycharmProjects/comserv2/Comserv/script/../lib/Comserv/Controller/Root.pm:1014] default - 404 Not Found: /static/js/menu.js
[2025-03-29 04:32:14] [INFO] [/home/shanta/PycharmProjects/comserv2/Comserv/script/../lib/Comserv/Controller/Root.pm:1016] default - Request method: GET
[2025-03-29 04:32:14] [INFO] [/home/shanta/PycharmProjects/comserv2/Comserv/script/../lib/Comserv/Controller/Root.pm:1018] default - Controller: Comserv::Controller::Root
[2025-03-29 04:32:14] [INFO] [/home/shanta/PycharmProjects/comserv2/Comserv/script/../lib/Comserv/Controller/Root.pm:1029] default - Available controllers: 3d, Admin, Admin::Theme, BMaster, Base, CSC, Documentation, ENCY, File, Forager, Hosting, Log, MCoop, Mail, Project, Proxmox, ProxmoxServers, RemoteDB, RemoteDBExample, Root, Setup, Site, ThemeAdmin, ThemeAdmin::update_theme_with_variables, ThemeEditor, ThemeTest, Todo, USBM, User, Ve7tit, Voip, WorkShop
[2025-03-29 04:32:14] [INFO] [/home/shanta/PycharmProjects/comserv2/Comserv/script/../lib/Comserv/Controller/Root.pm:1034] default - Requested path: /static/js/menu.js (not found)
[2025-03-29 04:33:20] [INFO] [/home/shanta/PycharmProjects/comserv2/Comserv/script/../lib/Comserv/Model/Site.pm:99] get_site_details_by_name - Site not found for name: default
[2025-03-29 04:33:20] [INFO] [/home/shanta/PycharmProjects/comserv2/Comserv/script/../lib/Comserv/Model/Site.pm:99] get_site_details_by_name - Site not found for name: DEFAULT
[2025-03-29 04:33:20] [INFO] [/home/shanta/PycharmProjects/comserv2/Comserv/script/../lib/Comserv/Model/Site.pm:99] get_site_details_by_name - Site not found for name: default
[2025-03-29 04:33:20] [INFO] [/home/shanta/PycharmProjects/comserv2/Comserv/script/../lib/Comserv/Model/Site.pm:99] get_site_details_by_name - Site not found for name: Default
[2025-03-29 04:33:20] [INFO] [/home/shanta/PycharmProjects/comserv2/Comserv/script/../lib/Comserv/Model/Site.pm:99] get_site_details_by_name - Site not found for name: default
[2025-03-29 04:33:20] [INFO] [/home/shanta/PycharmProjects/comserv2/Comserv/script/../lib/Comserv/Model/Site.pm:99] get_site_details_by_name - Site not found for name: DEFAULT
[2025-03-29 04:33:20] [INFO] [/home/shanta/PycharmProjects/comserv2/Comserv/script/../lib/Comserv/Model/Site.pm:99] get_site_details_by_name - Site not found for name: default
[2025-03-29 04:33:20] [INFO] [/home/shanta/PycharmProjects/comserv2/Comserv/script/../lib/Comserv/Model/Site.pm:99] get_site_details_by_name - Site not found for name: Default
[2025-03-29 04:33:20] [INFO] [/home/shanta/PycharmProjects/comserv2/Comserv/script/../lib/Comserv/Controller/Root.pm:1014] default - 404 Not Found: /static/js/menu.js
[2025-03-29 04:33:20] [INFO] [/home/shanta/PycharmProjects/comserv2/Comserv/script/../lib/Comserv/Controller/Root.pm:1016] default - Request method: GET
[2025-03-29 04:33:20] [INFO] [/home/shanta/PycharmProjects/comserv2/Comserv/script/../lib/Comserv/Controller/Root.pm:1018] default - Controller: Comserv::Controller::Root
[2025-03-29 04:33:20] [INFO] [/home/shanta/PycharmProjects/comserv2/Comserv/script/../lib/Comserv/Controller/Root.pm:1029] default - Available controllers: 3d, Admin, Admin::Theme, BMaster, Base, CSC, Documentation, ENCY, File, Forager, Hosting, Log, MCoop, Mail, Project, Proxmox, ProxmoxServers, RemoteDB, RemoteDBExample, Root, Setup, Site, ThemeAdmin, ThemeAdmin::update_theme_with_variables, ThemeEditor, ThemeTest, Todo, USBM, User, Ve7tit, Voip, WorkShop
[2025-03-29 04:33:20] [INFO] [/home/shanta/PycharmProjects/comserv2/Comserv/script/../lib/Comserv/Controller/Root.pm:1034] default - Requested path: /static/js/menu.js (not found)
[2025-03-29 04:47:21] [INFO] [/home/shanta/PycharmProjects/comserv2/Comserv/script/../lib/Comserv/Model/Site.pm:99] get_site_details_by_name - Site not found for name: default
[2025-03-29 04:47:21] [INFO] [/home/shanta/PycharmProjects/comserv2/Comserv/script/../lib/Comserv/Model/Site.pm:99] get_site_details_by_name - Site not found for name: DEFAULT
[2025-03-29 04:47:21] [INFO] [/home/shanta/PycharmProjects/comserv2/Comserv/script/../lib/Comserv/Model/Site.pm:99] get_site_details_by_name - Site not found for name: default
[2025-03-29 04:47:21] [INFO] [/home/shanta/PycharmProjects/comserv2/Comserv/script/../lib/Comserv/Model/Site.pm:99] get_site_details_by_name - Site not found for name: Default
[2025-03-29 04:47:21] [INFO] [/home/shanta/PycharmProjects/comserv2/Comserv/script/../lib/Comserv/Model/Site.pm:99] get_site_details_by_name - Site not found for name: default
[2025-03-29 04:47:21] [INFO] [/home/shanta/PycharmProjects/comserv2/Comserv/script/../lib/Comserv/Model/Site.pm:99] get_site_details_by_name - Site not found for name: DEFAULT
[2025-03-29 04:47:21] [INFO] [/home/shanta/PycharmProjects/comserv2/Comserv/script/../lib/Comserv/Model/Site.pm:99] get_site_details_by_name - Site not found for name: default
[2025-03-29 04:47:21] [INFO] [/home/shanta/PycharmProjects/comserv2/Comserv/script/../lib/Comserv/Model/Site.pm:99] get_site_details_by_name - Site not found for name: Default
[2025-03-29 04:47:21] [INFO] [/home/shanta/PycharmProjects/comserv2/Comserv/script/../lib/Comserv/Model/Site.pm:99] get_site_details_by_name - Site not found for name: default
[2025-03-29 04:47:21] [INFO] [/home/shanta/PycharmProjects/comserv2/Comserv/script/../lib/Comserv/Model/Site.pm:99] get_site_details_by_name - Site not found for name: DEFAULT
[2025-03-29 04:47:21] [INFO] [/home/shanta/PycharmProjects/comserv2/Comserv/script/../lib/Comserv/Model/Site.pm:99] get_site_details_by_name - Site not found for name: default
[2025-03-29 04:47:21] [INFO] [/home/shanta/PycharmProjects/comserv2/Comserv/script/../lib/Comserv/Model/Site.pm:99] get_site_details_by_name - Site not found for name: Default
[2025-03-29 04:47:21] [INFO] [/home/shanta/PycharmProjects/comserv2/Comserv/script/../lib/Comserv/Controller/Root.pm:1014] default - 404 Not Found: /static/js/menu.js
[2025-03-29 04:47:21] [INFO] [/home/shanta/PycharmProjects/comserv2/Comserv/script/../lib/Comserv/Controller/Root.pm:1016] default - Request method: GET
[2025-03-29 04:47:21] [INFO] [/home/shanta/PycharmProjects/comserv2/Comserv/script/../lib/Comserv/Controller/Root.pm:1018] default - Controller: Comserv::Controller::Root
[2025-03-29 04:47:21] [INFO] [/home/shanta/PycharmProjects/comserv2/Comserv/script/../lib/Comserv/Controller/Root.pm:1029] default - Available controllers: 3d, Admin, Admin::Theme, BMaster, Base, CSC, Documentation, ENCY, File, Forager, Hosting, Log, MCoop, Mail, Project, Proxmox, ProxmoxServers, RemoteDB, RemoteDBExample, Root, Setup, Site, ThemeAdmin, ThemeAdmin::update_theme_with_variables, ThemeEditor, ThemeTest, Todo, USBM, User, Ve7tit, Voip, WorkShop
[2025-03-29 04:47:21] [INFO] [/home/shanta/PycharmProjects/comserv2/Comserv/script/../lib/Comserv/Controller/Root.pm:1034] default - Requested path: /static/js/menu.js (not found)
[2025-03-29 04:47:31] [INFO] [/home/shanta/PycharmProjects/comserv2/Comserv/script/../lib/Comserv/Model/Site.pm:99] get_site_details_by_name - Site not found for name: default
[2025-03-29 04:47:31] [INFO] [/home/shanta/PycharmProjects/comserv2/Comserv/script/../lib/Comserv/Model/Site.pm:99] get_site_details_by_name - Site not found for name: DEFAULT
[2025-03-29 04:47:31] [INFO] [/home/shanta/PycharmProjects/comserv2/Comserv/script/../lib/Comserv/Model/Site.pm:99] get_site_details_by_name - Site not found for name: default
[2025-03-29 04:47:31] [INFO] [/home/shanta/PycharmProjects/comserv2/Comserv/script/../lib/Comserv/Model/Site.pm:99] get_site_details_by_name - Site not found for name: Default
[2025-03-29 04:47:32] [INFO] [/home/shanta/PycharmProjects/comserv2/Comserv/script/../lib/Comserv/Model/Site.pm:99] get_site_details_by_name - Site not found for name: default
[2025-03-29 04:47:32] [INFO] [/home/shanta/PycharmProjects/comserv2/Comserv/script/../lib/Comserv/Model/Site.pm:99] get_site_details_by_name - Site not found for name: DEFAULT
[2025-03-29 04:47:32] [INFO] [/home/shanta/PycharmProjects/comserv2/Comserv/script/../lib/Comserv/Model/Site.pm:99] get_site_details_by_name - Site not found for name: default
[2025-03-29 04:47:32] [INFO] [/home/shanta/PycharmProjects/comserv2/Comserv/script/../lib/Comserv/Model/Site.pm:99] get_site_details_by_name - Site not found for name: Default
[2025-03-29 04:47:32] [INFO] [/home/shanta/PycharmProjects/comserv2/Comserv/script/../lib/Comserv/Controller/Root.pm:1014] default - 404 Not Found: /static/js/menu.js
[2025-03-29 04:47:32] [INFO] [/home/shanta/PycharmProjects/comserv2/Comserv/script/../lib/Comserv/Controller/Root.pm:1016] default - Request method: GET
[2025-03-29 04:47:32] [INFO] [/home/shanta/PycharmProjects/comserv2/Comserv/script/../lib/Comserv/Controller/Root.pm:1018] default - Controller: Comserv::Controller::Root
[2025-03-29 04:47:32] [INFO] [/home/shanta/PycharmProjects/comserv2/Comserv/script/../lib/Comserv/Controller/Root.pm:1029] default - Available controllers: 3d, Admin, Admin::Theme, BMaster, Base, CSC, Documentation, ENCY, File, Forager, Hosting, Log, MCoop, Mail, Project, Proxmox, ProxmoxServers, RemoteDB, RemoteDBExample, Root, Setup, Site, ThemeAdmin, ThemeAdmin::update_theme_with_variables, ThemeEditor, ThemeTest, Todo, USBM, User, Ve7tit, Voip, WorkShop
[2025-03-29 04:47:32] [INFO] [/home/shanta/PycharmProjects/comserv2/Comserv/script/../lib/Comserv/Controller/Root.pm:1034] default - Requested path: /static/js/menu.js (not found)
[2025-03-29 04:49:12] [INFO] [/home/shanta/PycharmProjects/comserv2/Comserv/script/../lib/Comserv/Model/Site.pm:99] get_site_details_by_name - Site not found for name: default
[2025-03-29 04:49:12] [INFO] [/home/shanta/PycharmProjects/comserv2/Comserv/script/../lib/Comserv/Model/Site.pm:99] get_site_details_by_name - Site not found for name: DEFAULT
[2025-03-29 04:49:12] [INFO] [/home/shanta/PycharmProjects/comserv2/Comserv/script/../lib/Comserv/Model/Site.pm:99] get_site_details_by_name - Site not found for name: default
[2025-03-29 04:49:12] [INFO] [/home/shanta/PycharmProjects/comserv2/Comserv/script/../lib/Comserv/Model/Site.pm:99] get_site_details_by_name - Site not found for name: Default
[2025-03-29 04:49:12] [INFO] [/home/shanta/PycharmProjects/comserv2/Comserv/script/../lib/Comserv/Model/Site.pm:99] get_site_details_by_name - Site not found for name: default
[2025-03-29 04:49:12] [INFO] [/home/shanta/PycharmProjects/comserv2/Comserv/script/../lib/Comserv/Model/Site.pm:99] get_site_details_by_name - Site not found for name: DEFAULT
[2025-03-29 04:49:12] [INFO] [/home/shanta/PycharmProjects/comserv2/Comserv/script/../lib/Comserv/Model/Site.pm:99] get_site_details_by_name - Site not found for name: default
[2025-03-29 04:49:12] [INFO] [/home/shanta/PycharmProjects/comserv2/Comserv/script/../lib/Comserv/Model/Site.pm:99] get_site_details_by_name - Site not found for name: Default
[2025-03-29 04:49:12] [INFO] [/home/shanta/PycharmProjects/comserv2/Comserv/script/../lib/Comserv/Controller/Root.pm:1014] default - 404 Not Found: /static/js/menu.js
[2025-03-29 04:49:12] [INFO] [/home/shanta/PycharmProjects/comserv2/Comserv/script/../lib/Comserv/Controller/Root.pm:1016] default - Request method: GET
[2025-03-29 04:49:12] [INFO] [/home/shanta/PycharmProjects/comserv2/Comserv/script/../lib/Comserv/Controller/Root.pm:1018] default - Controller: Comserv::Controller::Root
[2025-03-29 04:49:12] [INFO] [/home/shanta/PycharmProjects/comserv2/Comserv/script/../lib/Comserv/Controller/Root.pm:1029] default - Available controllers: 3d, Admin, Admin::Theme, BMaster, Base, CSC, Documentation, ENCY, File, Forager, Hosting, Log, MCoop, Mail, Project, Proxmox, ProxmoxServers, RemoteDB, RemoteDBExample, Root, Setup, Site, ThemeAdmin, ThemeAdmin::update_theme_with_variables, ThemeEditor, ThemeTest, Todo, USBM, User, Ve7tit, Voip, WorkShop
[2025-03-29 04:49:12] [INFO] [/home/shanta/PycharmProjects/comserv2/Comserv/script/../lib/Comserv/Controller/Root.pm:1034] default - Requested path: /static/js/menu.js (not found)
[2025-03-29 05:16:26] [INFO] [/home/shanta/PycharmProjects/comserv2/Comserv/script/../lib/Comserv/Controller/Root.pm:1052] default - 404 Not Found: /static/js/menu.js
[2025-03-29 05:16:26] [INFO] [/home/shanta/PycharmProjects/comserv2/Comserv/script/../lib/Comserv/Controller/Root.pm:1054] default - Request method: GET
[2025-03-29 05:16:26] [INFO] [/home/shanta/PycharmProjects/comserv2/Comserv/script/../lib/Comserv/Controller/Root.pm:1056] default - Controller: Comserv::Controller::Root
[2025-03-29 05:16:26] [INFO] [/home/shanta/PycharmProjects/comserv2/Comserv/script/../lib/Comserv/Controller/Root.pm:1067] default - Available controllers: 3d, Admin, Admin::Theme, BMaster, Base, CSC, Documentation, ENCY, File, Forager, Hosting, Log, MCoop, Mail, Project, Proxmox, ProxmoxServers, RemoteDB, RemoteDBExample, Root, Setup, Site, ThemeAdmin, ThemeAdmin::update_theme_with_variables, ThemeEditor, ThemeTest, Todo, USBM, User, Ve7tit, Voip, WorkShop
[2025-03-29 05:16:26] [INFO] [/home/shanta/PycharmProjects/comserv2/Comserv/script/../lib/Comserv/Controller/Root.pm:1072] default - Requested path: /static/js/menu.js (not found)
[2025-03-29 05:16:35] [INFO] [/home/shanta/PycharmProjects/comserv2/Comserv/script/../lib/Comserv/Controller/Root.pm:1052] default - 404 Not Found: /static/js/menu.js
[2025-03-29 05:16:35] [INFO] [/home/shanta/PycharmProjects/comserv2/Comserv/script/../lib/Comserv/Controller/Root.pm:1054] default - Request method: GET
[2025-03-29 05:16:35] [INFO] [/home/shanta/PycharmProjects/comserv2/Comserv/script/../lib/Comserv/Controller/Root.pm:1056] default - Controller: Comserv::Controller::Root
[2025-03-29 05:16:35] [INFO] [/home/shanta/PycharmProjects/comserv2/Comserv/script/../lib/Comserv/Controller/Root.pm:1067] default - Available controllers: 3d, Admin, Admin::Theme, BMaster, Base, CSC, Documentation, ENCY, File, Forager, Hosting, Log, MCoop, Mail, Project, Proxmox, ProxmoxServers, RemoteDB, RemoteDBExample, Root, Setup, Site, ThemeAdmin, ThemeAdmin::update_theme_with_variables, ThemeEditor, ThemeTest, Todo, USBM, User, Ve7tit, Voip, WorkShop
[2025-03-29 05:16:35] [INFO] [/home/shanta/PycharmProjects/comserv2/Comserv/script/../lib/Comserv/Controller/Root.pm:1072] default - Requested path: /static/js/menu.js (not found)
[2025-03-29 05:18:11] [INFO] [/home/shanta/PycharmProjects/comserv2/Comserv/script/../lib/Comserv/Model/Site.pm:163] get_site_domain - Domain not found: 127.0.0.1
[2025-03-29 05:19:47] [INFO] [/home/shanta/PycharmProjects/comserv2/Comserv/script/../lib/Comserv/Controller/User.pm:133] do_login - Login failed: Password mismatch for username 'shanta'.
[2025-03-29 05:36:33] [INFO] [/home/shanta/PycharmProjects/comserv2/Comserv/script/../lib/Comserv/Model/Site.pm:163] get_site_domain - Domain not found: 127.0.0.1
[2025-03-29 05:39:58] [INFO] [/home/shanta/PycharmProjects/comserv2/Comserv/script/../lib/Comserv/Controller/Root.pm:1086] default - 404 Not Found: /static/js/menu.js
[2025-03-29 05:39:58] [INFO] [/home/shanta/PycharmProjects/comserv2/Comserv/script/../lib/Comserv/Controller/Root.pm:1088] default - Request method: GET
[2025-03-29 05:39:58] [INFO] [/home/shanta/PycharmProjects/comserv2/Comserv/script/../lib/Comserv/Controller/Root.pm:1090] default - Controller: Comserv::Controller::Root
[2025-03-29 05:39:58] [INFO] [/home/shanta/PycharmProjects/comserv2/Comserv/script/../lib/Comserv/Controller/Root.pm:1101] default - Available controllers: 3d, Admin, Admin::Theme, BMaster, Base, CSC, Documentation, ENCY, File, Forager, Hosting, Log, MCoop, Mail, Project, Proxmox, ProxmoxServers, RemoteDB, RemoteDBExample, Root, Setup, Site, ThemeAdmin, ThemeAdmin::update_theme_with_variables, ThemeEditor, ThemeTest, Todo, USBM, User, Ve7tit, Voip, WorkShop
[2025-03-29 05:39:58] [INFO] [/home/shanta/PycharmProjects/comserv2/Comserv/script/../lib/Comserv/Controller/Root.pm:1106] default - Requested path: /static/js/menu.js (not found)
[2025-03-29 05:40:26] [INFO] [/home/shanta/PycharmProjects/comserv2/Comserv/script/../lib/Comserv/Controller/Root.pm:1086] default - 404 Not Found: /static/js/menu.js
[2025-03-29 05:40:26] [INFO] [/home/shanta/PycharmProjects/comserv2/Comserv/script/../lib/Comserv/Controller/Root.pm:1088] default - Request method: GET
[2025-03-29 05:40:26] [INFO] [/home/shanta/PycharmProjects/comserv2/Comserv/script/../lib/Comserv/Controller/Root.pm:1090] default - Controller: Comserv::Controller::Root
[2025-03-29 05:40:26] [INFO] [/home/shanta/PycharmProjects/comserv2/Comserv/script/../lib/Comserv/Controller/Root.pm:1101] default - Available controllers: 3d, Admin, Admin::Theme, BMaster, Base, CSC, Documentation, ENCY, File, Forager, Hosting, Log, MCoop, Mail, Project, Proxmox, ProxmoxServers, RemoteDB, RemoteDBExample, Root, Setup, Site, ThemeAdmin, ThemeAdmin::update_theme_with_variables, ThemeEditor, ThemeTest, Todo, USBM, User, Ve7tit, Voip, WorkShop
[2025-03-29 05:40:26] [INFO] [/home/shanta/PycharmProjects/comserv2/Comserv/script/../lib/Comserv/Controller/Root.pm:1106] default - Requested path: /static/js/menu.js (not found)
[2025-03-29 05:44:07] [INFO] [/home/shanta/PycharmProjects/comserv2/Comserv/script/../lib/Comserv/Model/Site.pm:163] get_site_domain - Domain not found: 127.0.0.1
[2025-03-29 05:53:15] [INFO] [/home/shanta/PycharmProjects/comserv2/Comserv/script/../lib/Comserv/Model/Site.pm:163] get_site_domain - Domain not found: 127.0.0.1
[2025-03-29 05:53:25] [INFO] [/home/shanta/PycharmProjects/comserv2/Comserv/script/../lib/Comserv/Controller/Root.pm:1153] default - 404 Not Found: /static/js/menu.js
[2025-03-29 05:53:25] [INFO] [/home/shanta/PycharmProjects/comserv2/Comserv/script/../lib/Comserv/Controller/Root.pm:1155] default - Request method: GET
[2025-03-29 05:53:25] [INFO] [/home/shanta/PycharmProjects/comserv2/Comserv/script/../lib/Comserv/Controller/Root.pm:1157] default - Controller: Comserv::Controller::Root
[2025-03-29 05:53:25] [INFO] [/home/shanta/PycharmProjects/comserv2/Comserv/script/../lib/Comserv/Controller/Root.pm:1168] default - Available controllers: 3d, Admin, Admin::Theme, BMaster, Base, CSC, Documentation, ENCY, File, Forager, Hosting, Log, MCoop, Mail, Project, Proxmox, ProxmoxServers, RemoteDB, RemoteDBExample, Root, Setup, Site, ThemeAdmin, ThemeAdmin::update_theme_with_variables, ThemeEditor, ThemeTest, Todo, USBM, User, Ve7tit, Voip, WorkShop
[2025-03-29 05:53:25] [INFO] [/home/shanta/PycharmProjects/comserv2/Comserv/script/../lib/Comserv/Controller/Root.pm:1173] default - Requested path: /static/js/menu.js (not found)
[2025-03-29 05:54:41] [INFO] [/home/shanta/PycharmProjects/comserv2/Comserv/script/../lib/Comserv/Controller/Root.pm:1153] default - 404 Not Found: /static/js/menu.js
[2025-03-29 05:54:41] [INFO] [/home/shanta/PycharmProjects/comserv2/Comserv/script/../lib/Comserv/Controller/Root.pm:1155] default - Request method: GET
[2025-03-29 05:54:41] [INFO] [/home/shanta/PycharmProjects/comserv2/Comserv/script/../lib/Comserv/Controller/Root.pm:1157] default - Controller: Comserv::Controller::Root
[2025-03-29 05:54:41] [INFO] [/home/shanta/PycharmProjects/comserv2/Comserv/script/../lib/Comserv/Controller/Root.pm:1168] default - Available controllers: 3d, Admin, Admin::Theme, BMaster, Base, CSC, Documentation, ENCY, File, Forager, Hosting, Log, MCoop, Mail, Project, Proxmox, ProxmoxServers, RemoteDB, RemoteDBExample, Root, Setup, Site, ThemeAdmin, ThemeAdmin::update_theme_with_variables, ThemeEditor, ThemeTest, Todo, USBM, User, Ve7tit, Voip, WorkShop
[2025-03-29 05:54:41] [INFO] [/home/shanta/PycharmProjects/comserv2/Comserv/script/../lib/Comserv/Controller/Root.pm:1173] default - Requested path: /static/js/menu.js (not found)
[2025-03-29 05:54:47] [INFO] [/home/shanta/PycharmProjects/comserv2/Comserv/script/../lib/Comserv/Controller/Root.pm:1153] default - 404 Not Found: /static/js/menu.js
[2025-03-29 05:54:47] [INFO] [/home/shanta/PycharmProjects/comserv2/Comserv/script/../lib/Comserv/Controller/Root.pm:1155] default - Request method: GET
[2025-03-29 05:54:47] [INFO] [/home/shanta/PycharmProjects/comserv2/Comserv/script/../lib/Comserv/Controller/Root.pm:1157] default - Controller: Comserv::Controller::Root
[2025-03-29 05:54:47] [INFO] [/home/shanta/PycharmProjects/comserv2/Comserv/script/../lib/Comserv/Controller/Root.pm:1168] default - Available controllers: 3d, Admin, Admin::Theme, BMaster, Base, CSC, Documentation, ENCY, File, Forager, Hosting, Log, MCoop, Mail, Project, Proxmox, ProxmoxServers, RemoteDB, RemoteDBExample, Root, Setup, Site, ThemeAdmin, ThemeAdmin::update_theme_with_variables, ThemeEditor, ThemeTest, Todo, USBM, User, Ve7tit, Voip, WorkShop
[2025-03-29 05:54:47] [INFO] [/home/shanta/PycharmProjects/comserv2/Comserv/script/../lib/Comserv/Controller/Root.pm:1173] default - Requested path: /static/js/menu.js (not found)
[2025-03-29 05:54:56] [INFO] [/home/shanta/PycharmProjects/comserv2/Comserv/script/../lib/Comserv/Controller/Root.pm:1153] default - 404 Not Found: /static/js/menu.js
[2025-03-29 05:54:56] [INFO] [/home/shanta/PycharmProjects/comserv2/Comserv/script/../lib/Comserv/Controller/Root.pm:1155] default - Request method: GET
[2025-03-29 05:54:56] [INFO] [/home/shanta/PycharmProjects/comserv2/Comserv/script/../lib/Comserv/Controller/Root.pm:1157] default - Controller: Comserv::Controller::Root
[2025-03-29 05:54:56] [INFO] [/home/shanta/PycharmProjects/comserv2/Comserv/script/../lib/Comserv/Controller/Root.pm:1168] default - Available controllers: 3d, Admin, Admin::Theme, BMaster, Base, CSC, Documentation, ENCY, File, Forager, Hosting, Log, MCoop, Mail, Project, Proxmox, ProxmoxServers, RemoteDB, RemoteDBExample, Root, Setup, Site, ThemeAdmin, ThemeAdmin::update_theme_with_variables, ThemeEditor, ThemeTest, Todo, USBM, User, Ve7tit, Voip, WorkShop
[2025-03-29 05:54:56] [INFO] [/home/shanta/PycharmProjects/comserv2/Comserv/script/../lib/Comserv/Controller/Root.pm:1173] default - Requested path: /static/js/menu.js (not found)
[2025-03-29 06:00:20] [INFO] [/home/shanta/PycharmProjects/comserv2/Comserv/script/../lib/Comserv/Model/Site.pm:163] get_site_domain - Domain not found: usbm.workstation
[2025-03-29 06:00:47] [INFO] [/home/shanta/PycharmProjects/comserv2/Comserv/script/../lib/Comserv/Controller/Root.pm:1153] default - 404 Not Found: /static/js/menu.js
[2025-03-29 06:00:47] [INFO] [/home/shanta/PycharmProjects/comserv2/Comserv/script/../lib/Comserv/Controller/Root.pm:1155] default - Request method: GET
[2025-03-29 06:00:47] [INFO] [/home/shanta/PycharmProjects/comserv2/Comserv/script/../lib/Comserv/Controller/Root.pm:1157] default - Controller: Comserv::Controller::Root
[2025-03-29 06:00:47] [INFO] [/home/shanta/PycharmProjects/comserv2/Comserv/script/../lib/Comserv/Controller/Root.pm:1168] default - Available controllers: 3d, Admin, Admin::Theme, BMaster, Base, CSC, Documentation, ENCY, File, Forager, Hosting, Log, MCoop, Mail, Project, Proxmox, ProxmoxServers, RemoteDB, RemoteDBExample, Root, Setup, Site, ThemeAdmin, ThemeAdmin::update_theme_with_variables, ThemeEditor, ThemeTest, Todo, USBM, User, Ve7tit, Voip, WorkShop
[2025-03-29 06:00:47] [INFO] [/home/shanta/PycharmProjects/comserv2/Comserv/script/../lib/Comserv/Controller/Root.pm:1173] default - Requested path: /static/js/menu.js (not found)
[2025-03-29 06:21:54] [INFO] [/home/shanta/PycharmProjects/comserv2/Comserv/script/../lib/Comserv/Controller/Root.pm:1153] default - 404 Not Found: /static/js/menu.js
[2025-03-29 06:21:54] [INFO] [/home/shanta/PycharmProjects/comserv2/Comserv/script/../lib/Comserv/Controller/Root.pm:1155] default - Request method: GET
[2025-03-29 06:21:54] [INFO] [/home/shanta/PycharmProjects/comserv2/Comserv/script/../lib/Comserv/Controller/Root.pm:1157] default - Controller: Comserv::Controller::Root
[2025-03-29 06:21:54] [INFO] [/home/shanta/PycharmProjects/comserv2/Comserv/script/../lib/Comserv/Controller/Root.pm:1168] default - Available controllers: 3d, Admin, Admin::Theme, BMaster, Base, CSC, Documentation, ENCY, File, Forager, Hosting, Log, MCoop, Mail, Project, Proxmox, ProxmoxServers, RemoteDB, RemoteDBExample, Root, Setup, Site, ThemeAdmin, ThemeAdmin::update_theme_with_variables, ThemeEditor, ThemeTest, Todo, USBM, User, Ve7tit, Voip, WorkShop
[2025-03-29 06:21:54] [INFO] [/home/shanta/PycharmProjects/comserv2/Comserv/script/../lib/Comserv/Controller/Root.pm:1173] default - Requested path: /static/js/menu.js (not found)
[2025-03-29 06:23:53] [INFO] [/home/shanta/PycharmProjects/comserv2/Comserv/script/../lib/Comserv/Controller/Root.pm:1153] default - 404 Not Found: /static/js/menu.js
[2025-03-29 06:23:53] [INFO] [/home/shanta/PycharmProjects/comserv2/Comserv/script/../lib/Comserv/Controller/Root.pm:1155] default - Request method: GET
[2025-03-29 06:23:53] [INFO] [/home/shanta/PycharmProjects/comserv2/Comserv/script/../lib/Comserv/Controller/Root.pm:1157] default - Controller: Comserv::Controller::Root
[2025-03-29 06:23:53] [INFO] [/home/shanta/PycharmProjects/comserv2/Comserv/script/../lib/Comserv/Controller/Root.pm:1168] default - Available controllers: 3d, Admin, Admin::Theme, BMaster, Base, CSC, Documentation, ENCY, File, Forager, Hosting, Log, MCoop, Mail, Project, Proxmox, ProxmoxServers, RemoteDB, RemoteDBExample, Root, Setup, Site, ThemeAdmin, ThemeAdmin::update_theme_with_variables, ThemeEditor, ThemeTest, Todo, USBM, User, Ve7tit, Voip, WorkShop
[2025-03-29 06:23:53] [INFO] [/home/shanta/PycharmProjects/comserv2/Comserv/script/../lib/Comserv/Controller/Root.pm:1173] default - Requested path: /static/js/menu.js (not found)
[2025-03-29 06:23:58] [INFO] [/home/shanta/PycharmProjects/comserv2/Comserv/script/../lib/Comserv/Controller/Proxmox.pm:102] index - Missing Proxmox server credentials. Please configure a Proxmox server first.
[2025-03-29 06:23:58] [INFO] [/home/shanta/PycharmProjects/comserv2/Comserv/script/../lib/Comserv/Controller/Proxmox.pm:106] index - Missing host in credentials
[2025-03-29 06:23:58] [INFO] [/home/shanta/PycharmProjects/comserv2/Comserv/script/../lib/Comserv/Controller/Proxmox.pm:110] index - Missing token_user in credentials
[2025-03-29 06:23:58] [INFO] [/home/shanta/PycharmProjects/comserv2/Comserv/script/../lib/Comserv/Controller/Proxmox.pm:114] index - Missing token_value in credentials
[2025-03-29 06:23:58] [INFO] [/home/shanta/PycharmProjects/comserv2/Comserv/script/../lib/Comserv/Controller/Root.pm:1153] default - 404 Not Found: /static/js/menu.js
[2025-03-29 06:23:58] [INFO] [/home/shanta/PycharmProjects/comserv2/Comserv/script/../lib/Comserv/Controller/Root.pm:1155] default - Request method: GET
[2025-03-29 06:23:58] [INFO] [/home/shanta/PycharmProjects/comserv2/Comserv/script/../lib/Comserv/Controller/Root.pm:1157] default - Controller: Comserv::Controller::Root
[2025-03-29 06:23:58] [INFO] [/home/shanta/PycharmProjects/comserv2/Comserv/script/../lib/Comserv/Controller/Root.pm:1168] default - Available controllers: 3d, Admin, Admin::Theme, BMaster, Base, CSC, Documentation, ENCY, File, Forager, Hosting, Log, MCoop, Mail, Project, Proxmox, ProxmoxServers, RemoteDB, RemoteDBExample, Root, Setup, Site, ThemeAdmin, ThemeAdmin::update_theme_with_variables, ThemeEditor, ThemeTest, Todo, USBM, User, Ve7tit, Voip, WorkShop
[2025-03-29 06:23:58] [INFO] [/home/shanta/PycharmProjects/comserv2/Comserv/script/../lib/Comserv/Controller/Root.pm:1173] default - Requested path: /static/js/menu.js (not found)
[2025-03-29 06:25:02] [INFO] [/home/shanta/PycharmProjects/comserv2/Comserv/script/../lib/Comserv/Controller/Root.pm:1153] default - 404 Not Found: /static/js/menu.js
[2025-03-29 06:25:02] [INFO] [/home/shanta/PycharmProjects/comserv2/Comserv/script/../lib/Comserv/Controller/Root.pm:1155] default - Request method: GET
[2025-03-29 06:25:02] [INFO] [/home/shanta/PycharmProjects/comserv2/Comserv/script/../lib/Comserv/Controller/Root.pm:1157] default - Controller: Comserv::Controller::Root
[2025-03-29 06:25:02] [INFO] [/home/shanta/PycharmProjects/comserv2/Comserv/script/../lib/Comserv/Controller/Root.pm:1168] default - Available controllers: 3d, Admin, Admin::Theme, BMaster, Base, CSC, Documentation, ENCY, File, Forager, Hosting, Log, MCoop, Mail, Project, Proxmox, ProxmoxServers, RemoteDB, RemoteDBExample, Root, Setup, Site, ThemeAdmin, ThemeAdmin::update_theme_with_variables, ThemeEditor, ThemeTest, Todo, USBM, User, Ve7tit, Voip, WorkShop
[2025-03-29 06:25:02] [INFO] [/home/shanta/PycharmProjects/comserv2/Comserv/script/../lib/Comserv/Controller/Root.pm:1173] default - Requested path: /static/js/menu.js (not found)
[2025-03-29 06:31:54] [INFO] [/home/shanta/PycharmProjects/comserv2/Comserv/script/../lib/Comserv/Controller/Root.pm:1153] default - 404 Not Found: /static/js/menu.js
[2025-03-29 06:31:54] [INFO] [/home/shanta/PycharmProjects/comserv2/Comserv/script/../lib/Comserv/Controller/Root.pm:1155] default - Request method: GET
[2025-03-29 06:31:54] [INFO] [/home/shanta/PycharmProjects/comserv2/Comserv/script/../lib/Comserv/Controller/Root.pm:1157] default - Controller: Comserv::Controller::Root
[2025-03-29 06:31:54] [INFO] [/home/shanta/PycharmProjects/comserv2/Comserv/script/../lib/Comserv/Controller/Root.pm:1168] default - Available controllers: 3d, Admin, Admin::Theme, BMaster, Base, CSC, Documentation, ENCY, File, Forager, Hosting, Log, MCoop, Mail, Project, Proxmox, ProxmoxServers, RemoteDB, RemoteDBExample, Root, Setup, Site, ThemeAdmin, ThemeAdmin::update_theme_with_variables, ThemeEditor, ThemeTest, Todo, USBM, User, Ve7tit, Voip, WorkShop
[2025-03-29 06:31:54] [INFO] [/home/shanta/PycharmProjects/comserv2/Comserv/script/../lib/Comserv/Controller/Root.pm:1173] default - Requested path: /static/js/menu.js (not found)
[2025-03-29 06:32:10] [INFO] [/home/shanta/PycharmProjects/comserv2/Comserv/script/../lib/Comserv/Controller/Root.pm:1153] default - 404 Not Found: /static/js/menu.js
[2025-03-29 06:32:10] [INFO] [/home/shanta/PycharmProjects/comserv2/Comserv/script/../lib/Comserv/Controller/Root.pm:1155] default - Request method: GET
[2025-03-29 06:32:10] [INFO] [/home/shanta/PycharmProjects/comserv2/Comserv/script/../lib/Comserv/Controller/Root.pm:1157] default - Controller: Comserv::Controller::Root
[2025-03-29 06:32:10] [INFO] [/home/shanta/PycharmProjects/comserv2/Comserv/script/../lib/Comserv/Controller/Root.pm:1168] default - Available controllers: 3d, Admin, Admin::Theme, BMaster, Base, CSC, Documentation, ENCY, File, Forager, Hosting, Log, MCoop, Mail, Project, Proxmox, ProxmoxServers, RemoteDB, RemoteDBExample, Root, Setup, Site, ThemeAdmin, ThemeAdmin::update_theme_with_variables, ThemeEditor, ThemeTest, Todo, USBM, User, Ve7tit, Voip, WorkShop
[2025-03-29 06:32:10] [INFO] [/home/shanta/PycharmProjects/comserv2/Comserv/script/../lib/Comserv/Controller/Root.pm:1173] default - Requested path: /static/js/menu.js (not found)
[2025-03-29 06:33:35] [INFO] [/home/shanta/PycharmProjects/comserv2/Comserv/script/../lib/Comserv/Controller/Root.pm:1153] default - 404 Not Found: /static/js/menu.js
[2025-03-29 06:33:35] [INFO] [/home/shanta/PycharmProjects/comserv2/Comserv/script/../lib/Comserv/Controller/Root.pm:1155] default - Request method: GET
[2025-03-29 06:33:35] [INFO] [/home/shanta/PycharmProjects/comserv2/Comserv/script/../lib/Comserv/Controller/Root.pm:1157] default - Controller: Comserv::Controller::Root
[2025-03-29 06:33:35] [INFO] [/home/shanta/PycharmProjects/comserv2/Comserv/script/../lib/Comserv/Controller/Root.pm:1168] default - Available controllers: 3d, Admin, Admin::Theme, BMaster, Base, CSC, Documentation, ENCY, File, Forager, Hosting, Log, MCoop, Mail, Project, Proxmox, ProxmoxServers, RemoteDB, RemoteDBExample, Root, Setup, Site, ThemeAdmin, ThemeAdmin::update_theme_with_variables, ThemeEditor, ThemeTest, Todo, USBM, User, Ve7tit, Voip, WorkShop
[2025-03-29 06:33:35] [INFO] [/home/shanta/PycharmProjects/comserv2/Comserv/script/../lib/Comserv/Controller/Root.pm:1173] default - Requested path: /static/js/menu.js (not found)
[2025-03-29 06:33:39] [INFO] [/home/shanta/PycharmProjects/comserv2/Comserv/script/../lib/Comserv/Controller/Root.pm:1153] default - 404 Not Found: /static/js/menu.js
[2025-03-29 06:33:39] [INFO] [/home/shanta/PycharmProjects/comserv2/Comserv/script/../lib/Comserv/Controller/Root.pm:1155] default - Request method: GET
[2025-03-29 06:33:39] [INFO] [/home/shanta/PycharmProjects/comserv2/Comserv/script/../lib/Comserv/Controller/Root.pm:1157] default - Controller: Comserv::Controller::Root
[2025-03-29 06:33:39] [INFO] [/home/shanta/PycharmProjects/comserv2/Comserv/script/../lib/Comserv/Controller/Root.pm:1168] default - Available controllers: 3d, Admin, Admin::Theme, BMaster, Base, CSC, Documentation, ENCY, File, Forager, Hosting, Log, MCoop, Mail, Project, Proxmox, ProxmoxServers, RemoteDB, RemoteDBExample, Root, Setup, Site, ThemeAdmin, ThemeAdmin::update_theme_with_variables, ThemeEditor, ThemeTest, Todo, USBM, User, Ve7tit, Voip, WorkShop
[2025-03-29 06:33:39] [INFO] [/home/shanta/PycharmProjects/comserv2/Comserv/script/../lib/Comserv/Controller/Root.pm:1173] default - Requested path: /static/js/menu.js (not found)
[2025-03-29 06:33:44] [INFO] [/home/shanta/PycharmProjects/comserv2/Comserv/script/../lib/Comserv/Controller/Root.pm:1153] default - 404 Not Found: /static/js/menu.js
[2025-03-29 06:33:44] [INFO] [/home/shanta/PycharmProjects/comserv2/Comserv/script/../lib/Comserv/Controller/Root.pm:1155] default - Request method: GET
[2025-03-29 06:33:44] [INFO] [/home/shanta/PycharmProjects/comserv2/Comserv/script/../lib/Comserv/Controller/Root.pm:1157] default - Controller: Comserv::Controller::Root
[2025-03-29 06:33:44] [INFO] [/home/shanta/PycharmProjects/comserv2/Comserv/script/../lib/Comserv/Controller/Root.pm:1168] default - Available controllers: 3d, Admin, Admin::Theme, BMaster, Base, CSC, Documentation, ENCY, File, Forager, Hosting, Log, MCoop, Mail, Project, Proxmox, ProxmoxServers, RemoteDB, RemoteDBExample, Root, Setup, Site, ThemeAdmin, ThemeAdmin::update_theme_with_variables, ThemeEditor, ThemeTest, Todo, USBM, User, Ve7tit, Voip, WorkShop
[2025-03-29 06:33:44] [INFO] [/home/shanta/PycharmProjects/comserv2/Comserv/script/../lib/Comserv/Controller/Root.pm:1173] default - Requested path: /static/js/menu.js (not found)
[2025-03-29 06:37:34] [INFO] [/home/shanta/PycharmProjects/comserv2/Comserv/script/../lib/Comserv/Controller/Root.pm:1153] default - 404 Not Found: /static/js/menu.js
[2025-03-29 06:37:34] [INFO] [/home/shanta/PycharmProjects/comserv2/Comserv/script/../lib/Comserv/Controller/Root.pm:1155] default - Request method: GET
[2025-03-29 06:37:34] [INFO] [/home/shanta/PycharmProjects/comserv2/Comserv/script/../lib/Comserv/Controller/Root.pm:1157] default - Controller: Comserv::Controller::Root
[2025-03-29 06:37:34] [INFO] [/home/shanta/PycharmProjects/comserv2/Comserv/script/../lib/Comserv/Controller/Root.pm:1168] default - Available controllers: 3d, Admin, Admin::Theme, BMaster, Base, CSC, Documentation, ENCY, File, Forager, Hosting, Log, MCoop, Mail, Project, Proxmox, ProxmoxServers, RemoteDB, RemoteDBExample, Root, Setup, Site, ThemeAdmin, ThemeAdmin::update_theme_with_variables, ThemeEditor, ThemeTest, Todo, USBM, User, Ve7tit, Voip, WorkShop
[2025-03-29 06:37:34] [INFO] [/home/shanta/PycharmProjects/comserv2/Comserv/script/../lib/Comserv/Controller/Root.pm:1173] default - Requested path: /static/js/menu.js (not found)
[2025-03-29 06:37:35] [INFO] [/home/shanta/PycharmProjects/comserv2/Comserv/script/../lib/Comserv/Controller/Root.pm:1153] default - 404 Not Found: /static/js/menu.js
[2025-03-29 06:37:35] [INFO] [/home/shanta/PycharmProjects/comserv2/Comserv/script/../lib/Comserv/Controller/Root.pm:1155] default - Request method: GET
[2025-03-29 06:37:35] [INFO] [/home/shanta/PycharmProjects/comserv2/Comserv/script/../lib/Comserv/Controller/Root.pm:1157] default - Controller: Comserv::Controller::Root
[2025-03-29 06:37:35] [INFO] [/home/shanta/PycharmProjects/comserv2/Comserv/script/../lib/Comserv/Controller/Root.pm:1168] default - Available controllers: 3d, Admin, Admin::Theme, BMaster, Base, CSC, Documentation, ENCY, File, Forager, Hosting, Log, MCoop, Mail, Project, Proxmox, ProxmoxServers, RemoteDB, RemoteDBExample, Root, Setup, Site, ThemeAdmin, ThemeAdmin::update_theme_with_variables, ThemeEditor, ThemeTest, Todo, USBM, User, Ve7tit, Voip, WorkShop
[2025-03-29 06:37:35] [INFO] [/home/shanta/PycharmProjects/comserv2/Comserv/script/../lib/Comserv/Controller/Root.pm:1173] default - Requested path: /static/js/menu.js (not found)
[2025-03-29 06:37:36] [INFO] [/home/shanta/PycharmProjects/comserv2/Comserv/script/../lib/Comserv/Controller/Root.pm:1153] default - 404 Not Found: /static/js/menu.js
[2025-03-29 06:37:36] [INFO] [/home/shanta/PycharmProjects/comserv2/Comserv/script/../lib/Comserv/Controller/Root.pm:1155] default - Request method: GET
[2025-03-29 06:37:36] [INFO] [/home/shanta/PycharmProjects/comserv2/Comserv/script/../lib/Comserv/Controller/Root.pm:1157] default - Controller: Comserv::Controller::Root
[2025-03-29 06:37:36] [INFO] [/home/shanta/PycharmProjects/comserv2/Comserv/script/../lib/Comserv/Controller/Root.pm:1168] default - Available controllers: 3d, Admin, Admin::Theme, BMaster, Base, CSC, Documentation, ENCY, File, Forager, Hosting, Log, MCoop, Mail, Project, Proxmox, ProxmoxServers, RemoteDB, RemoteDBExample, Root, Setup, Site, ThemeAdmin, ThemeAdmin::update_theme_with_variables, ThemeEditor, ThemeTest, Todo, USBM, User, Ve7tit, Voip, WorkShop
[2025-03-29 06:37:36] [INFO] [/home/shanta/PycharmProjects/comserv2/Comserv/script/../lib/Comserv/Controller/Root.pm:1173] default - Requested path: /static/js/menu.js (not found)
[2025-03-29 06:37:37] [INFO] [/home/shanta/PycharmProjects/comserv2/Comserv/script/../lib/Comserv/Controller/Root.pm:1153] default - 404 Not Found: /static/js/menu.js
[2025-03-29 06:37:37] [INFO] [/home/shanta/PycharmProjects/comserv2/Comserv/script/../lib/Comserv/Controller/Root.pm:1155] default - Request method: GET
[2025-03-29 06:37:37] [INFO] [/home/shanta/PycharmProjects/comserv2/Comserv/script/../lib/Comserv/Controller/Root.pm:1157] default - Controller: Comserv::Controller::Root
[2025-03-29 06:37:37] [INFO] [/home/shanta/PycharmProjects/comserv2/Comserv/script/../lib/Comserv/Controller/Root.pm:1168] default - Available controllers: 3d, Admin, Admin::Theme, BMaster, Base, CSC, Documentation, ENCY, File, Forager, Hosting, Log, MCoop, Mail, Project, Proxmox, ProxmoxServers, RemoteDB, RemoteDBExample, Root, Setup, Site, ThemeAdmin, ThemeAdmin::update_theme_with_variables, ThemeEditor, ThemeTest, Todo, USBM, User, Ve7tit, Voip, WorkShop
[2025-03-29 06:37:37] [INFO] [/home/shanta/PycharmProjects/comserv2/Comserv/script/../lib/Comserv/Controller/Root.pm:1173] default - Requested path: /static/js/menu.js (not found)
[2025-03-29 06:38:58] [INFO] [/home/shanta/PycharmProjects/comserv2/Comserv/script/../lib/Comserv/Controller/Root.pm:1153] default - 404 Not Found: /static/js/menu.js
[2025-03-29 06:38:58] [INFO] [/home/shanta/PycharmProjects/comserv2/Comserv/script/../lib/Comserv/Controller/Root.pm:1155] default - Request method: GET
[2025-03-29 06:38:58] [INFO] [/home/shanta/PycharmProjects/comserv2/Comserv/script/../lib/Comserv/Controller/Root.pm:1157] default - Controller: Comserv::Controller::Root
[2025-03-29 06:38:58] [INFO] [/home/shanta/PycharmProjects/comserv2/Comserv/script/../lib/Comserv/Controller/Root.pm:1168] default - Available controllers: 3d, Admin, Admin::Theme, BMaster, Base, CSC, Documentation, ENCY, File, Forager, Hosting, Log, MCoop, Mail, Project, Proxmox, ProxmoxServers, RemoteDB, RemoteDBExample, Root, Setup, Site, ThemeAdmin, ThemeAdmin::update_theme_with_variables, ThemeEditor, ThemeTest, Todo, USBM, User, Ve7tit, Voip, WorkShop
[2025-03-29 06:38:58] [INFO] [/home/shanta/PycharmProjects/comserv2/Comserv/script/../lib/Comserv/Controller/Root.pm:1173] default - Requested path: /static/js/menu.js (not found)
[2025-03-29 06:56:22] [INFO] [/home/shanta/PycharmProjects/comserv2/Comserv/script/../lib/Comserv/Controller/Root.pm:1153] default - 404 Not Found: /static/js/menu.js
[2025-03-29 06:56:22] [INFO] [/home/shanta/PycharmProjects/comserv2/Comserv/script/../lib/Comserv/Controller/Root.pm:1155] default - Request method: GET
[2025-03-29 06:56:22] [INFO] [/home/shanta/PycharmProjects/comserv2/Comserv/script/../lib/Comserv/Controller/Root.pm:1157] default - Controller: Comserv::Controller::Root
[2025-03-29 06:56:22] [INFO] [/home/shanta/PycharmProjects/comserv2/Comserv/script/../lib/Comserv/Controller/Root.pm:1168] default - Available controllers: 3d, Admin, Admin::Theme, BMaster, Base, CSC, Documentation, ENCY, File, Forager, Hosting, Log, MCoop, Mail, Project, Proxmox, ProxmoxServers, RemoteDB, RemoteDBExample, Root, Setup, Site, ThemeAdmin, ThemeAdmin::update_theme_with_variables, ThemeEditor, ThemeTest, Todo, USBM, User, Ve7tit, Voip, WorkShop
[2025-03-29 06:56:22] [INFO] [/home/shanta/PycharmProjects/comserv2/Comserv/script/../lib/Comserv/Controller/Root.pm:1173] default - Requested path: /static/js/menu.js (not found)
[2025-03-29 06:56:43] [INFO] [/home/shanta/PycharmProjects/comserv2/Comserv/script/../lib/Comserv/Controller/Root.pm:1153] default - 404 Not Found: /static/js/menu.js
[2025-03-29 06:56:43] [INFO] [/home/shanta/PycharmProjects/comserv2/Comserv/script/../lib/Comserv/Controller/Root.pm:1155] default - Request method: GET
[2025-03-29 06:56:43] [INFO] [/home/shanta/PycharmProjects/comserv2/Comserv/script/../lib/Comserv/Controller/Root.pm:1157] default - Controller: Comserv::Controller::Root
[2025-03-29 06:56:43] [INFO] [/home/shanta/PycharmProjects/comserv2/Comserv/script/../lib/Comserv/Controller/Root.pm:1168] default - Available controllers: 3d, Admin, Admin::Theme, BMaster, Base, CSC, Documentation, ENCY, File, Forager, Hosting, Log, MCoop, Mail, Project, Proxmox, ProxmoxServers, RemoteDB, RemoteDBExample, Root, Setup, Site, ThemeAdmin, ThemeAdmin::update_theme_with_variables, ThemeEditor, ThemeTest, Todo, USBM, User, Ve7tit, Voip, WorkShop
[2025-03-29 06:56:43] [INFO] [/home/shanta/PycharmProjects/comserv2/Comserv/script/../lib/Comserv/Controller/Root.pm:1173] default - Requested path: /static/js/menu.js (not found)
[2025-03-29 06:56:50] [INFO] [/home/shanta/PycharmProjects/comserv2/Comserv/script/../lib/Comserv/Controller/Root.pm:1153] default - 404 Not Found: /static/js/menu.js
[2025-03-29 06:56:50] [INFO] [/home/shanta/PycharmProjects/comserv2/Comserv/script/../lib/Comserv/Controller/Root.pm:1155] default - Request method: GET
[2025-03-29 06:56:50] [INFO] [/home/shanta/PycharmProjects/comserv2/Comserv/script/../lib/Comserv/Controller/Root.pm:1157] default - Controller: Comserv::Controller::Root
[2025-03-29 06:56:50] [INFO] [/home/shanta/PycharmProjects/comserv2/Comserv/script/../lib/Comserv/Controller/Root.pm:1168] default - Available controllers: 3d, Admin, Admin::Theme, BMaster, Base, CSC, Documentation, ENCY, File, Forager, Hosting, Log, MCoop, Mail, Project, Proxmox, ProxmoxServers, RemoteDB, RemoteDBExample, Root, Setup, Site, ThemeAdmin, ThemeAdmin::update_theme_with_variables, ThemeEditor, ThemeTest, Todo, USBM, User, Ve7tit, Voip, WorkShop
[2025-03-29 06:56:50] [INFO] [/home/shanta/PycharmProjects/comserv2/Comserv/script/../lib/Comserv/Controller/Root.pm:1173] default - Requested path: /static/js/menu.js (not found)
[2025-03-29 06:56:57] [INFO] [/home/shanta/PycharmProjects/comserv2/Comserv/script/../lib/Comserv/Controller/Root.pm:1153] default - 404 Not Found: /static/js/menu.js
[2025-03-29 06:56:57] [INFO] [/home/shanta/PycharmProjects/comserv2/Comserv/script/../lib/Comserv/Controller/Root.pm:1155] default - Request method: GET
[2025-03-29 06:56:57] [INFO] [/home/shanta/PycharmProjects/comserv2/Comserv/script/../lib/Comserv/Controller/Root.pm:1157] default - Controller: Comserv::Controller::Root
[2025-03-29 06:56:57] [INFO] [/home/shanta/PycharmProjects/comserv2/Comserv/script/../lib/Comserv/Controller/Root.pm:1168] default - Available controllers: 3d, Admin, Admin::Theme, BMaster, Base, CSC, Documentation, ENCY, File, Forager, Hosting, Log, MCoop, Mail, Project, Proxmox, ProxmoxServers, RemoteDB, RemoteDBExample, Root, Setup, Site, ThemeAdmin, ThemeAdmin::update_theme_with_variables, ThemeEditor, ThemeTest, Todo, USBM, User, Ve7tit, Voip, WorkShop
[2025-03-29 06:56:57] [INFO] [/home/shanta/PycharmProjects/comserv2/Comserv/script/../lib/Comserv/Controller/Root.pm:1173] default - Requested path: /static/js/menu.js (not found)
[2025-03-29 06:58:32] [INFO] [/home/shanta/PycharmProjects/comserv2/Comserv/script/../lib/Comserv/Controller/Root.pm:1153] default - 404 Not Found: /static/js/menu.js
[2025-03-29 06:58:32] [INFO] [/home/shanta/PycharmProjects/comserv2/Comserv/script/../lib/Comserv/Controller/Root.pm:1155] default - Request method: GET
[2025-03-29 06:58:32] [INFO] [/home/shanta/PycharmProjects/comserv2/Comserv/script/../lib/Comserv/Controller/Root.pm:1157] default - Controller: Comserv::Controller::Root
[2025-03-29 06:58:32] [INFO] [/home/shanta/PycharmProjects/comserv2/Comserv/script/../lib/Comserv/Controller/Root.pm:1168] default - Available controllers: 3d, Admin, Admin::Theme, BMaster, Base, CSC, Documentation, ENCY, File, Forager, Hosting, Log, MCoop, Mail, Project, Proxmox, ProxmoxServers, RemoteDB, RemoteDBExample, Root, Setup, Site, ThemeAdmin, ThemeAdmin::update_theme_with_variables, ThemeEditor, ThemeTest, Todo, USBM, User, Ve7tit, Voip, WorkShop
[2025-03-29 06:58:32] [INFO] [/home/shanta/PycharmProjects/comserv2/Comserv/script/../lib/Comserv/Controller/Root.pm:1173] default - Requested path: /static/js/menu.js (not found)
[2025-03-29 06:58:45] [INFO] [/home/shanta/PycharmProjects/comserv2/Comserv/script/../lib/Comserv/Controller/Root.pm:1153] default - 404 Not Found: /static/js/menu.js
[2025-03-29 06:58:45] [INFO] [/home/shanta/PycharmProjects/comserv2/Comserv/script/../lib/Comserv/Controller/Root.pm:1155] default - Request method: GET
[2025-03-29 06:58:45] [INFO] [/home/shanta/PycharmProjects/comserv2/Comserv/script/../lib/Comserv/Controller/Root.pm:1157] default - Controller: Comserv::Controller::Root
[2025-03-29 06:58:45] [INFO] [/home/shanta/PycharmProjects/comserv2/Comserv/script/../lib/Comserv/Controller/Root.pm:1168] default - Available controllers: 3d, Admin, Admin::Theme, BMaster, Base, CSC, Documentation, ENCY, File, Forager, Hosting, Log, MCoop, Mail, Project, Proxmox, ProxmoxServers, RemoteDB, RemoteDBExample, Root, Setup, Site, ThemeAdmin, ThemeAdmin::update_theme_with_variables, ThemeEditor, ThemeTest, Todo, USBM, User, Ve7tit, Voip, WorkShop
[2025-03-29 06:58:45] [INFO] [/home/shanta/PycharmProjects/comserv2/Comserv/script/../lib/Comserv/Controller/Root.pm:1173] default - Requested path: /static/js/menu.js (not found)
[2025-03-29 07:02:17] [INFO] [/home/shanta/PycharmProjects/comserv2/Comserv/script/../lib/Comserv/Model/Site.pm:86] get_all_sites - Reached end of method without returning - this should not happen
[2025-03-29 07:02:17] [INFO] [/home/shanta/PycharmProjects/comserv2/Comserv/script/../lib/Comserv/Controller/Root.pm:1153] default - 404 Not Found: /static/js/menu.js
[2025-03-29 07:02:17] [INFO] [/home/shanta/PycharmProjects/comserv2/Comserv/script/../lib/Comserv/Controller/Root.pm:1155] default - Request method: GET
[2025-03-29 07:02:17] [INFO] [/home/shanta/PycharmProjects/comserv2/Comserv/script/../lib/Comserv/Controller/Root.pm:1157] default - Controller: Comserv::Controller::Root
[2025-03-29 07:02:17] [INFO] [/home/shanta/PycharmProjects/comserv2/Comserv/script/../lib/Comserv/Controller/Root.pm:1168] default - Available controllers: 3d, Admin, Admin::Theme, BMaster, Base, CSC, Documentation, ENCY, File, Forager, Hosting, Log, MCoop, Mail, Project, Proxmox, ProxmoxServers, RemoteDB, RemoteDBExample, Root, Setup, Site, ThemeAdmin, ThemeAdmin::update_theme_with_variables, ThemeEditor, ThemeTest, Todo, USBM, User, Ve7tit, Voip, WorkShop
[2025-03-29 07:02:17] [INFO] [/home/shanta/PycharmProjects/comserv2/Comserv/script/../lib/Comserv/Controller/Root.pm:1173] default - Requested path: /static/js/menu.js (not found)
[2025-03-29 07:02:48] [INFO] [/home/shanta/PycharmProjects/comserv2/Comserv/script/../lib/Comserv/Model/Site.pm:86] get_all_sites - Reached end of method without returning - this should not happen
[2025-03-29 07:02:48] [INFO] [/home/shanta/PycharmProjects/comserv2/Comserv/script/../lib/Comserv/Controller/Root.pm:1153] default - 404 Not Found: /static/js/menu.js
[2025-03-29 07:02:48] [INFO] [/home/shanta/PycharmProjects/comserv2/Comserv/script/../lib/Comserv/Controller/Root.pm:1155] default - Request method: GET
[2025-03-29 07:02:48] [INFO] [/home/shanta/PycharmProjects/comserv2/Comserv/script/../lib/Comserv/Controller/Root.pm:1157] default - Controller: Comserv::Controller::Root
[2025-03-29 07:02:48] [INFO] [/home/shanta/PycharmProjects/comserv2/Comserv/script/../lib/Comserv/Controller/Root.pm:1168] default - Available controllers: 3d, Admin, Admin::Theme, BMaster, Base, CSC, Documentation, ENCY, File, Forager, Hosting, Log, MCoop, Mail, Project, Proxmox, ProxmoxServers, RemoteDB, RemoteDBExample, Root, Setup, Site, ThemeAdmin, ThemeAdmin::update_theme_with_variables, ThemeEditor, ThemeTest, Todo, USBM, User, Ve7tit, Voip, WorkShop
[2025-03-29 07:02:48] [INFO] [/home/shanta/PycharmProjects/comserv2/Comserv/script/../lib/Comserv/Controller/Root.pm:1173] default - Requested path: /static/js/menu.js (not found)
[2025-03-29 07:07:08] [INFO] [/home/shanta/PycharmProjects/comserv2/Comserv/script/../lib/Comserv/Controller/Root.pm:1153] default - 404 Not Found: /static/js/menu.js
[2025-03-29 07:07:08] [INFO] [/home/shanta/PycharmProjects/comserv2/Comserv/script/../lib/Comserv/Controller/Root.pm:1155] default - Request method: GET
[2025-03-29 07:07:08] [INFO] [/home/shanta/PycharmProjects/comserv2/Comserv/script/../lib/Comserv/Controller/Root.pm:1157] default - Controller: Comserv::Controller::Root
[2025-03-29 07:07:08] [INFO] [/home/shanta/PycharmProjects/comserv2/Comserv/script/../lib/Comserv/Controller/Root.pm:1168] default - Available controllers: 3d, Admin, Admin::Theme, BMaster, Base, CSC, Documentation, ENCY, File, Forager, Hosting, Log, MCoop, Mail, Project, Proxmox, ProxmoxServers, RemoteDB, RemoteDBExample, Root, Setup, Site, ThemeAdmin, ThemeAdmin::update_theme_with_variables, ThemeEditor, ThemeTest, Todo, USBM, User, Ve7tit, Voip, WorkShop
[2025-03-29 07:07:08] [INFO] [/home/shanta/PycharmProjects/comserv2/Comserv/script/../lib/Comserv/Controller/Root.pm:1173] default - Requested path: /static/js/menu.js (not found)
[2025-03-29 07:09:57] [INFO] [/home/shanta/PycharmProjects/comserv2/Comserv/script/../lib/Comserv/Controller/Root.pm:1153] default - 404 Not Found: /static/js/menu.js
[2025-03-29 07:09:57] [INFO] [/home/shanta/PycharmProjects/comserv2/Comserv/script/../lib/Comserv/Controller/Root.pm:1155] default - Request method: GET
[2025-03-29 07:09:57] [INFO] [/home/shanta/PycharmProjects/comserv2/Comserv/script/../lib/Comserv/Controller/Root.pm:1157] default - Controller: Comserv::Controller::Root
[2025-03-29 07:09:57] [INFO] [/home/shanta/PycharmProjects/comserv2/Comserv/script/../lib/Comserv/Controller/Root.pm:1168] default - Available controllers: 3d, Admin, Admin::Theme, BMaster, Base, CSC, Documentation, ENCY, File, Forager, Hosting, Log, MCoop, Mail, Project, Proxmox, ProxmoxServers, RemoteDB, RemoteDBExample, Root, Setup, Site, ThemeAdmin, ThemeAdmin::update_theme_with_variables, ThemeEditor, ThemeTest, Todo, USBM, User, Ve7tit, Voip, WorkShop
[2025-03-29 07:09:57] [INFO] [/home/shanta/PycharmProjects/comserv2/Comserv/script/../lib/Comserv/Controller/Root.pm:1173] default - Requested path: /static/js/menu.js (not found)
[2025-03-29 07:18:02] [INFO] [/home/shanta/PycharmProjects/comserv2/Comserv/script/../lib/Comserv/Controller/Root.pm:1153] default - 404 Not Found: /static/js/menu.js
[2025-03-29 07:18:02] [INFO] [/home/shanta/PycharmProjects/comserv2/Comserv/script/../lib/Comserv/Controller/Root.pm:1155] default - Request method: GET
[2025-03-29 07:18:02] [INFO] [/home/shanta/PycharmProjects/comserv2/Comserv/script/../lib/Comserv/Controller/Root.pm:1157] default - Controller: Comserv::Controller::Root
[2025-03-29 07:18:02] [INFO] [/home/shanta/PycharmProjects/comserv2/Comserv/script/../lib/Comserv/Controller/Root.pm:1168] default - Available controllers: 3d, Admin, Admin::Theme, BMaster, Base, CSC, Documentation, ENCY, File, Forager, Hosting, Log, MCoop, Mail, Project, Proxmox, ProxmoxServers, RemoteDB, RemoteDBExample, Root, Setup, Site, ThemeAdmin, ThemeAdmin::update_theme_with_variables, ThemeEditor, ThemeTest, Todo, USBM, User, Ve7tit, Voip, WorkShop
[2025-03-29 07:18:02] [INFO] [/home/shanta/PycharmProjects/comserv2/Comserv/script/../lib/Comserv/Controller/Root.pm:1173] default - Requested path: /static/js/menu.js (not found)
[2025-03-29 07:21:20] [INFO] [/home/shanta/PycharmProjects/comserv2/Comserv/script/../lib/Comserv/Controller/Root.pm:1153] default - 404 Not Found: /static/js/menu.js
[2025-03-29 07:21:20] [INFO] [/home/shanta/PycharmProjects/comserv2/Comserv/script/../lib/Comserv/Controller/Root.pm:1155] default - Request method: GET
[2025-03-29 07:21:20] [INFO] [/home/shanta/PycharmProjects/comserv2/Comserv/script/../lib/Comserv/Controller/Root.pm:1157] default - Controller: Comserv::Controller::Root
[2025-03-29 07:21:20] [INFO] [/home/shanta/PycharmProjects/comserv2/Comserv/script/../lib/Comserv/Controller/Root.pm:1168] default - Available controllers: 3d, Admin, Admin::Theme, BMaster, Base, CSC, Documentation, ENCY, File, Forager, Hosting, Log, MCoop, Mail, Project, Proxmox, ProxmoxServers, RemoteDB, RemoteDBExample, Root, Setup, Site, ThemeAdmin, ThemeAdmin::update_theme_with_variables, ThemeEditor, ThemeTest, Todo, USBM, User, Ve7tit, Voip, WorkShop
[2025-03-29 07:21:20] [INFO] [/home/shanta/PycharmProjects/comserv2/Comserv/script/../lib/Comserv/Controller/Root.pm:1173] default - Requested path: /static/js/menu.js (not found)
[2025-03-29 07:22:29] [INFO] [/home/shanta/PycharmProjects/comserv2/Comserv/script/../lib/Comserv/Controller/Root.pm:1153] default - 404 Not Found: /static/js/menu.js
[2025-03-29 07:22:29] [INFO] [/home/shanta/PycharmProjects/comserv2/Comserv/script/../lib/Comserv/Controller/Root.pm:1155] default - Request method: GET
[2025-03-29 07:22:29] [INFO] [/home/shanta/PycharmProjects/comserv2/Comserv/script/../lib/Comserv/Controller/Root.pm:1157] default - Controller: Comserv::Controller::Root
[2025-03-29 07:22:29] [INFO] [/home/shanta/PycharmProjects/comserv2/Comserv/script/../lib/Comserv/Controller/Root.pm:1168] default - Available controllers: 3d, Admin, Admin::Theme, BMaster, Base, CSC, Documentation, ENCY, File, Forager, Hosting, Log, MCoop, Mail, Project, Proxmox, ProxmoxServers, RemoteDB, RemoteDBExample, Root, Setup, Site, ThemeAdmin, ThemeAdmin::update_theme_with_variables, ThemeEditor, ThemeTest, Todo, USBM, User, Ve7tit, Voip, WorkShop
[2025-03-29 07:22:29] [INFO] [/home/shanta/PycharmProjects/comserv2/Comserv/script/../lib/Comserv/Controller/Root.pm:1173] default - Requested path: /static/js/menu.js (not found)
[2025-03-29 07:22:32] [INFO] [/home/shanta/PycharmProjects/comserv2/Comserv/script/../lib/Comserv/Controller/Root.pm:1153] default - 404 Not Found: /static/js/menu.js
[2025-03-29 07:22:32] [INFO] [/home/shanta/PycharmProjects/comserv2/Comserv/script/../lib/Comserv/Controller/Root.pm:1155] default - Request method: GET
[2025-03-29 07:22:32] [INFO] [/home/shanta/PycharmProjects/comserv2/Comserv/script/../lib/Comserv/Controller/Root.pm:1157] default - Controller: Comserv::Controller::Root
[2025-03-29 07:22:32] [INFO] [/home/shanta/PycharmProjects/comserv2/Comserv/script/../lib/Comserv/Controller/Root.pm:1168] default - Available controllers: 3d, Admin, Admin::Theme, BMaster, Base, CSC, Documentation, ENCY, File, Forager, Hosting, Log, MCoop, Mail, Project, Proxmox, ProxmoxServers, RemoteDB, RemoteDBExample, Root, Setup, Site, ThemeAdmin, ThemeAdmin::update_theme_with_variables, ThemeEditor, ThemeTest, Todo, USBM, User, Ve7tit, Voip, WorkShop
[2025-03-29 07:22:32] [INFO] [/home/shanta/PycharmProjects/comserv2/Comserv/script/../lib/Comserv/Controller/Root.pm:1173] default - Requested path: /static/js/menu.js (not found)
[2025-03-29 07:29:10] [INFO] [/home/shanta/PycharmProjects/comserv2/Comserv/script/../lib/Comserv/Controller/Root.pm:1153] default - 404 Not Found: /static/js/menu.js
[2025-03-29 07:29:10] [INFO] [/home/shanta/PycharmProjects/comserv2/Comserv/script/../lib/Comserv/Controller/Root.pm:1155] default - Request method: GET
[2025-03-29 07:29:10] [INFO] [/home/shanta/PycharmProjects/comserv2/Comserv/script/../lib/Comserv/Controller/Root.pm:1157] default - Controller: Comserv::Controller::Root
[2025-03-29 07:29:10] [INFO] [/home/shanta/PycharmProjects/comserv2/Comserv/script/../lib/Comserv/Controller/Root.pm:1168] default - Available controllers: 3d, Admin, Admin::Theme, BMaster, Base, CSC, Documentation, ENCY, File, Forager, Hosting, Log, MCoop, Mail, Project, Proxmox, ProxmoxServers, RemoteDB, RemoteDBExample, Root, Setup, Site, ThemeAdmin, ThemeAdmin::update_theme_with_variables, ThemeEditor, ThemeTest, Todo, USBM, User, Ve7tit, Voip, WorkShop
[2025-03-29 07:29:10] [INFO] [/home/shanta/PycharmProjects/comserv2/Comserv/script/../lib/Comserv/Controller/Root.pm:1173] default - Requested path: /static/js/menu.js (not found)
[2025-03-29 07:29:15] [INFO] [/home/shanta/PycharmProjects/comserv2/Comserv/script/../lib/Comserv/Controller/Root.pm:1153] default - 404 Not Found: /static/js/menu.js
[2025-03-29 07:29:15] [INFO] [/home/shanta/PycharmProjects/comserv2/Comserv/script/../lib/Comserv/Controller/Root.pm:1155] default - Request method: GET
[2025-03-29 07:29:15] [INFO] [/home/shanta/PycharmProjects/comserv2/Comserv/script/../lib/Comserv/Controller/Root.pm:1157] default - Controller: Comserv::Controller::Root
[2025-03-29 07:29:15] [INFO] [/home/shanta/PycharmProjects/comserv2/Comserv/script/../lib/Comserv/Controller/Root.pm:1168] default - Available controllers: 3d, Admin, Admin::Theme, BMaster, Base, CSC, Documentation, ENCY, File, Forager, Hosting, Log, MCoop, Mail, Project, Proxmox, ProxmoxServers, RemoteDB, RemoteDBExample, Root, Setup, Site, ThemeAdmin, ThemeAdmin::update_theme_with_variables, ThemeEditor, ThemeTest, Todo, USBM, User, Ve7tit, Voip, WorkShop
[2025-03-29 07:29:15] [INFO] [/home/shanta/PycharmProjects/comserv2/Comserv/script/../lib/Comserv/Controller/Root.pm:1173] default - Requested path: /static/js/menu.js (not found)
[2025-03-29 07:29:17] [INFO] [/home/shanta/PycharmProjects/comserv2/Comserv/script/../lib/Comserv/Controller/Root.pm:1153] default - 404 Not Found: /static/js/menu.js
[2025-03-29 07:29:17] [INFO] [/home/shanta/PycharmProjects/comserv2/Comserv/script/../lib/Comserv/Controller/Root.pm:1155] default - Request method: GET
[2025-03-29 07:29:17] [INFO] [/home/shanta/PycharmProjects/comserv2/Comserv/script/../lib/Comserv/Controller/Root.pm:1157] default - Controller: Comserv::Controller::Root
[2025-03-29 07:29:17] [INFO] [/home/shanta/PycharmProjects/comserv2/Comserv/script/../lib/Comserv/Controller/Root.pm:1168] default - Available controllers: 3d, Admin, Admin::Theme, BMaster, Base, CSC, Documentation, ENCY, File, Forager, Hosting, Log, MCoop, Mail, Project, Proxmox, ProxmoxServers, RemoteDB, RemoteDBExample, Root, Setup, Site, ThemeAdmin, ThemeAdmin::update_theme_with_variables, ThemeEditor, ThemeTest, Todo, USBM, User, Ve7tit, Voip, WorkShop
[2025-03-29 07:29:17] [INFO] [/home/shanta/PycharmProjects/comserv2/Comserv/script/../lib/Comserv/Controller/Root.pm:1173] default - Requested path: /static/js/menu.js (not found)
[2025-03-29 07:29:18] [INFO] [/home/shanta/PycharmProjects/comserv2/Comserv/script/../lib/Comserv/Controller/Root.pm:1153] default - 404 Not Found: /static/js/menu.js
[2025-03-29 07:29:18] [INFO] [/home/shanta/PycharmProjects/comserv2/Comserv/script/../lib/Comserv/Controller/Root.pm:1155] default - Request method: GET
[2025-03-29 07:29:18] [INFO] [/home/shanta/PycharmProjects/comserv2/Comserv/script/../lib/Comserv/Controller/Root.pm:1157] default - Controller: Comserv::Controller::Root
[2025-03-29 07:29:18] [INFO] [/home/shanta/PycharmProjects/comserv2/Comserv/script/../lib/Comserv/Controller/Root.pm:1168] default - Available controllers: 3d, Admin, Admin::Theme, BMaster, Base, CSC, Documentation, ENCY, File, Forager, Hosting, Log, MCoop, Mail, Project, Proxmox, ProxmoxServers, RemoteDB, RemoteDBExample, Root, Setup, Site, ThemeAdmin, ThemeAdmin::update_theme_with_variables, ThemeEditor, ThemeTest, Todo, USBM, User, Ve7tit, Voip, WorkShop
[2025-03-29 07:29:18] [INFO] [/home/shanta/PycharmProjects/comserv2/Comserv/script/../lib/Comserv/Controller/Root.pm:1173] default - Requested path: /static/js/menu.js (not found)
[2025-03-29 07:29:19] [INFO] [/home/shanta/PycharmProjects/comserv2/Comserv/script/../lib/Comserv/Controller/Root.pm:1153] default - 404 Not Found: /static/js/menu.js
[2025-03-29 07:29:19] [INFO] [/home/shanta/PycharmProjects/comserv2/Comserv/script/../lib/Comserv/Controller/Root.pm:1155] default - Request method: GET
[2025-03-29 07:29:19] [INFO] [/home/shanta/PycharmProjects/comserv2/Comserv/script/../lib/Comserv/Controller/Root.pm:1157] default - Controller: Comserv::Controller::Root
[2025-03-29 07:29:19] [INFO] [/home/shanta/PycharmProjects/comserv2/Comserv/script/../lib/Comserv/Controller/Root.pm:1168] default - Available controllers: 3d, Admin, Admin::Theme, BMaster, Base, CSC, Documentation, ENCY, File, Forager, Hosting, Log, MCoop, Mail, Project, Proxmox, ProxmoxServers, RemoteDB, RemoteDBExample, Root, Setup, Site, ThemeAdmin, ThemeAdmin::update_theme_with_variables, ThemeEditor, ThemeTest, Todo, USBM, User, Ve7tit, Voip, WorkShop
[2025-03-29 07:29:19] [INFO] [/home/shanta/PycharmProjects/comserv2/Comserv/script/../lib/Comserv/Controller/Root.pm:1173] default - Requested path: /static/js/menu.js (not found)
[2025-03-29 07:31:43] [INFO] [/home/shanta/PycharmProjects/comserv2/Comserv/script/../lib/Comserv/Controller/Root.pm:1153] default - 404 Not Found: /static/js/menu.js
[2025-03-29 07:31:43] [INFO] [/home/shanta/PycharmProjects/comserv2/Comserv/script/../lib/Comserv/Controller/Root.pm:1155] default - Request method: GET
[2025-03-29 07:31:43] [INFO] [/home/shanta/PycharmProjects/comserv2/Comserv/script/../lib/Comserv/Controller/Root.pm:1157] default - Controller: Comserv::Controller::Root
[2025-03-29 07:31:43] [INFO] [/home/shanta/PycharmProjects/comserv2/Comserv/script/../lib/Comserv/Controller/Root.pm:1168] default - Available controllers: 3d, Admin, Admin::Theme, BMaster, Base, CSC, Documentation, ENCY, File, Forager, Hosting, Log, MCoop, Mail, Project, Proxmox, ProxmoxServers, RemoteDB, RemoteDBExample, Root, Setup, Site, ThemeAdmin, ThemeAdmin::update_theme_with_variables, ThemeEditor, ThemeTest, Todo, USBM, User, Ve7tit, Voip, WorkShop
[2025-03-29 07:31:43] [INFO] [/home/shanta/PycharmProjects/comserv2/Comserv/script/../lib/Comserv/Controller/Root.pm:1173] default - Requested path: /static/js/menu.js (not found)
[2025-03-29 07:31:45] [INFO] [/home/shanta/PycharmProjects/comserv2/Comserv/script/../lib/Comserv/Controller/Root.pm:1153] default - 404 Not Found: /static/js/menu.js
[2025-03-29 07:31:45] [INFO] [/home/shanta/PycharmProjects/comserv2/Comserv/script/../lib/Comserv/Controller/Root.pm:1155] default - Request method: GET
[2025-03-29 07:31:45] [INFO] [/home/shanta/PycharmProjects/comserv2/Comserv/script/../lib/Comserv/Controller/Root.pm:1157] default - Controller: Comserv::Controller::Root
[2025-03-29 07:31:45] [INFO] [/home/shanta/PycharmProjects/comserv2/Comserv/script/../lib/Comserv/Controller/Root.pm:1168] default - Available controllers: 3d, Admin, Admin::Theme, BMaster, Base, CSC, Documentation, ENCY, File, Forager, Hosting, Log, MCoop, Mail, Project, Proxmox, ProxmoxServers, RemoteDB, RemoteDBExample, Root, Setup, Site, ThemeAdmin, ThemeAdmin::update_theme_with_variables, ThemeEditor, ThemeTest, Todo, USBM, User, Ve7tit, Voip, WorkShop
[2025-03-29 07:31:45] [INFO] [/home/shanta/PycharmProjects/comserv2/Comserv/script/../lib/Comserv/Controller/Root.pm:1173] default - Requested path: /static/js/menu.js (not found)
[2025-03-29 07:31:45] [INFO] [/home/shanta/PycharmProjects/comserv2/Comserv/script/../lib/Comserv/Controller/Root.pm:1153] default - 404 Not Found: /static/js/menu.js
[2025-03-29 07:31:45] [INFO] [/home/shanta/PycharmProjects/comserv2/Comserv/script/../lib/Comserv/Controller/Root.pm:1155] default - Request method: GET
[2025-03-29 07:31:45] [INFO] [/home/shanta/PycharmProjects/comserv2/Comserv/script/../lib/Comserv/Controller/Root.pm:1157] default - Controller: Comserv::Controller::Root
[2025-03-29 07:31:45] [INFO] [/home/shanta/PycharmProjects/comserv2/Comserv/script/../lib/Comserv/Controller/Root.pm:1168] default - Available controllers: 3d, Admin, Admin::Theme, BMaster, Base, CSC, Documentation, ENCY, File, Forager, Hosting, Log, MCoop, Mail, Project, Proxmox, ProxmoxServers, RemoteDB, RemoteDBExample, Root, Setup, Site, ThemeAdmin, ThemeAdmin::update_theme_with_variables, ThemeEditor, ThemeTest, Todo, USBM, User, Ve7tit, Voip, WorkShop
[2025-03-29 07:31:45] [INFO] [/home/shanta/PycharmProjects/comserv2/Comserv/script/../lib/Comserv/Controller/Root.pm:1173] default - Requested path: /static/js/menu.js (not found)
[2025-03-29 07:31:46] [INFO] [/home/shanta/PycharmProjects/comserv2/Comserv/script/../lib/Comserv/Controller/Root.pm:1153] default - 404 Not Found: /static/js/menu.js
[2025-03-29 07:31:46] [INFO] [/home/shanta/PycharmProjects/comserv2/Comserv/script/../lib/Comserv/Controller/Root.pm:1155] default - Request method: GET
[2025-03-29 07:31:46] [INFO] [/home/shanta/PycharmProjects/comserv2/Comserv/script/../lib/Comserv/Controller/Root.pm:1157] default - Controller: Comserv::Controller::Root
[2025-03-29 07:31:46] [INFO] [/home/shanta/PycharmProjects/comserv2/Comserv/script/../lib/Comserv/Controller/Root.pm:1168] default - Available controllers: 3d, Admin, Admin::Theme, BMaster, Base, CSC, Documentation, ENCY, File, Forager, Hosting, Log, MCoop, Mail, Project, Proxmox, ProxmoxServers, RemoteDB, RemoteDBExample, Root, Setup, Site, ThemeAdmin, ThemeAdmin::update_theme_with_variables, ThemeEditor, ThemeTest, Todo, USBM, User, Ve7tit, Voip, WorkShop
[2025-03-29 07:31:46] [INFO] [/home/shanta/PycharmProjects/comserv2/Comserv/script/../lib/Comserv/Controller/Root.pm:1173] default - Requested path: /static/js/menu.js (not found)
[2025-03-29 07:31:47] [INFO] [/home/shanta/PycharmProjects/comserv2/Comserv/script/../lib/Comserv/Controller/Root.pm:1153] default - 404 Not Found: /static/js/menu.js
[2025-03-29 07:31:47] [INFO] [/home/shanta/PycharmProjects/comserv2/Comserv/script/../lib/Comserv/Controller/Root.pm:1155] default - Request method: GET
[2025-03-29 07:31:47] [INFO] [/home/shanta/PycharmProjects/comserv2/Comserv/script/../lib/Comserv/Controller/Root.pm:1157] default - Controller: Comserv::Controller::Root
[2025-03-29 07:31:47] [INFO] [/home/shanta/PycharmProjects/comserv2/Comserv/script/../lib/Comserv/Controller/Root.pm:1168] default - Available controllers: 3d, Admin, Admin::Theme, BMaster, Base, CSC, Documentation, ENCY, File, Forager, Hosting, Log, MCoop, Mail, Project, Proxmox, ProxmoxServers, RemoteDB, RemoteDBExample, Root, Setup, Site, ThemeAdmin, ThemeAdmin::update_theme_with_variables, ThemeEditor, ThemeTest, Todo, USBM, User, Ve7tit, Voip, WorkShop
[2025-03-29 07:31:47] [INFO] [/home/shanta/PycharmProjects/comserv2/Comserv/script/../lib/Comserv/Controller/Root.pm:1173] default - Requested path: /static/js/menu.js (not found)
[2025-03-29 07:31:48] [INFO] [/home/shanta/PycharmProjects/comserv2/Comserv/script/../lib/Comserv/Controller/Root.pm:1153] default - 404 Not Found: /static/js/menu.js
[2025-03-29 07:31:48] [INFO] [/home/shanta/PycharmProjects/comserv2/Comserv/script/../lib/Comserv/Controller/Root.pm:1155] default - Request method: GET
[2025-03-29 07:31:48] [INFO] [/home/shanta/PycharmProjects/comserv2/Comserv/script/../lib/Comserv/Controller/Root.pm:1157] default - Controller: Comserv::Controller::Root
[2025-03-29 07:31:48] [INFO] [/home/shanta/PycharmProjects/comserv2/Comserv/script/../lib/Comserv/Controller/Root.pm:1168] default - Available controllers: 3d, Admin, Admin::Theme, BMaster, Base, CSC, Documentation, ENCY, File, Forager, Hosting, Log, MCoop, Mail, Project, Proxmox, ProxmoxServers, RemoteDB, RemoteDBExample, Root, Setup, Site, ThemeAdmin, ThemeAdmin::update_theme_with_variables, ThemeEditor, ThemeTest, Todo, USBM, User, Ve7tit, Voip, WorkShop
[2025-03-29 07:31:48] [INFO] [/home/shanta/PycharmProjects/comserv2/Comserv/script/../lib/Comserv/Controller/Root.pm:1173] default - Requested path: /static/js/menu.js (not found)
[2025-03-29 08:29:42] [INFO] [/home/shanta/PycharmProjects/comserv2/Comserv/script/../lib/Comserv/Controller/Root.pm:1153] default - 404 Not Found: /static/js/menu.js
[2025-03-29 08:29:42] [INFO] [/home/shanta/PycharmProjects/comserv2/Comserv/script/../lib/Comserv/Controller/Root.pm:1155] default - Request method: GET
[2025-03-29 08:29:42] [INFO] [/home/shanta/PycharmProjects/comserv2/Comserv/script/../lib/Comserv/Controller/Root.pm:1157] default - Controller: Comserv::Controller::Root
[2025-03-29 08:29:42] [INFO] [/home/shanta/PycharmProjects/comserv2/Comserv/script/../lib/Comserv/Controller/Root.pm:1168] default - Available controllers: 3d, Admin, Admin::Theme, BMaster, Base, CSC, Documentation, ENCY, File, Forager, Hosting, Log, MCoop, Mail, Project, Proxmox, ProxmoxServers, RemoteDB, RemoteDBExample, Root, Setup, Site, ThemeAdmin, ThemeAdmin::update_theme_with_variables, ThemeEditor, ThemeTest, Todo, USBM, User, Ve7tit, Voip, WorkShop
[2025-03-29 08:29:42] [INFO] [/home/shanta/PycharmProjects/comserv2/Comserv/script/../lib/Comserv/Controller/Root.pm:1173] default - Requested path: /static/js/menu.js (not found)
