[2025-03-28 08:04:30] [INFO] [/home/shanta/PycharmProjects/comserv2/Comserv/script/../lib/Comserv/Model/Site.pm:128] get_site_domain - Domain not found: workstation.zero
[2025-03-28 08:04:31] [INFO] [/home/shanta/PycharmProjects/comserv2/Comserv/script/../lib/Comserv/Controller/Root.pm:927] default - 404 Not Found: /static/js/menu.js
[2025-03-28 08:04:31] [INFO] [/home/shanta/PycharmProjects/comserv2/Comserv/script/../lib/Comserv/Controller/Root.pm:929] default - Request method: GET
[2025-03-28 08:04:31] [INFO] [/home/shanta/PycharmProjects/comserv2/Comserv/script/../lib/Comserv/Controller/Root.pm:931] default - Controller: Comserv::Controller::Root
[2025-03-28 08:04:31] [INFO] [/home/shanta/PycharmProjects/comserv2/Comserv/script/../lib/Comserv/Controller/Root.pm:942] default - Available controllers: 3d, Admin, Admin::Theme, BMaster, Base, CSC, Documentation, ENCY, File, Forager, Hosting, Log, MCoop, Mail, Project, Proxmox, ProxmoxServers, RemoteDB, RemoteDBExample, Root, Setup, Site, ThemeAdmin, ThemeAdmin::update_theme_with_variables, ThemeEditor, ThemeTest, Todo, USBM, User, Ve7tit, Voip, WorkShop
[2025-03-28 08:04:31] [INFO] [/home/shanta/PycharmProjects/comserv2/Comserv/script/../lib/Comserv/Controller/Root.pm:947] default - Requested path: /static/js/menu.js (not found)
[2025-03-28 08:04:38] [INFO] [/home/shanta/PycharmProjects/comserv2/Comserv/script/../lib/Comserv/Controller/Root.pm:927] default - 404 Not Found: /static/js/menu.js
[2025-03-28 08:04:38] [INFO] [/home/shanta/PycharmProjects/comserv2/Comserv/script/../lib/Comserv/Controller/Root.pm:929] default - Request method: GET
[2025-03-28 08:04:38] [INFO] [/home/shanta/PycharmProjects/comserv2/Comserv/script/../lib/Comserv/Controller/Root.pm:931] default - Controller: Comserv::Controller::Root
[2025-03-28 08:04:38] [INFO] [/home/shanta/PycharmProjects/comserv2/Comserv/script/../lib/Comserv/Controller/Root.pm:942] default - Available controllers: 3d, Admin, Admin::Theme, BMaster, Base, CSC, Documentation, ENCY, File, Forager, Hosting, Log, MCoop, Mail, Project, Proxmox, ProxmoxServers, RemoteDB, RemoteDBExample, Root, Setup, Site, ThemeAdmin, ThemeAdmin::update_theme_with_variables, ThemeEditor, ThemeTest, Todo, USBM, User, Ve7tit, Voip, WorkShop
[2025-03-28 08:04:38] [INFO] [/home/shanta/PycharmProjects/comserv2/Comserv/script/../lib/Comserv/Controller/Root.pm:947] default - Requested path: /static/js/menu.js (not found)
[2025-03-28 08:04:42] [INFO] [/home/shanta/PycharmProjects/comserv2/Comserv/script/../lib/Comserv/Controller/Root.pm:927] default - 404 Not Found: /static/js/menu.js
[2025-03-28 08:04:42] [INFO] [/home/shanta/PycharmProjects/comserv2/Comserv/script/../lib/Comserv/Controller/Root.pm:929] default - Request method: GET
[2025-03-28 08:04:42] [INFO] [/home/shanta/PycharmProjects/comserv2/Comserv/script/../lib/Comserv/Controller/Root.pm:931] default - Controller: Comserv::Controller::Root
[2025-03-28 08:04:42] [INFO] [/home/shanta/PycharmProjects/comserv2/Comserv/script/../lib/Comserv/Controller/Root.pm:942] default - Available controllers: 3d, Admin, Admin::Theme, BMaster, Base, CSC, Documentation, ENCY, File, Forager, Hosting, Log, MCoop, Mail, Project, Proxmox, ProxmoxServers, RemoteDB, RemoteDBExample, Root, Setup, Site, ThemeAdmin, ThemeAdmin::update_theme_with_variables, ThemeEditor, ThemeTest, Todo, USBM, User, Ve7tit, Voip, WorkShop
[2025-03-28 08:04:42] [INFO] [/home/shanta/PycharmProjects/comserv2/Comserv/script/../lib/Comserv/Controller/Root.pm:947] default - Requested path: /static/js/menu.js (not found)
[2025-03-28 08:04:51] [INFO] [/home/shanta/PycharmProjects/comserv2/Comserv/script/../lib/Comserv/Controller/Root.pm:927] default - 404 Not Found: /static/js/menu.js
[2025-03-28 08:04:51] [INFO] [/home/shanta/PycharmProjects/comserv2/Comserv/script/../lib/Comserv/Controller/Root.pm:929] default - Request method: GET
[2025-03-28 08:04:51] [INFO] [/home/shanta/PycharmProjects/comserv2/Comserv/script/../lib/Comserv/Controller/Root.pm:931] default - Controller: Comserv::Controller::Root
[2025-03-28 08:04:51] [INFO] [/home/shanta/PycharmProjects/comserv2/Comserv/script/../lib/Comserv/Controller/Root.pm:942] default - Available controllers: 3d, Admin, Admin::Theme, BMaster, Base, CSC, Documentation, ENCY, File, Forager, Hosting, Log, MCoop, Mail, Project, Proxmox, ProxmoxServers, RemoteDB, RemoteDBExample, Root, Setup, Site, ThemeAdmin, ThemeAdmin::update_theme_with_variables, ThemeEditor, ThemeTest, Todo, USBM, User, Ve7tit, Voip, WorkShop
[2025-03-28 08:04:51] [INFO] [/home/shanta/PycharmProjects/comserv2/Comserv/script/../lib/Comserv/Controller/Root.pm:947] default - Requested path: /static/js/menu.js (not found)
[2025-03-28 08:05:13] [INFO] [/home/shanta/PycharmProjects/comserv2/Comserv/script/../lib/Comserv/Model/Site.pm:128] get_site_domain - Domain not found: workstation.local
[2025-03-28 08:05:13] [INFO] [/home/shanta/PycharmProjects/comserv2/Comserv/script/../lib/Comserv/Controller/Root.pm:927] default - 404 Not Found: /static/js/menu.js
[2025-03-28 08:05:13] [INFO] [/home/shanta/PycharmProjects/comserv2/Comserv/script/../lib/Comserv/Controller/Root.pm:929] default - Request method: GET
[2025-03-28 08:05:13] [INFO] [/home/shanta/PycharmProjects/comserv2/Comserv/script/../lib/Comserv/Controller/Root.pm:931] default - Controller: Comserv::Controller::Root
[2025-03-28 08:05:13] [INFO] [/home/shanta/PycharmProjects/comserv2/Comserv/script/../lib/Comserv/Controller/Root.pm:942] default - Available controllers: 3d, Admin, Admin::Theme, BMaster, Base, CSC, Documentation, ENCY, File, Forager, Hosting, Log, MCoop, Mail, Project, Proxmox, ProxmoxServers, RemoteDB, RemoteDBExample, Root, Setup, Site, ThemeAdmin, ThemeAdmin::update_theme_with_variables, ThemeEditor, ThemeTest, Todo, USBM, User, Ve7tit, Voip, WorkShop
[2025-03-28 08:05:13] [INFO] [/home/shanta/PycharmProjects/comserv2/Comserv/script/../lib/Comserv/Controller/Root.pm:947] default - Requested path: /static/js/menu.js (not found)
[2025-03-28 08:09:15] [INFO] [/home/shanta/PycharmProjects/comserv2/Comserv/script/../lib/Comserv/Controller/Root.pm:927] default - 404 Not Found: /static/js/menu.js
[2025-03-28 08:09:15] [INFO] [/home/shanta/PycharmProjects/comserv2/Comserv/script/../lib/Comserv/Controller/Root.pm:929] default - Request method: GET
[2025-03-28 08:09:15] [INFO] [/home/shanta/PycharmProjects/comserv2/Comserv/script/../lib/Comserv/Controller/Root.pm:931] default - Controller: Comserv::Controller::Root
[2025-03-28 08:09:15] [INFO] [/home/shanta/PycharmProjects/comserv2/Comserv/script/../lib/Comserv/Controller/Root.pm:942] default - Available controllers: 3d, Admin, Admin::Theme, BMaster, Base, CSC, Documentation, ENCY, File, Forager, Hosting, Log, MCoop, Mail, Project, Proxmox, ProxmoxServers, RemoteDB, RemoteDBExample, Root, Setup, Site, ThemeAdmin, ThemeAdmin::update_theme_with_variables, ThemeEditor, ThemeTest, Todo, USBM, User, Ve7tit, Voip, WorkShop
[2025-03-28 08:09:15] [INFO] [/home/shanta/PycharmProjects/comserv2/Comserv/script/../lib/Comserv/Controller/Root.pm:947] default - Requested path: /static/js/menu.js (not found)
[2025-03-28 08:09:46] [INFO] [/home/shanta/PycharmProjects/comserv2/Comserv/script/../lib/Comserv/Controller/Root.pm:927] default - 404 Not Found: /static/js/menu.js
[2025-03-28 08:09:46] [INFO] [/home/shanta/PycharmProjects/comserv2/Comserv/script/../lib/Comserv/Controller/Root.pm:929] default - Request method: GET
[2025-03-28 08:09:46] [INFO] [/home/shanta/PycharmProjects/comserv2/Comserv/script/../lib/Comserv/Controller/Root.pm:931] default - Controller: Comserv::Controller::Root
[2025-03-28 08:09:46] [INFO] [/home/shanta/PycharmProjects/comserv2/Comserv/script/../lib/Comserv/Controller/Root.pm:942] default - Available controllers: 3d, Admin, Admin::Theme, BMaster, Base, CSC, Documentation, ENCY, File, Forager, Hosting, Log, MCoop, Mail, Project, Proxmox, ProxmoxServers, RemoteDB, RemoteDBExample, Root, Setup, Site, ThemeAdmin, ThemeAdmin::update_theme_with_variables, ThemeEditor, ThemeTest, Todo, USBM, User, Ve7tit, Voip, WorkShop
[2025-03-28 08:09:46] [INFO] [/home/shanta/PycharmProjects/comserv2/Comserv/script/../lib/Comserv/Controller/Root.pm:947] default - Requested path: /static/js/menu.js (not found)
[2025-03-28 08:27:26] [INFO] [/home/shanta/PycharmProjects/comserv2/Comserv/script/../lib/Comserv/Controller/Root.pm:927] default - 404 Not Found: /static/js/menu.js
[2025-03-28 08:27:26] [INFO] [/home/shanta/PycharmProjects/comserv2/Comserv/script/../lib/Comserv/Controller/Root.pm:929] default - Request method: GET
[2025-03-28 08:27:26] [INFO] [/home/shanta/PycharmProjects/comserv2/Comserv/script/../lib/Comserv/Controller/Root.pm:931] default - Controller: Comserv::Controller::Root
[2025-03-28 08:27:26] [INFO] [/home/shanta/PycharmProjects/comserv2/Comserv/script/../lib/Comserv/Controller/Root.pm:942] default - Available controllers: 3d, Admin, Admin::Theme, BMaster, Base, CSC, Documentation, ENCY, File, Forager, Hosting, Log, MCoop, Mail, Project, Proxmox, ProxmoxServers, RemoteDB, RemoteDBExample, Root, Setup, Site, ThemeAdmin, ThemeAdmin::update_theme_with_variables, ThemeEditor, ThemeTest, Todo, USBM, User, Ve7tit, Voip, WorkShop
[2025-03-28 08:27:26] [INFO] [/home/shanta/PycharmProjects/comserv2/Comserv/script/../lib/Comserv/Controller/Root.pm:947] default - Requested path: /static/js/menu.js (not found)
[2025-03-28 08:27:33] [INFO] [/home/shanta/PycharmProjects/comserv2/Comserv/script/../lib/Comserv/Controller/Root.pm:927] default - 404 Not Found: /static/js/menu.js
[2025-03-28 08:27:33] [INFO] [/home/shanta/PycharmProjects/comserv2/Comserv/script/../lib/Comserv/Controller/Root.pm:929] default - Request method: GET
[2025-03-28 08:27:33] [INFO] [/home/shanta/PycharmProjects/comserv2/Comserv/script/../lib/Comserv/Controller/Root.pm:931] default - Controller: Comserv::Controller::Root
[2025-03-28 08:27:33] [INFO] [/home/shanta/PycharmProjects/comserv2/Comserv/script/../lib/Comserv/Controller/Root.pm:942] default - Available controllers: 3d, Admin, Admin::Theme, BMaster, Base, CSC, Documentation, ENCY, File, Forager, Hosting, Log, MCoop, Mail, Project, Proxmox, ProxmoxServers, RemoteDB, RemoteDBExample, Root, Setup, Site, ThemeAdmin, ThemeAdmin::update_theme_with_variables, ThemeEditor, ThemeTest, Todo, USBM, User, Ve7tit, Voip, WorkShop
[2025-03-28 08:27:33] [INFO] [/home/shanta/PycharmProjects/comserv2/Comserv/script/../lib/Comserv/Controller/Root.pm:947] default - Requested path: /static/js/menu.js (not found)
[2025-03-28 08:27:40] [INFO] [/home/shanta/PycharmProjects/comserv2/Comserv/script/../lib/Comserv/Controller/Root.pm:927] default - 404 Not Found: /static/js/menu.js
[2025-03-28 08:27:40] [INFO] [/home/shanta/PycharmProjects/comserv2/Comserv/script/../lib/Comserv/Controller/Root.pm:929] default - Request method: GET
[2025-03-28 08:27:40] [INFO] [/home/shanta/PycharmProjects/comserv2/Comserv/script/../lib/Comserv/Controller/Root.pm:931] default - Controller: Comserv::Controller::Root
[2025-03-28 08:27:40] [INFO] [/home/shanta/PycharmProjects/comserv2/Comserv/script/../lib/Comserv/Controller/Root.pm:942] default - Available controllers: 3d, Admin, Admin::Theme, BMaster, Base, CSC, Documentation, ENCY, File, Forager, Hosting, Log, MCoop, Mail, Project, Proxmox, ProxmoxServers, RemoteDB, RemoteDBExample, Root, Setup, Site, ThemeAdmin, ThemeAdmin::update_theme_with_variables, ThemeEditor, ThemeTest, Todo, USBM, User, Ve7tit, Voip, WorkShop
[2025-03-28 08:27:40] [INFO] [/home/shanta/PycharmProjects/comserv2/Comserv/script/../lib/Comserv/Controller/Root.pm:947] default - Requested path: /static/js/menu.js (not found)
[2025-03-28 08:43:49] [INFO] [/home/shanta/PycharmProjects/comserv2/Comserv/script/../lib/Comserv/Controller/Root.pm:927] default - 404 Not Found: /static/js/menu.js
[2025-03-28 08:43:49] [INFO] [/home/shanta/PycharmProjects/comserv2/Comserv/script/../lib/Comserv/Controller/Root.pm:929] default - Request method: GET
[2025-03-28 08:43:49] [INFO] [/home/shanta/PycharmProjects/comserv2/Comserv/script/../lib/Comserv/Controller/Root.pm:931] default - Controller: Comserv::Controller::Root
[2025-03-28 08:43:49] [INFO] [/home/shanta/PycharmProjects/comserv2/Comserv/script/../lib/Comserv/Controller/Root.pm:942] default - Available controllers: 3d, Admin, Admin::Theme, BMaster, Base, CSC, Documentation, ENCY, File, Forager, Hosting, Log, MCoop, Mail, Project, Proxmox, ProxmoxServers, RemoteDB, RemoteDBExample, Root, Setup, Site, ThemeAdmin, ThemeAdmin::update_theme_with_variables, ThemeEditor, ThemeTest, Todo, USBM, User, Ve7tit, Voip, WorkShop
[2025-03-28 08:43:49] [INFO] [/home/shanta/PycharmProjects/comserv2/Comserv/script/../lib/Comserv/Controller/Root.pm:947] default - Requested path: /static/js/menu.js (not found)
[2025-03-28 08:46:08] [INFO] [/home/shanta/PycharmProjects/comserv2/Comserv/script/../lib/Comserv/Controller/Root.pm:927] default - 404 Not Found: /static/js/menu.js
[2025-03-28 08:46:08] [INFO] [/home/shanta/PycharmProjects/comserv2/Comserv/script/../lib/Comserv/Controller/Root.pm:929] default - Request method: GET
[2025-03-28 08:46:08] [INFO] [/home/shanta/PycharmProjects/comserv2/Comserv/script/../lib/Comserv/Controller/Root.pm:931] default - Controller: Comserv::Controller::Root
[2025-03-28 08:46:08] [INFO] [/home/shanta/PycharmProjects/comserv2/Comserv/script/../lib/Comserv/Controller/Root.pm:942] default - Available controllers: 3d, Admin, Admin::Theme, BMaster, Base, CSC, Documentation, ENCY, File, Forager, Hosting, Log, MCoop, Mail, Project, Proxmox, ProxmoxServers, RemoteDB, RemoteDBExample, Root, Setup, Site, ThemeAdmin, ThemeAdmin::update_theme_with_variables, ThemeEditor, ThemeTest, Todo, USBM, User, Ve7tit, Voip, WorkShop
[2025-03-28 08:46:08] [INFO] [/home/shanta/PycharmProjects/comserv2/Comserv/script/../lib/Comserv/Controller/Root.pm:947] default - Requested path: /static/js/menu.js (not found)
[2025-03-28 08:46:12] [INFO] [/home/shanta/PycharmProjects/comserv2/Comserv/script/../lib/Comserv/Model/Site.pm:99] get_site_details_by_name - Site not found for name: default
[2025-03-28 08:46:12] [INFO] [/home/shanta/PycharmProjects/comserv2/Comserv/script/../lib/Comserv/Model/Site.pm:99] get_site_details_by_name - Site not found for name: default
[2025-03-28 08:46:12] [INFO] [/home/shanta/PycharmProjects/comserv2/Comserv/script/../lib/Comserv/Model/Site.pm:99] get_site_details_by_name - Site not found for name: default
[2025-03-28 08:46:12] [INFO] [/home/shanta/PycharmProjects/comserv2/Comserv/script/../lib/Comserv/Controller/Root.pm:933] default - 404 Not Found: /static/js/menu.js
[2025-03-28 08:46:12] [INFO] [/home/shanta/PycharmProjects/comserv2/Comserv/script/../lib/Comserv/Controller/Root.pm:935] default - Request method: GET
[2025-03-28 08:46:12] [INFO] [/home/shanta/PycharmProjects/comserv2/Comserv/script/../lib/Comserv/Controller/Root.pm:937] default - Controller: Comserv::Controller::Root
[2025-03-28 08:46:12] [INFO] [/home/shanta/PycharmProjects/comserv2/Comserv/script/../lib/Comserv/Controller/Root.pm:948] default - Available controllers: 3d, Admin, Admin::Theme, BMaster, Base, CSC, Documentation, ENCY, File, Forager, Hosting, Log, MCoop, Mail, Project, Proxmox, ProxmoxServers, RemoteDB, RemoteDBExample, Root, Setup, Site, ThemeAdmin, ThemeAdmin::update_theme_with_variables, ThemeEditor, ThemeTest, Todo, USBM, User, Ve7tit, Voip, WorkShop
[2025-03-28 08:46:12] [INFO] [/home/shanta/PycharmProjects/comserv2/Comserv/script/../lib/Comserv/Controller/Root.pm:953] default - Requested path: /static/js/menu.js (not found)
[2025-03-28 09:05:23] [INFO] [/home/shanta/PycharmProjects/comserv2/Comserv/script/../lib/Comserv/Model/Site.pm:99] get_site_details_by_name - Site not found for name: default
[2025-03-28 09:05:23] [INFO] [/home/shanta/PycharmProjects/comserv2/Comserv/script/../lib/Comserv/Model/Site.pm:99] get_site_details_by_name - Site not found for name: default
[2025-03-28 09:05:23] [INFO] [/home/shanta/PycharmProjects/comserv2/Comserv/script/../lib/Comserv/Model/Site.pm:99] get_site_details_by_name - Site not found for name: default
[2025-03-28 09:05:23] [INFO] [/home/shanta/PycharmProjects/comserv2/Comserv/script/../lib/Comserv/Controller/Root.pm:933] default - 404 Not Found: /static/js/menu.js
[2025-03-28 09:05:23] [INFO] [/home/shanta/PycharmProjects/comserv2/Comserv/script/../lib/Comserv/Controller/Root.pm:935] default - Request method: GET
[2025-03-28 09:05:23] [INFO] [/home/shanta/PycharmProjects/comserv2/Comserv/script/../lib/Comserv/Controller/Root.pm:937] default - Controller: Comserv::Controller::Root
[2025-03-28 09:05:23] [INFO] [/home/shanta/PycharmProjects/comserv2/Comserv/script/../lib/Comserv/Controller/Root.pm:948] default - Available controllers: 3d, Admin, Admin::Theme, BMaster, Base, CSC, Documentation, ENCY, File, Forager, Hosting, Log, MCoop, Mail, Project, Proxmox, ProxmoxServers, RemoteDB, RemoteDBExample, Root, Setup, Site, ThemeAdmin, ThemeAdmin::update_theme_with_variables, ThemeEditor, ThemeTest, Todo, USBM, User, Ve7tit, Voip, WorkShop
[2025-03-28 09:05:23] [INFO] [/home/shanta/PycharmProjects/comserv2/Comserv/script/../lib/Comserv/Controller/Root.pm:953] default - Requested path: /static/js/menu.js (not found)
[2025-03-28 20:49:07] [INFO] [/home/shanta/PycharmProjects/comserv2/Comserv/script/../lib/Comserv/Controller/Root.pm:933] default - 404 Not Found: /static/js/menu.js
[2025-03-28 20:49:07] [INFO] [/home/shanta/PycharmProjects/comserv2/Comserv/script/../lib/Comserv/Controller/Root.pm:935] default - Request method: GET
[2025-03-28 20:49:07] [INFO] [/home/shanta/PycharmProjects/comserv2/Comserv/script/../lib/Comserv/Controller/Root.pm:937] default - Controller: Comserv::Controller::Root
[2025-03-28 20:49:07] [INFO] [/home/shanta/PycharmProjects/comserv2/Comserv/script/../lib/Comserv/Controller/Root.pm:948] default - Available controllers: 3d, Admin, Admin::Theme, BMaster, Base, CSC, Documentation, ENCY, File, Forager, Hosting, Log, MCoop, Mail, Project, Proxmox, ProxmoxServers, RemoteDB, RemoteDBExample, Root, Setup, Site, ThemeAdmin, ThemeAdmin::update_theme_with_variables, ThemeEditor, ThemeTest, Todo, USBM, User, Ve7tit, Voip, WorkShop
[2025-03-28 20:49:07] [INFO] [/home/shanta/PycharmProjects/comserv2/Comserv/script/../lib/Comserv/Controller/Root.pm:953] default - Requested path: /static/js/menu.js (not found)
[2025-03-28 21:13:23] [INFO] [/home/shanta/PycharmProjects/comserv2/Comserv/script/../lib/Comserv/Controller/Root.pm:991] default - 404 Not Found: /static/js/menu.js
[2025-03-28 21:13:23] [INFO] [/home/shanta/PycharmProjects/comserv2/Comserv/script/../lib/Comserv/Controller/Root.pm:993] default - Request method: GET
[2025-03-28 21:13:23] [INFO] [/home/shanta/PycharmProjects/comserv2/Comserv/script/../lib/Comserv/Controller/Root.pm:995] default - Controller: Comserv::Controller::Root
[2025-03-28 21:13:23] [INFO] [/home/shanta/PycharmProjects/comserv2/Comserv/script/../lib/Comserv/Controller/Root.pm:1006] default - Available controllers: 3d, Admin, Admin::Theme, BMaster, Base, CSC, Documentation, ENCY, File, Forager, Hosting, Log, MCoop, Mail, Project, Proxmox, ProxmoxServers, RemoteDB, RemoteDBExample, Root, Setup, Site, ThemeAdmin, ThemeAdmin::update_theme_with_variables, ThemeEditor, ThemeTest, Todo, USBM, User, Ve7tit, Voip, WorkShop
[2025-03-28 21:13:23] [INFO] [/home/shanta/PycharmProjects/comserv2/Comserv/script/../lib/Comserv/Controller/Root.pm:1011] default - Requested path: /static/js/menu.js (not found)
[2025-03-28 21:14:50] [INFO] [/home/shanta/PycharmProjects/comserv2/Comserv/script/../lib/Comserv/Controller/Root.pm:991] default - 404 Not Found: /static/js/menu.js
[2025-03-28 21:14:50] [INFO] [/home/shanta/PycharmProjects/comserv2/Comserv/script/../lib/Comserv/Controller/Root.pm:993] default - Request method: GET
[2025-03-28 21:14:50] [INFO] [/home/shanta/PycharmProjects/comserv2/Comserv/script/../lib/Comserv/Controller/Root.pm:995] default - Controller: Comserv::Controller::Root
[2025-03-28 21:14:50] [INFO] [/home/shanta/PycharmProjects/comserv2/Comserv/script/../lib/Comserv/Controller/Root.pm:1006] default - Available controllers: 3d, Admin, Admin::Theme, BMaster, Base, CSC, Documentation, ENCY, File, Forager, Hosting, Log, MCoop, Mail, Project, Proxmox, ProxmoxServers, RemoteDB, RemoteDBExample, Root, Setup, Site, ThemeAdmin, ThemeAdmin::update_theme_with_variables, ThemeEditor, ThemeTest, Todo, USBM, User, Ve7tit, Voip, WorkShop
[2025-03-28 21:14:50] [INFO] [/home/shanta/PycharmProjects/comserv2/Comserv/script/../lib/Comserv/Controller/Root.pm:1011] default - Requested path: /static/js/menu.js (not found)
[2025-03-28 21:15:56] [INFO] [/home/shanta/PycharmProjects/comserv2/Comserv/script/../lib/Comserv/Controller/Root.pm:1014] default - 404 Not Found: /static/js/menu.js
[2025-03-28 21:15:56] [INFO] [/home/shanta/PycharmProjects/comserv2/Comserv/script/../lib/Comserv/Controller/Root.pm:1016] default - Request method: GET
[2025-03-28 21:15:56] [INFO] [/home/shanta/PycharmProjects/comserv2/Comserv/script/../lib/Comserv/Controller/Root.pm:1018] default - Controller: Comserv::Controller::Root
[2025-03-28 21:15:56] [INFO] [/home/shanta/PycharmProjects/comserv2/Comserv/script/../lib/Comserv/Controller/Root.pm:1029] default - Available controllers: 3d, Admin, Admin::Theme, BMaster, Base, CSC, Documentation, ENCY, File, Forager, Hosting, Log, MCoop, Mail, Project, Proxmox, ProxmoxServers, RemoteDB, RemoteDBExample, Root, Setup, Site, ThemeAdmin, ThemeAdmin::update_theme_with_variables, ThemeEditor, ThemeTest, Todo, USBM, User, Ve7tit, Voip, WorkShop
[2025-03-28 21:15:56] [INFO] [/home/shanta/PycharmProjects/comserv2/Comserv/script/../lib/Comserv/Controller/Root.pm:1034] default - Requested path: /static/js/menu.js (not found)
[2025-03-28 21:16:32] [INFO] [/home/shanta/PycharmProjects/comserv2/Comserv/script/../lib/Comserv/Controller/Root.pm:1014] default - 404 Not Found: /static/js/menu.js
[2025-03-28 21:16:32] [INFO] [/home/shanta/PycharmProjects/comserv2/Comserv/script/../lib/Comserv/Controller/Root.pm:1016] default - Request method: GET
[2025-03-28 21:16:32] [INFO] [/home/shanta/PycharmProjects/comserv2/Comserv/script/../lib/Comserv/Controller/Root.pm:1018] default - Controller: Comserv::Controller::Root
[2025-03-28 21:16:32] [INFO] [/home/shanta/PycharmProjects/comserv2/Comserv/script/../lib/Comserv/Controller/Root.pm:1029] default - Available controllers: 3d, Admin, Admin::Theme, BMaster, Base, CSC, Documentation, ENCY, File, Forager, Hosting, Log, MCoop, Mail, Project, Proxmox, ProxmoxServers, RemoteDB, RemoteDBExample, Root, Setup, Site, ThemeAdmin, ThemeAdmin::update_theme_with_variables, ThemeEditor, ThemeTest, Todo, USBM, User, Ve7tit, Voip, WorkShop
[2025-03-28 21:16:32] [INFO] [/home/shanta/PycharmProjects/comserv2/Comserv/script/../lib/Comserv/Controller/Root.pm:1034] default - Requested path: /static/js/menu.js (not found)
[2025-03-28 21:16:50] [INFO] [/home/shanta/PycharmProjects/comserv2/Comserv/script/../lib/Comserv/Controller/Root.pm:1014] default - 404 Not Found: /static/js/menu.js
[2025-03-28 21:16:50] [INFO] [/home/shanta/PycharmProjects/comserv2/Comserv/script/../lib/Comserv/Controller/Root.pm:1016] default - Request method: GET
[2025-03-28 21:16:50] [INFO] [/home/shanta/PycharmProjects/comserv2/Comserv/script/../lib/Comserv/Controller/Root.pm:1018] default - Controller: Comserv::Controller::Root
[2025-03-28 21:16:50] [INFO] [/home/shanta/PycharmProjects/comserv2/Comserv/script/../lib/Comserv/Controller/Root.pm:1029] default - Available controllers: 3d, Admin, Admin::Theme, BMaster, Base, CSC, Documentation, ENCY, File, Forager, Hosting, Log, MCoop, Mail, Project, Proxmox, ProxmoxServers, RemoteDB, RemoteDBExample, Root, Setup, Site, ThemeAdmin, ThemeAdmin::update_theme_with_variables, ThemeEditor, ThemeTest, Todo, USBM, User, Ve7tit, Voip, WorkShop
[2025-03-28 21:16:50] [INFO] [/home/shanta/PycharmProjects/comserv2/Comserv/script/../lib/Comserv/Controller/Root.pm:1034] default - Requested path: /static/js/menu.js (not found)
